#! /c/Source/iverilog-install/bin/vvp
:ivl_version "12.0 (devel)" "(s20150603-1539-g2693dd32b)";
:ivl_delay_selection "TYPICAL";
:vpi_time_precision + 0;
:vpi_module "F:\iverilog\lib\ivl\system.vpi";
:vpi_module "F:\iverilog\lib\ivl\vhdl_sys.vpi";
:vpi_module "F:\iverilog\lib\ivl\vhdl_textio.vpi";
:vpi_module "F:\iverilog\lib\ivl\v2005_math.vpi";
:vpi_module "F:\iverilog\lib\ivl\va_math.vpi";
S_000001151ab16910 .scope module, "pc" "pc" 2 1;
 .timescale 0 0;
    .port_info 0 /INPUT 1 "RESET";
    .port_info 1 /INPUT 1 "CLK";
    .port_info 2 /OUTPUT 32 "PC";
o000001151ab17098 .functor BUFZ 1, C4<z>; HiZ drive
v000001151ab12830_0 .net "CLK", 0 0, o000001151ab17098;  0 drivers
v000001151ab128d0_0 .var "PC", 31 0;
v000001151ab12970_0 .var "PC_NEXT", 31 0;
o000001151ab170f8 .functor BUFZ 1, C4<z>; HiZ drive
v000001151ab12a10_0 .net "RESET", 0 0, o000001151ab170f8;  0 drivers
v000001151ab12ab0_0 .net "adder_out", 31 0, L_000001151ab12b50;  1 drivers
E_000001151aacc6f0 .event posedge, v000001151ab12830_0;
E_000001151aaccdf0 .event anyedge, v000001151ab12830_0;
S_000001151ab16aa0 .scope module, "pc_adder" "pc_add" 2 9, 2 32 0, S_000001151ab16910;
 .timescale 0 0;
    .port_info 0 /INPUT 32 "PC";
    .port_info 1 /OUTPUT 32 "adder_out";
v000001151ab16c30_0 .net "PC", 31 0, v000001151ab128d0_0;  1 drivers
L_000001151ab58018 .functor BUFT 1, C4<00000000000000000000000000000001>, C4<0>, C4<0>, C4<0>;
v000001151aae30e0_0 .net/2u *"_ivl_0", 31 0, L_000001151ab58018;  1 drivers
v000001151ab16cd0_0 .net "adder_out", 31 0, L_000001151ab12b50;  alias, 1 drivers
L_000001151ab12b50 .delay 32 (1,1,1) L_000001151ab12b50/d;
L_000001151ab12b50/d .arith/sum 32, v000001151ab128d0_0, L_000001151ab58018;
    .scope S_000001151ab16910;
T_0 ;
    %wait E_000001151aaccdf0;
    %load/vec4 v000001151ab12ab0_0;
    %cmpi/e 4294967295, 4294967295, 32;
    %jmp/0xz  T_0.0, 4;
    %pushi/vec4 0, 0, 32;
    %store/vec4 v000001151ab12970_0, 0, 32;
    %jmp T_0.1;
T_0.0 ;
    %load/vec4 v000001151ab12ab0_0;
    %store/vec4 v000001151ab12970_0, 0, 32;
T_0.1 ;
    %jmp T_0;
    .thread T_0, $push;
    .scope S_000001151ab16910;
T_1 ;
    %wait E_000001151aacc6f0;
    %delay 1, 0;
    %load/vec4 v000001151ab12970_0;
    %store/vec4 v000001151ab128d0_0, 0, 32;
    %jmp T_1;
    .thread T_1;
# The file index is used to find the file name in the following table.
:file_names 3;
    "N/A";
    "<interactive>";
    "pc.v";
