#! /c/Source/iverilog-install/bin/vvp
:ivl_version "12.0 (devel)" "(s20150603-1539-g2693dd32b)";
:ivl_delay_selection "TYPICAL";
:vpi_time_precision + 0;
:vpi_module "F:\iverilog\lib\ivl\system.vpi";
:vpi_module "F:\iverilog\lib\ivl\vhdl_sys.vpi";
:vpi_module "F:\iverilog\lib\ivl\vhdl_textio.vpi";
:vpi_module "F:\iverilog\lib\ivl\v2005_math.vpi";
:vpi_module "F:\iverilog\lib\ivl\va_math.vpi";
S_000002e7a85ec800 .scope module, "cpu_tb" "cpu_tb" 2 10;
 .timescale 0 0;
v000002e7a86939b0_0 .var "CLK", 0 0;
v000002e7a8693e10_0 .var "INSTRUCTION", 31 0;
v000002e7a86934b0_0 .net "PC", 31 0, v000002e7a868d760_0;  1 drivers
v000002e7a8693550_0 .var "RESET", 0 0;
v000002e7a8692dd0 .array "instr_mem", 0 1023, 7 0;
E_000002e7a86188f0 .event anyedge, v000002e7a868de40_0;
S_000002e7a85ec990 .scope module, "mycpu" "cpu" 2 53, 3 21 0, S_000002e7a85ec800;
 .timescale 0 0;
    .port_info 0 /OUTPUT 32 "PC";
    .port_info 1 /INPUT 32 "INSTRUCTION";
    .port_info 2 /INPUT 1 "CLK";
    .port_info 3 /INPUT 1 "RESET";
L_000002e7a8626100 .functor OR 1, v000002e7a868a740_0, v000002e7a868da80_0, C4<0>, C4<0>;
v000002e7a8692790_0 .net "ALUIN1", 7 0, v000002e7a868db20_0;  1 drivers
v000002e7a8693c30_0 .net "ALUOP", 2 0, v000002e7a868aec0_0;  1 drivers
v000002e7a8693190_0 .net "ALUOUT", 7 0, v000002e7a868af60_0;  1 drivers
v000002e7a86932d0_0 .net "ALURESULT", 7 0, v000002e7a868d940_0;  1 drivers
v000002e7a8692b50_0 .net "BRANCH", 1 0, v000002e7a868ae20_0;  1 drivers
v000002e7a8692830_0 .net "CLK", 0 0, v000002e7a86939b0_0;  1 drivers
v000002e7a8692470_0 .net "COMPOUT", 7 0, L_000002e7a86923d0;  1 drivers
v000002e7a8693f50_0 .net "IMMEDIATE", 7 0, L_000002e7a86926f0;  1 drivers
v000002e7a8693870_0 .net "INSTRUCTION", 31 0, v000002e7a8693e10_0;  1 drivers
v000002e7a86925b0_0 .net "JUMP", 0 0, v000002e7a868a740_0;  1 drivers
v000002e7a8692ab0_0 .net "MUXOUT1", 7 0, v000002e7a868ea20_0;  1 drivers
v000002e7a8692650_0 .net "MUXOUT2", 7 0, v000002e7a868e2a0_0;  1 drivers
v000002e7a8692150_0 .net "MUXSELECT1", 0 0, v000002e7a868b640_0;  1 drivers
v000002e7a8693410_0 .net "MUXSELECT2", 0 0, v000002e7a868a600_0;  1 drivers
v000002e7a8692510_0 .net "OPCODE", 7 0, L_000002e7a86935f0;  1 drivers
v000002e7a8692a10_0 .net "PC", 31 0, v000002e7a868d760_0;  alias, 1 drivers
v000002e7a8693230_0 .net "PCSELECT", 0 0, L_000002e7a8626100;  1 drivers
v000002e7a8693910_0 .net "PC_4", 31 0, L_000002e7a8693af0;  1 drivers
v000002e7a8692bf0_0 .net "PC_NEXT", 31 0, v000002e7a868e0c0_0;  1 drivers
v000002e7a8692f10_0 .net "PC_TARGET", 31 0, L_000002e7a86ecf40;  1 drivers
v000002e7a8692d30_0 .net "REGOUT1", 7 0, L_000002e7a8626480;  1 drivers
v000002e7a8693d70_0 .net "REGOUT2", 7 0, L_000002e7a8626950;  1 drivers
v000002e7a86930f0_0 .net "RESET", 0 0, v000002e7a8693550_0;  1 drivers
v000002e7a8693370_0 .net "SHIFT", 0 0, v000002e7a868bd20_0;  1 drivers
v000002e7a8693b90_0 .net "WIRE1", 0 0, v000002e7a868da80_0;  1 drivers
v000002e7a8693cd0_0 .net "WRITEENABLE", 0 0, v000002e7a868be60_0;  1 drivers
v000002e7a86921f0_0 .net "ZERO", 0 0, L_000002e7a86edbc0;  1 drivers
L_000002e7a86926f0 .part v000002e7a8693e10_0, 0, 8;
L_000002e7a86935f0 .part v000002e7a8693e10_0, 24, 8;
L_000002e7a8693730 .part v000002e7a8693e10_0, 16, 3;
L_000002e7a8692330 .part v000002e7a8693e10_0, 8, 3;
L_000002e7a86937d0 .part v000002e7a8693e10_0, 0, 3;
L_000002e7a86edda0 .part v000002e7a8693e10_0, 16, 8;
S_000002e7a85cbbf0 .scope module, "Alu" "alu" 3 59, 4 34 0, S_000002e7a85ec990;
 .timescale 0 0;
    .port_info 0 /INPUT 8 "DATA1";
    .port_info 1 /INPUT 8 "DATA2";
    .port_info 2 /OUTPUT 8 "RESULT";
    .port_info 3 /INPUT 3 "SELECT";
    .port_info 4 /OUTPUT 1 "ZERO";
v000002e7a868a920_0 .net "DATA1", 7 0, v000002e7a868db20_0;  alias, 1 drivers
v000002e7a868b460_0 .net "DATA2", 7 0, v000002e7a868e2a0_0;  alias, 1 drivers
v000002e7a868b0a0_0 .net "RESULT", 7 0, v000002e7a868af60_0;  alias, 1 drivers
v000002e7a868a2e0_0 .net "SELECT", 0 2, v000002e7a868aec0_0;  alias, 1 drivers
v000002e7a868bbe0_0 .net "ZERO", 0 0, L_000002e7a86edbc0;  alias, 1 drivers
v000002e7a868b500_0 .net "add_result", 7 0, L_000002e7a86ed300;  1 drivers
v000002e7a868b140_0 .net "and_result", 7 0, L_000002e7a86264f0;  1 drivers
v000002e7a868a380_0 .net "forward_result", 7 0, L_000002e7a8626a30;  1 drivers
v000002e7a868b1e0_0 .net "mult_result", 7 0, L_000002e7a86ec7c0;  1 drivers
v000002e7a868ad80_0 .net "or_result", 7 0, L_000002e7a8626aa0;  1 drivers
v000002e7a868b5a0_0 .net "ror_result", 7 0, v000002e7a868aba0_0;  1 drivers
v000002e7a868a560_0 .net "sl_result", 7 0, v000002e7a868baa0_0;  1 drivers
v000002e7a868a420_0 .net "sra_result", 7 0, v000002e7a868bf00_0;  1 drivers
S_000002e7a85cbd80 .scope module, "alu_add" "ALU_ADD" 4 57, 4 111 0, S_000002e7a85cbbf0;
 .timescale 0 0;
    .port_info 0 /INPUT 8 "DATA1";
    .port_info 1 /INPUT 8 "DATA2";
    .port_info 2 /OUTPUT 8 "RESULT";
v000002e7a8628fe0_0 .net "DATA1", 7 0, v000002e7a868db20_0;  alias, 1 drivers
v000002e7a8629080_0 .net "DATA2", 7 0, v000002e7a868e2a0_0;  alias, 1 drivers
v000002e7a862a700_0 .net "RESULT", 7 0, L_000002e7a86ed300;  alias, 1 drivers
L_000002e7a86ed300 .delay 8 (2,2,2) L_000002e7a86ed300/d;
L_000002e7a86ed300/d .arith/sum 8, v000002e7a868db20_0, v000002e7a868e2a0_0;
S_000002e7a85d60d0 .scope module, "alu_and" "ALU_AND" 4 58, 4 146 0, S_000002e7a85cbbf0;
 .timescale 0 0;
    .port_info 0 /INPUT 8 "DATA1";
    .port_info 1 /INPUT 8 "DATA2";
    .port_info 2 /OUTPUT 8 "RESULT";
L_000002e7a86264f0/d .functor AND 8, v000002e7a868db20_0, v000002e7a868e2a0_0, C4<11111111>, C4<11111111>;
L_000002e7a86264f0 .delay 8 (1,1,1) L_000002e7a86264f0/d;
v000002e7a8628cc0_0 .net "DATA1", 7 0, v000002e7a868db20_0;  alias, 1 drivers
v000002e7a8629940_0 .net "DATA2", 7 0, v000002e7a868e2a0_0;  alias, 1 drivers
v000002e7a8629e40_0 .net "RESULT", 7 0, L_000002e7a86264f0;  alias, 1 drivers
S_000002e7a85d6260 .scope module, "alu_forward" "ALU_FORWARD" 4 56, 4 94 0, S_000002e7a85cbbf0;
 .timescale 0 0;
    .port_info 0 /INPUT 8 "DATA2";
    .port_info 1 /OUTPUT 8 "RESULT";
L_000002e7a8626a30/d .functor BUFZ 8, v000002e7a868e2a0_0, C4<00000000>, C4<00000000>, C4<00000000>;
L_000002e7a8626a30 .delay 8 (1,1,1) L_000002e7a8626a30/d;
v000002e7a862a7a0_0 .net "DATA2", 7 0, v000002e7a868e2a0_0;  alias, 1 drivers
v000002e7a8629ee0_0 .net "RESULT", 7 0, L_000002e7a8626a30;  alias, 1 drivers
S_000002e7a85d57f0 .scope module, "alu_mult" "ALU_MULT" 4 60, 4 128 0, S_000002e7a85cbbf0;
 .timescale 0 0;
    .port_info 0 /INPUT 8 "DATA1";
    .port_info 1 /INPUT 8 "DATA2";
    .port_info 2 /OUTPUT 8 "RESULT";
v000002e7a862a020_0 .net "DATA1", 7 0, v000002e7a868db20_0;  alias, 1 drivers
v000002e7a862a8e0_0 .net "DATA2", 7 0, v000002e7a868e2a0_0;  alias, 1 drivers
v000002e7a862a3e0_0 .net "RESULT", 7 0, L_000002e7a86ec7c0;  alias, 1 drivers
L_000002e7a86ec7c0 .delay 8 (2,2,2) L_000002e7a86ec7c0/d;
L_000002e7a86ec7c0/d .arith/mult 8, v000002e7a868db20_0, v000002e7a868e2a0_0;
S_000002e7a85d5980 .scope module, "alu_or" "ALU_OR" 4 59, 4 164 0, S_000002e7a85cbbf0;
 .timescale 0 0;
    .port_info 0 /INPUT 8 "DATA1";
    .port_info 1 /INPUT 8 "DATA2";
    .port_info 2 /OUTPUT 8 "RESULT";
L_000002e7a8626aa0/d .functor OR 8, v000002e7a868db20_0, v000002e7a868e2a0_0, C4<00000000>, C4<00000000>;
L_000002e7a8626aa0 .delay 8 (1,1,1) L_000002e7a8626aa0/d;
v000002e7a8629440_0 .net "DATA1", 7 0, v000002e7a868db20_0;  alias, 1 drivers
v000002e7a862a980_0 .net "DATA2", 7 0, v000002e7a868e2a0_0;  alias, 1 drivers
v000002e7a862ab60_0 .net "RESULT", 7 0, L_000002e7a8626aa0;  alias, 1 drivers
S_000002e7a85ecd30 .scope module, "alu_ror" "ALU_ROR" 4 63, 4 235 0, S_000002e7a85cbbf0;
 .timescale 0 0;
    .port_info 0 /INPUT 8 "DATA1";
    .port_info 1 /INPUT 8 "DATA2";
    .port_info 2 /OUTPUT 8 "RESULT";
v000002e7a862aa20_0 .net "DATA1", 7 0, v000002e7a868db20_0;  alias, 1 drivers
v000002e7a8628ea0_0 .net "DATA2", 7 0, v000002e7a868e2a0_0;  alias, 1 drivers
v000002e7a868aba0_0 .var "RESULT", 7 0;
E_000002e7a8618530 .event anyedge, v000002e7a8629080_0, v000002e7a8628fe0_0;
S_000002e7a85ecec0 .scope begin, "$ivl_for_loop2" "$ivl_for_loop2" 4 249, 4 249 0, S_000002e7a85ecd30;
 .timescale 0 0;
v000002e7a8628d60_0 .var/i "i", 31 0;
S_000002e7a8582d60 .scope module, "alu_sl" "ALU_SL" 4 62, 4 207 0, S_000002e7a85cbbf0;
 .timescale 0 0;
    .port_info 0 /INPUT 8 "DATA1";
    .port_info 1 /INPUT 8 "DATA2";
    .port_info 2 /OUTPUT 8 "RESULT";
v000002e7a868a1a0_0 .net "DATA1", 7 0, v000002e7a868db20_0;  alias, 1 drivers
v000002e7a868b780_0 .net "DATA2", 7 0, v000002e7a868e2a0_0;  alias, 1 drivers
v000002e7a868baa0_0 .var "RESULT", 7 0;
S_000002e7a8582ef0 .scope begin, "$ivl_for_loop1" "$ivl_for_loop1" 4 222, 4 222 0, S_000002e7a8582d60;
 .timescale 0 0;
v000002e7a868b6e0_0 .var/i "i", 31 0;
S_000002e7a85b6e50 .scope module, "alu_sra" "ALU_SRA" 4 61, 4 181 0, S_000002e7a85cbbf0;
 .timescale 0 0;
    .port_info 0 /INPUT 8 "DATA1";
    .port_info 1 /INPUT 8 "DATA2";
    .port_info 2 /OUTPUT 8 "RESULT";
v000002e7a868b820_0 .net "DATA1", 7 0, v000002e7a868db20_0;  alias, 1 drivers
v000002e7a868a4c0_0 .net "DATA2", 7 0, v000002e7a868e2a0_0;  alias, 1 drivers
v000002e7a868bf00_0 .var "RESULT", 7 0;
S_000002e7a85b6fe0 .scope begin, "$ivl_for_loop0" "$ivl_for_loop0" 4 195, 4 195 0, S_000002e7a85b6e50;
 .timescale 0 0;
v000002e7a868ac40_0 .var/i "i", 31 0;
S_000002e7a85c7b90 .scope module, "mux" "MUX" 4 72, 4 263 0, S_000002e7a85cbbf0;
 .timescale 0 0;
    .port_info 0 /INPUT 8 "forward_result";
    .port_info 1 /INPUT 8 "add_result";
    .port_info 2 /INPUT 8 "and_result";
    .port_info 3 /INPUT 8 "or_result";
    .port_info 4 /INPUT 8 "mult_result";
    .port_info 5 /INPUT 8 "sra_result";
    .port_info 6 /INPUT 8 "sl_result";
    .port_info 7 /INPUT 8 "ror_result";
    .port_info 8 /OUTPUT 8 "RESULT";
    .port_info 9 /INPUT 3 "SELECT";
v000002e7a868af60_0 .var "RESULT", 7 0;
v000002e7a868bb40_0 .net "SELECT", 2 0, v000002e7a868aec0_0;  alias, 1 drivers
v000002e7a868a240_0 .net "add_result", 7 0, L_000002e7a86ed300;  alias, 1 drivers
v000002e7a868aa60_0 .net "and_result", 7 0, L_000002e7a86264f0;  alias, 1 drivers
v000002e7a868b960_0 .net "forward_result", 7 0, L_000002e7a8626a30;  alias, 1 drivers
v000002e7a868a060_0 .net "mult_result", 7 0, L_000002e7a86ec7c0;  alias, 1 drivers
v000002e7a868b3c0_0 .net "or_result", 7 0, L_000002e7a8626aa0;  alias, 1 drivers
v000002e7a868a880_0 .net "ror_result", 7 0, v000002e7a868aba0_0;  alias, 1 drivers
v000002e7a868a6a0_0 .net "sl_result", 7 0, v000002e7a868baa0_0;  alias, 1 drivers
v000002e7a868b280_0 .net "sra_result", 7 0, v000002e7a868bf00_0;  alias, 1 drivers
E_000002e7a8618370/0 .event anyedge, v000002e7a868bb40_0, v000002e7a868aba0_0, v000002e7a868baa0_0, v000002e7a868bf00_0;
E_000002e7a8618370/1 .event anyedge, v000002e7a862a3e0_0, v000002e7a862ab60_0, v000002e7a8629e40_0, v000002e7a862a700_0;
E_000002e7a8618370/2 .event anyedge, v000002e7a8629ee0_0;
E_000002e7a8618370 .event/or E_000002e7a8618370/0, E_000002e7a8618370/1, E_000002e7a8618370/2;
S_000002e7a85c7d20 .scope module, "zero_signal" "ZERO_SIGNAL" 4 66, 4 77 0, S_000002e7a85cbbf0;
 .timescale 0 0;
    .port_info 0 /INPUT 8 "add_result";
    .port_info 1 /OUTPUT 1 "ZERO";
v000002e7a868ba00_0 .net "ZERO", 0 0, L_000002e7a86edbc0;  alias, 1 drivers
v000002e7a868ab00_0 .net *"_ivl_0", 31 0, L_000002e7a86eccc0;  1 drivers
L_000002e7a86942b8 .functor BUFT 1, C4<0>, C4<0>, C4<0>, C4<0>;
v000002e7a868b8c0_0 .net/2u *"_ivl_10", 0 0, L_000002e7a86942b8;  1 drivers
L_000002e7a86941e0 .functor BUFT 1, C4<000000000000000000000000>, C4<0>, C4<0>, C4<0>;
v000002e7a868ace0_0 .net *"_ivl_3", 23 0, L_000002e7a86941e0;  1 drivers
L_000002e7a8694228 .functor BUFT 1, C4<00000000000000000000000000000000>, C4<0>, C4<0>, C4<0>;
v000002e7a868bdc0_0 .net/2u *"_ivl_4", 31 0, L_000002e7a8694228;  1 drivers
v000002e7a868b320_0 .net *"_ivl_6", 0 0, L_000002e7a86ed940;  1 drivers
L_000002e7a8694270 .functor BUFT 1, C4<1>, C4<0>, C4<0>, C4<0>;
v000002e7a868b000_0 .net/2u *"_ivl_8", 0 0, L_000002e7a8694270;  1 drivers
v000002e7a868a9c0_0 .net "add_result", 7 0, L_000002e7a86ed300;  alias, 1 drivers
L_000002e7a86eccc0 .concat [ 8 24 0 0], L_000002e7a86ed300, L_000002e7a86941e0;
L_000002e7a86ed940 .cmp/eq 32, L_000002e7a86eccc0, L_000002e7a8694228;
L_000002e7a86edbc0 .functor MUXZ 1, L_000002e7a86942b8, L_000002e7a8694270, L_000002e7a86ed940, C4<>;
S_000002e7a85bd680 .scope module, "Control_Unit" "control_unit" 3 42, 5 7 0, S_000002e7a85ec990;
 .timescale 0 0;
    .port_info 0 /INPUT 8 "OPCODE";
    .port_info 1 /OUTPUT 1 "WRITEENABLE";
    .port_info 2 /OUTPUT 1 "COMP_SELECT";
    .port_info 3 /OUTPUT 1 "IMMEDIATE_SELECT";
    .port_info 4 /OUTPUT 1 "JUMP";
    .port_info 5 /OUTPUT 2 "BRANCH";
    .port_info 6 /OUTPUT 3 "ALUOP";
    .port_info 7 /OUTPUT 1 "SHIFT";
v000002e7a868aec0_0 .var "ALUOP", 2 0;
v000002e7a868ae20_0 .var "BRANCH", 1 0;
v000002e7a868b640_0 .var "COMP_SELECT", 0 0;
v000002e7a868a600_0 .var "IMMEDIATE_SELECT", 0 0;
v000002e7a868a740_0 .var "JUMP", 0 0;
v000002e7a868bc80_0 .net "OPCODE", 7 0, L_000002e7a86935f0;  alias, 1 drivers
v000002e7a868bd20_0 .var "SHIFT", 0 0;
v000002e7a868be60_0 .var "WRITEENABLE", 0 0;
E_000002e7a8618af0 .event anyedge, v000002e7a868bc80_0;
S_000002e7a868cb60 .scope module, "Mux1" "mux_8" 3 50, 6 49 0, S_000002e7a85ec990;
 .timescale 0 0;
    .port_info 0 /INPUT 8 "DATA1";
    .port_info 1 /INPUT 8 "DATA2";
    .port_info 2 /INPUT 1 "SELECT";
    .port_info 3 /OUTPUT 8 "OUTPUT";
v000002e7a868a100_0 .net "DATA1", 7 0, L_000002e7a8626950;  alias, 1 drivers
v000002e7a868a7e0_0 .net "DATA2", 7 0, L_000002e7a86923d0;  alias, 1 drivers
v000002e7a868ea20_0 .var "OUTPUT", 7 0;
v000002e7a868ed40_0 .net "SELECT", 0 0, v000002e7a868b640_0;  alias, 1 drivers
E_000002e7a86182f0 .event anyedge, v000002e7a868b640_0, v000002e7a868a7e0_0, v000002e7a868a100_0;
S_000002e7a868ccf0 .scope module, "Mux2" "mux_8" 3 52, 6 49 0, S_000002e7a85ec990;
 .timescale 0 0;
    .port_info 0 /INPUT 8 "DATA1";
    .port_info 1 /INPUT 8 "DATA2";
    .port_info 2 /INPUT 1 "SELECT";
    .port_info 3 /OUTPUT 8 "OUTPUT";
v000002e7a868d1c0_0 .net "DATA1", 7 0, v000002e7a868ea20_0;  alias, 1 drivers
v000002e7a868d9e0_0 .net "DATA2", 7 0, L_000002e7a86926f0;  alias, 1 drivers
v000002e7a868e2a0_0 .var "OUTPUT", 7 0;
v000002e7a868ec00_0 .net "SELECT", 0 0, v000002e7a868a600_0;  alias, 1 drivers
E_000002e7a8617f70 .event anyedge, v000002e7a868a600_0, v000002e7a868d9e0_0, v000002e7a868ea20_0;
S_000002e7a868c6b0 .scope module, "Mux3" "mux_32" 3 70, 6 67 0, S_000002e7a85ec990;
 .timescale 0 0;
    .port_info 0 /INPUT 32 "DATA1";
    .port_info 1 /INPUT 32 "DATA2";
    .port_info 2 /INPUT 1 "SELECT";
    .port_info 3 /OUTPUT 32 "OUTPUT";
v000002e7a868d4e0_0 .net "DATA1", 31 0, L_000002e7a8693af0;  alias, 1 drivers
v000002e7a868e520_0 .net "DATA2", 31 0, L_000002e7a86ecf40;  alias, 1 drivers
v000002e7a868e0c0_0 .var "OUTPUT", 31 0;
v000002e7a868dda0_0 .net "SELECT", 0 0, L_000002e7a8626100;  alias, 1 drivers
E_000002e7a8618030 .event anyedge, v000002e7a868dda0_0, v000002e7a868e520_0, v000002e7a868d4e0_0;
S_000002e7a868c390 .scope module, "MuxBranch" "mux_branch" 3 65, 6 22 0, S_000002e7a85ec990;
 .timescale 0 0;
    .port_info 0 /INPUT 1 "DATA1";
    .port_info 1 /INPUT 2 "SELECT";
    .port_info 2 /OUTPUT 1 "OUTPUT";
v000002e7a868d6c0_0 .net "DATA1", 0 0, L_000002e7a86edbc0;  alias, 1 drivers
v000002e7a868da80_0 .var "OUTPUT", 0 0;
v000002e7a868d120_0 .net "SELECT", 1 0, v000002e7a868ae20_0;  alias, 1 drivers
E_000002e7a86180f0 .event anyedge, v000002e7a868ae20_0, v000002e7a868ba00_0;
S_000002e7a868c520 .scope module, "Mux_Revers1" "mux_revers" 3 57, 6 99 0, S_000002e7a85ec990;
 .timescale 0 0;
    .port_info 0 /INPUT 8 "DATA";
    .port_info 1 /OUTPUT 8 "OUTPUT";
    .port_info 2 /INPUT 1 "SELECT";
v000002e7a868d580_0 .net "DATA", 7 0, L_000002e7a8626480;  alias, 1 drivers
v000002e7a868db20_0 .var "OUTPUT", 7 0;
v000002e7a868e5c0_0 .net "SELECT", 0 0, v000002e7a868bd20_0;  alias, 1 drivers
E_000002e7a8619530 .event anyedge, v000002e7a868bd20_0, v000002e7a868d580_0;
S_000002e7a868c840 .scope begin, "$ivl_for_loop4" "$ivl_for_loop4" 6 110, 6 110 0, S_000002e7a868c520;
 .timescale 0 0;
v000002e7a868ef20_0 .var/i "i", 31 0;
S_000002e7a868ce80 .scope module, "Mux_Revers2" "mux_revers" 3 61, 6 99 0, S_000002e7a85ec990;
 .timescale 0 0;
    .port_info 0 /INPUT 8 "DATA";
    .port_info 1 /OUTPUT 8 "OUTPUT";
    .port_info 2 /INPUT 1 "SELECT";
v000002e7a868dc60_0 .net "DATA", 7 0, v000002e7a868af60_0;  alias, 1 drivers
v000002e7a868d940_0 .var "OUTPUT", 7 0;
v000002e7a868e340_0 .net "SELECT", 0 0, v000002e7a868bd20_0;  alias, 1 drivers
E_000002e7a8619030 .event anyedge, v000002e7a868bd20_0, v000002e7a868af60_0;
S_000002e7a868c070 .scope begin, "$ivl_for_loop4" "$ivl_for_loop4" 6 110, 6 110 0, S_000002e7a868ce80;
 .timescale 0 0;
v000002e7a868d620_0 .var/i "i", 31 0;
S_000002e7a868c9d0 .scope module, "Pc" "pc" 3 41, 7 5 0, S_000002e7a85ec990;
 .timescale 0 0;
    .port_info 0 /INPUT 32 "PC_TO";
    .port_info 1 /INPUT 1 "RESET";
    .port_info 2 /INPUT 1 "CLK";
    .port_info 3 /OUTPUT 32 "PC";
    .port_info 4 /OUTPUT 32 "PC_NEXT";
v000002e7a868e660_0 .net "CLK", 0 0, v000002e7a86939b0_0;  alias, 1 drivers
v000002e7a868d760_0 .var "PC", 31 0;
v000002e7a868d260_0 .net "PC_NEXT", 31 0, L_000002e7a8693af0;  alias, 1 drivers
v000002e7a868eb60_0 .net "PC_TO", 31 0, v000002e7a868e0c0_0;  alias, 1 drivers
v000002e7a868d800_0 .net "RESET", 0 0, v000002e7a8693550_0;  alias, 1 drivers
E_000002e7a8619170 .event posedge, v000002e7a868e660_0;
S_000002e7a868c200 .scope module, "pc_adder" "pc_add" 7 16, 7 33 0, S_000002e7a868c9d0;
 .timescale 0 0;
    .port_info 0 /INPUT 32 "PC";
    .port_info 1 /OUTPUT 32 "adder_out";
v000002e7a868de40_0 .net "PC", 31 0, v000002e7a868d760_0;  alias, 1 drivers
L_000002e7a8694078 .functor BUFT 1, C4<00000000000000000000000000000100>, C4<0>, C4<0>, C4<0>;
v000002e7a868eac0_0 .net/2u *"_ivl_0", 31 0, L_000002e7a8694078;  1 drivers
v000002e7a868dee0_0 .net "adder_out", 31 0, L_000002e7a8693af0;  alias, 1 drivers
L_000002e7a8693af0 .delay 32 (1,1,1) L_000002e7a8693af0/d;
L_000002e7a8693af0/d .arith/sum 32, v000002e7a868d760_0, L_000002e7a8694078;
S_000002e7a8690eb0 .scope module, "Pc_Adder" "pc_adder" 3 47, 6 85 0, S_000002e7a85ec990;
 .timescale 0 0;
    .port_info 0 /INPUT 32 "DATA1";
    .port_info 1 /INPUT 8 "DATA2";
    .port_info 2 /OUTPUT 32 "RESULT";
v000002e7a868e3e0_0 .net/s "DATA1", 31 0, L_000002e7a8693af0;  alias, 1 drivers
v000002e7a868e980_0 .net/s "DATA2", 7 0, L_000002e7a86edda0;  1 drivers
v000002e7a868e160_0 .net "RESULT", 31 0, L_000002e7a86ecf40;  alias, 1 drivers
v000002e7a868e7a0_0 .net/s *"_ivl_0", 31 0, L_000002e7a86ec4a0;  1 drivers
L_000002e7a8694198 .functor BUFT 1, C4<00000000000000000000000000000100>, C4<0>, C4<0>, C4<0>;
v000002e7a868e200_0 .net/2s *"_ivl_2", 31 0, L_000002e7a8694198;  1 drivers
v000002e7a868df80_0 .net/s *"_ivl_5", 31 0, L_000002e7a86ec0e0;  1 drivers
L_000002e7a86ec4a0 .extend/s 32, L_000002e7a86edda0;
L_000002e7a86ec0e0 .arith/mult 32, L_000002e7a86ec4a0, L_000002e7a8694198;
L_000002e7a86ecf40 .delay 32 (2,2,2) L_000002e7a86ecf40/d;
L_000002e7a86ecf40/d .arith/sum 32, L_000002e7a8693af0, L_000002e7a86ec0e0;
S_000002e7a8690a00 .scope module, "Reg_File" "reg_file" 3 43, 8 23 0, S_000002e7a85ec990;
 .timescale 0 0;
    .port_info 0 /INPUT 8 "IN";
    .port_info 1 /OUTPUT 8 "OUT1";
    .port_info 2 /OUTPUT 8 "OUT2";
    .port_info 3 /INPUT 3 "INADDRESS";
    .port_info 4 /INPUT 3 "OUT1ADDRESS";
    .port_info 5 /INPUT 3 "OUT2ADDRESS";
    .port_info 6 /INPUT 1 "WRITE";
    .port_info 7 /INPUT 1 "CLK";
    .port_info 8 /INPUT 1 "RESET";
L_000002e7a8626480/d .functor BUFZ 8, L_000002e7a8692e70, C4<00000000>, C4<00000000>, C4<00000000>;
L_000002e7a8626480 .delay 8 (2,2,2) L_000002e7a8626480/d;
L_000002e7a8626950/d .functor BUFZ 8, L_000002e7a8693690, C4<00000000>, C4<00000000>, C4<00000000>;
L_000002e7a8626950 .delay 8 (2,2,2) L_000002e7a8626950/d;
v000002e7a868e840_0 .net "CLK", 0 0, v000002e7a86939b0_0;  alias, 1 drivers
v000002e7a868e020_0 .net "IN", 7 0, v000002e7a868d940_0;  alias, 1 drivers
v000002e7a868d300_0 .net "INADDRESS", 2 0, L_000002e7a8693730;  1 drivers
v000002e7a868d3a0_0 .net "OUT1", 7 0, L_000002e7a8626480;  alias, 1 drivers
v000002e7a868dbc0_0 .net "OUT1ADDRESS", 2 0, L_000002e7a8692330;  1 drivers
v000002e7a868dd00_0 .net "OUT2", 7 0, L_000002e7a8626950;  alias, 1 drivers
v000002e7a868e700_0 .net "OUT2ADDRESS", 2 0, L_000002e7a86937d0;  1 drivers
v000002e7a868d8a0_0 .net "RESET", 0 0, v000002e7a8693550_0;  alias, 1 drivers
v000002e7a868e8e0_0 .net "WRITE", 0 0, v000002e7a868be60_0;  alias, 1 drivers
v000002e7a868ede0_0 .net *"_ivl_0", 7 0, L_000002e7a8692e70;  1 drivers
v000002e7a868ee80_0 .net *"_ivl_10", 4 0, L_000002e7a8692290;  1 drivers
L_000002e7a8694108 .functor BUFT 1, C4<00>, C4<0>, C4<0>, C4<0>;
v000002e7a868d080_0 .net *"_ivl_13", 1 0, L_000002e7a8694108;  1 drivers
v000002e7a868d440_0 .net *"_ivl_2", 4 0, L_000002e7a8693050;  1 drivers
L_000002e7a86940c0 .functor BUFT 1, C4<00>, C4<0>, C4<0>, C4<0>;
v000002e7a8693a50_0 .net *"_ivl_5", 1 0, L_000002e7a86940c0;  1 drivers
v000002e7a8692970_0 .net *"_ivl_8", 7 0, L_000002e7a8693690;  1 drivers
v000002e7a8693eb0 .array "registers", 0 7, 7 0;
v000002e7a8693eb0_7 .array/port v000002e7a8693eb0, 7;
v000002e7a8693eb0_6 .array/port v000002e7a8693eb0, 6;
v000002e7a8693eb0_5 .array/port v000002e7a8693eb0, 5;
v000002e7a8693eb0_4 .array/port v000002e7a8693eb0, 4;
E_000002e7a8616a30/0 .event anyedge, v000002e7a8693eb0_7, v000002e7a8693eb0_6, v000002e7a8693eb0_5, v000002e7a8693eb0_4;
v000002e7a8693eb0_3 .array/port v000002e7a8693eb0, 3;
v000002e7a8693eb0_2 .array/port v000002e7a8693eb0, 2;
v000002e7a8693eb0_1 .array/port v000002e7a8693eb0, 1;
v000002e7a8693eb0_0 .array/port v000002e7a8693eb0, 0;
E_000002e7a8616a30/1 .event anyedge, v000002e7a8693eb0_3, v000002e7a8693eb0_2, v000002e7a8693eb0_1, v000002e7a8693eb0_0;
E_000002e7a8616a30/2 .event anyedge, v000002e7a868d800_0, v000002e7a868e660_0, v000002e7a868be60_0, v000002e7a868e700_0;
E_000002e7a8616a30/3 .event anyedge, v000002e7a868dbc0_0, v000002e7a868d300_0, v000002e7a868a100_0, v000002e7a868d580_0;
E_000002e7a8616a30/4 .event anyedge, v000002e7a868d940_0;
E_000002e7a8616a30 .event/or E_000002e7a8616a30/0, E_000002e7a8616a30/1, E_000002e7a8616a30/2, E_000002e7a8616a30/3, E_000002e7a8616a30/4;
L_000002e7a8692e70 .array/port v000002e7a8693eb0, L_000002e7a8693050;
L_000002e7a8693050 .concat [ 3 2 0 0], L_000002e7a8692330, L_000002e7a86940c0;
L_000002e7a8693690 .array/port v000002e7a8693eb0, L_000002e7a8692290;
L_000002e7a8692290 .concat [ 3 2 0 0], L_000002e7a86937d0, L_000002e7a8694108;
S_000002e7a8691e50 .scope begin, "$ivl_for_loop3" "$ivl_for_loop3" 8 64, 8 64 0, S_000002e7a8690a00;
 .timescale 0 0;
v000002e7a868e480_0 .var/i "i", 31 0;
S_000002e7a86914f0 .scope module, "Two_Com" "two_comp" 3 44, 6 11 0, S_000002e7a85ec990;
 .timescale 0 0;
    .port_info 0 /INPUT 8 "DATA";
    .port_info 1 /OUTPUT 8 "OUT";
L_000002e7a86266b0 .functor NOT 8, L_000002e7a8626950, C4<00000000>, C4<00000000>, C4<00000000>;
v000002e7a86928d0_0 .net "DATA", 7 0, L_000002e7a8626950;  alias, 1 drivers
v000002e7a8692fb0_0 .net "OUT", 7 0, L_000002e7a86923d0;  alias, 1 drivers
v000002e7a8692c90_0 .net *"_ivl_0", 7 0, L_000002e7a86266b0;  1 drivers
L_000002e7a8694150 .functor BUFT 1, C4<00000001>, C4<0>, C4<0>, C4<0>;
v000002e7a86920b0_0 .net/2u *"_ivl_2", 7 0, L_000002e7a8694150;  1 drivers
L_000002e7a86923d0 .delay 8 (1,1,1) L_000002e7a86923d0/d;
L_000002e7a86923d0/d .arith/sum 8, L_000002e7a86266b0, L_000002e7a8694150;
    .scope S_000002e7a868c9d0;
T_0 ;
    %wait E_000002e7a8619170;
    %load/vec4 v000002e7a868d800_0;
    %flag_set/vec4 8;
    %jmp/0xz  T_0.0, 8;
    %delay 1, 0;
    %pushi/vec4 0, 0, 32;
    %store/vec4 v000002e7a868d760_0, 0, 32;
    %jmp T_0.1;
T_0.0 ;
    %delay 1, 0;
    %load/vec4 v000002e7a868eb60_0;
    %store/vec4 v000002e7a868d760_0, 0, 32;
T_0.1 ;
    %jmp T_0;
    .thread T_0;
    .scope S_000002e7a85bd680;
T_1 ;
    %wait E_000002e7a8618af0;
    %delay 1, 0;
    %load/vec4 v000002e7a868bc80_0;
    %dup/vec4;
    %pushi/vec4 0, 0, 8;
    %cmp/u;
    %jmp/1 T_1.0, 6;
    %dup/vec4;
    %pushi/vec4 1, 0, 8;
    %cmp/u;
    %jmp/1 T_1.1, 6;
    %dup/vec4;
    %pushi/vec4 2, 0, 8;
    %cmp/u;
    %jmp/1 T_1.2, 6;
    %dup/vec4;
    %pushi/vec4 12, 0, 8;
    %cmp/u;
    %jmp/1 T_1.3, 6;
    %dup/vec4;
    %pushi/vec4 3, 0, 8;
    %cmp/u;
    %jmp/1 T_1.4, 6;
    %dup/vec4;
    %pushi/vec4 4, 0, 8;
    %cmp/u;
    %jmp/1 T_1.5, 6;
    %dup/vec4;
    %pushi/vec4 5, 0, 8;
    %cmp/u;
    %jmp/1 T_1.6, 6;
    %dup/vec4;
    %pushi/vec4 13, 0, 8;
    %cmp/u;
    %jmp/1 T_1.7, 6;
    %dup/vec4;
    %pushi/vec4 14, 0, 8;
    %cmp/u;
    %jmp/1 T_1.8, 6;
    %dup/vec4;
    %pushi/vec4 15, 0, 8;
    %cmp/u;
    %jmp/1 T_1.9, 6;
    %dup/vec4;
    %pushi/vec4 16, 0, 8;
    %cmp/u;
    %jmp/1 T_1.10, 6;
    %dup/vec4;
    %pushi/vec4 6, 0, 8;
    %cmp/u;
    %jmp/1 T_1.11, 6;
    %dup/vec4;
    %pushi/vec4 7, 0, 8;
    %cmp/u;
    %jmp/1 T_1.12, 6;
    %dup/vec4;
    %pushi/vec4 17, 0, 8;
    %cmp/u;
    %jmp/1 T_1.13, 6;
    %jmp T_1.14;
T_1.0 ;
    %pushi/vec4 1, 0, 1;
    %store/vec4 v000002e7a868be60_0, 0, 1;
    %pushi/vec4 0, 0, 1;
    %store/vec4 v000002e7a868b640_0, 0, 1;
    %pushi/vec4 1, 0, 1;
    %store/vec4 v000002e7a868a600_0, 0, 1;
    %pushi/vec4 0, 0, 3;
    %store/vec4 v000002e7a868aec0_0, 0, 3;
    %pushi/vec4 0, 0, 1;
    %store/vec4 v000002e7a868a740_0, 0, 1;
    %pushi/vec4 0, 0, 2;
    %store/vec4 v000002e7a868ae20_0, 0, 2;
    %pushi/vec4 0, 0, 1;
    %store/vec4 v000002e7a868bd20_0, 0, 1;
    %jmp T_1.14;
T_1.1 ;
    %pushi/vec4 1, 0, 1;
    %store/vec4 v000002e7a868be60_0, 0, 1;
    %pushi/vec4 0, 0, 1;
    %store/vec4 v000002e7a868b640_0, 0, 1;
    %pushi/vec4 0, 0, 1;
    %store/vec4 v000002e7a868a600_0, 0, 1;
    %pushi/vec4 0, 0, 3;
    %store/vec4 v000002e7a868aec0_0, 0, 3;
    %pushi/vec4 0, 0, 1;
    %store/vec4 v000002e7a868a740_0, 0, 1;
    %pushi/vec4 0, 0, 2;
    %store/vec4 v000002e7a868ae20_0, 0, 2;
    %pushi/vec4 0, 0, 1;
    %store/vec4 v000002e7a868bd20_0, 0, 1;
    %jmp T_1.14;
T_1.2 ;
    %pushi/vec4 1, 0, 1;
    %store/vec4 v000002e7a868be60_0, 0, 1;
    %pushi/vec4 0, 0, 1;
    %store/vec4 v000002e7a868b640_0, 0, 1;
    %pushi/vec4 0, 0, 1;
    %store/vec4 v000002e7a868a600_0, 0, 1;
    %pushi/vec4 1, 0, 3;
    %store/vec4 v000002e7a868aec0_0, 0, 3;
    %pushi/vec4 0, 0, 1;
    %store/vec4 v000002e7a868a740_0, 0, 1;
    %pushi/vec4 0, 0, 2;
    %store/vec4 v000002e7a868ae20_0, 0, 2;
    %pushi/vec4 0, 0, 1;
    %store/vec4 v000002e7a868bd20_0, 0, 1;
    %jmp T_1.14;
T_1.3 ;
    %pushi/vec4 1, 0, 1;
    %store/vec4 v000002e7a868be60_0, 0, 1;
    %pushi/vec4 0, 0, 1;
    %store/vec4 v000002e7a868b640_0, 0, 1;
    %pushi/vec4 0, 0, 1;
    %store/vec4 v000002e7a868a600_0, 0, 1;
    %pushi/vec4 4, 0, 3;
    %store/vec4 v000002e7a868aec0_0, 0, 3;
    %pushi/vec4 0, 0, 1;
    %store/vec4 v000002e7a868a740_0, 0, 1;
    %pushi/vec4 0, 0, 2;
    %store/vec4 v000002e7a868ae20_0, 0, 2;
    %pushi/vec4 0, 0, 1;
    %store/vec4 v000002e7a868bd20_0, 0, 1;
    %jmp T_1.14;
T_1.4 ;
    %pushi/vec4 1, 0, 1;
    %store/vec4 v000002e7a868be60_0, 0, 1;
    %pushi/vec4 1, 0, 1;
    %store/vec4 v000002e7a868b640_0, 0, 1;
    %pushi/vec4 0, 0, 1;
    %store/vec4 v000002e7a868a600_0, 0, 1;
    %pushi/vec4 1, 0, 3;
    %store/vec4 v000002e7a868aec0_0, 0, 3;
    %pushi/vec4 0, 0, 1;
    %store/vec4 v000002e7a868a740_0, 0, 1;
    %pushi/vec4 0, 0, 2;
    %store/vec4 v000002e7a868ae20_0, 0, 2;
    %pushi/vec4 0, 0, 1;
    %store/vec4 v000002e7a868bd20_0, 0, 1;
    %jmp T_1.14;
T_1.5 ;
    %pushi/vec4 1, 0, 1;
    %store/vec4 v000002e7a868be60_0, 0, 1;
    %pushi/vec4 0, 0, 1;
    %store/vec4 v000002e7a868b640_0, 0, 1;
    %pushi/vec4 0, 0, 1;
    %store/vec4 v000002e7a868a600_0, 0, 1;
    %pushi/vec4 2, 0, 3;
    %store/vec4 v000002e7a868aec0_0, 0, 3;
    %pushi/vec4 0, 0, 1;
    %store/vec4 v000002e7a868a740_0, 0, 1;
    %pushi/vec4 0, 0, 2;
    %store/vec4 v000002e7a868ae20_0, 0, 2;
    %pushi/vec4 0, 0, 1;
    %store/vec4 v000002e7a868bd20_0, 0, 1;
    %jmp T_1.14;
T_1.6 ;
    %pushi/vec4 1, 0, 1;
    %store/vec4 v000002e7a868be60_0, 0, 1;
    %pushi/vec4 0, 0, 1;
    %store/vec4 v000002e7a868b640_0, 0, 1;
    %pushi/vec4 0, 0, 1;
    %store/vec4 v000002e7a868a600_0, 0, 1;
    %pushi/vec4 3, 0, 3;
    %store/vec4 v000002e7a868aec0_0, 0, 3;
    %pushi/vec4 0, 0, 1;
    %store/vec4 v000002e7a868a740_0, 0, 1;
    %pushi/vec4 0, 0, 2;
    %store/vec4 v000002e7a868ae20_0, 0, 2;
    %pushi/vec4 0, 0, 1;
    %store/vec4 v000002e7a868bd20_0, 0, 1;
    %jmp T_1.14;
T_1.7 ;
    %pushi/vec4 1, 0, 1;
    %store/vec4 v000002e7a868be60_0, 0, 1;
    %pushi/vec4 0, 0, 1;
    %store/vec4 v000002e7a868b640_0, 0, 1;
    %pushi/vec4 1, 0, 1;
    %store/vec4 v000002e7a868a600_0, 0, 1;
    %pushi/vec4 5, 0, 3;
    %store/vec4 v000002e7a868aec0_0, 0, 3;
    %pushi/vec4 0, 0, 1;
    %store/vec4 v000002e7a868a740_0, 0, 1;
    %pushi/vec4 0, 0, 2;
    %store/vec4 v000002e7a868ae20_0, 0, 2;
    %pushi/vec4 0, 0, 1;
    %store/vec4 v000002e7a868bd20_0, 0, 1;
    %jmp T_1.14;
T_1.8 ;
    %pushi/vec4 1, 0, 1;
    %store/vec4 v000002e7a868be60_0, 0, 1;
    %pushi/vec4 0, 0, 1;
    %store/vec4 v000002e7a868b640_0, 0, 1;
    %pushi/vec4 1, 0, 1;
    %store/vec4 v000002e7a868a600_0, 0, 1;
    %pushi/vec4 5, 0, 3;
    %store/vec4 v000002e7a868aec0_0, 0, 3;
    %pushi/vec4 0, 0, 1;
    %store/vec4 v000002e7a868a740_0, 0, 1;
    %pushi/vec4 0, 0, 2;
    %store/vec4 v000002e7a868ae20_0, 0, 2;
    %pushi/vec4 1, 0, 1;
    %store/vec4 v000002e7a868bd20_0, 0, 1;
    %jmp T_1.14;
T_1.9 ;
    %pushi/vec4 1, 0, 1;
    %store/vec4 v000002e7a868be60_0, 0, 1;
    %pushi/vec4 0, 0, 1;
    %store/vec4 v000002e7a868b640_0, 0, 1;
    %pushi/vec4 1, 0, 1;
    %store/vec4 v000002e7a868a600_0, 0, 1;
    %pushi/vec4 6, 0, 3;
    %store/vec4 v000002e7a868aec0_0, 0, 3;
    %pushi/vec4 0, 0, 1;
    %store/vec4 v000002e7a868a740_0, 0, 1;
    %pushi/vec4 0, 0, 2;
    %store/vec4 v000002e7a868ae20_0, 0, 2;
    %pushi/vec4 0, 0, 1;
    %store/vec4 v000002e7a868bd20_0, 0, 1;
    %jmp T_1.14;
T_1.10 ;
    %pushi/vec4 1, 0, 1;
    %store/vec4 v000002e7a868be60_0, 0, 1;
    %pushi/vec4 0, 0, 1;
    %store/vec4 v000002e7a868b640_0, 0, 1;
    %pushi/vec4 1, 0, 1;
    %store/vec4 v000002e7a868a600_0, 0, 1;
    %pushi/vec4 7, 0, 3;
    %store/vec4 v000002e7a868aec0_0, 0, 3;
    %pushi/vec4 0, 0, 1;
    %store/vec4 v000002e7a868a740_0, 0, 1;
    %pushi/vec4 0, 0, 2;
    %store/vec4 v000002e7a868ae20_0, 0, 2;
    %pushi/vec4 0, 0, 1;
    %store/vec4 v000002e7a868bd20_0, 0, 1;
    %jmp T_1.14;
T_1.11 ;
    %pushi/vec4 0, 0, 1;
    %store/vec4 v000002e7a868be60_0, 0, 1;
    %pushi/vec4 0, 0, 1;
    %store/vec4 v000002e7a868b640_0, 0, 1;
    %pushi/vec4 0, 0, 1;
    %store/vec4 v000002e7a868a600_0, 0, 1;
    %pushi/vec4 0, 0, 3;
    %store/vec4 v000002e7a868aec0_0, 0, 3;
    %pushi/vec4 1, 0, 1;
    %store/vec4 v000002e7a868a740_0, 0, 1;
    %pushi/vec4 0, 0, 2;
    %store/vec4 v000002e7a868ae20_0, 0, 2;
    %pushi/vec4 0, 0, 1;
    %store/vec4 v000002e7a868bd20_0, 0, 1;
    %jmp T_1.14;
T_1.12 ;
    %pushi/vec4 0, 0, 1;
    %store/vec4 v000002e7a868be60_0, 0, 1;
    %pushi/vec4 1, 0, 1;
    %store/vec4 v000002e7a868b640_0, 0, 1;
    %pushi/vec4 0, 0, 1;
    %store/vec4 v000002e7a868a600_0, 0, 1;
    %pushi/vec4 1, 0, 3;
    %store/vec4 v000002e7a868aec0_0, 0, 3;
    %pushi/vec4 0, 0, 1;
    %store/vec4 v000002e7a868a740_0, 0, 1;
    %pushi/vec4 1, 0, 2;
    %store/vec4 v000002e7a868ae20_0, 0, 2;
    %pushi/vec4 0, 0, 1;
    %store/vec4 v000002e7a868bd20_0, 0, 1;
    %jmp T_1.14;
T_1.13 ;
    %pushi/vec4 0, 0, 1;
    %store/vec4 v000002e7a868be60_0, 0, 1;
    %pushi/vec4 1, 0, 1;
    %store/vec4 v000002e7a868b640_0, 0, 1;
    %pushi/vec4 0, 0, 1;
    %store/vec4 v000002e7a868a600_0, 0, 1;
    %pushi/vec4 1, 0, 3;
    %store/vec4 v000002e7a868aec0_0, 0, 3;
    %pushi/vec4 0, 0, 1;
    %store/vec4 v000002e7a868a740_0, 0, 1;
    %pushi/vec4 2, 0, 2;
    %store/vec4 v000002e7a868ae20_0, 0, 2;
    %pushi/vec4 0, 0, 1;
    %store/vec4 v000002e7a868bd20_0, 0, 1;
    %jmp T_1.14;
T_1.14 ;
    %pop/vec4 1;
    %jmp T_1;
    .thread T_1, $push;
    .scope S_000002e7a8690a00;
T_2 ;
    %wait E_000002e7a8619170;
    %load/vec4 v000002e7a868e8e0_0;
    %flag_set/vec4 9;
    %flag_get/vec4 9;
    %jmp/0 T_2.2, 9;
    %load/vec4 v000002e7a868d8a0_0;
    %inv;
    %and;
T_2.2;
    %flag_set/vec4 8;
    %jmp/0xz  T_2.0, 8;
    %delay 1, 0;
    %load/vec4 v000002e7a868e020_0;
    %load/vec4 v000002e7a868d300_0;
    %pad/u 5;
    %ix/vec4 4;
    %store/vec4a v000002e7a8693eb0, 4, 0;
T_2.0 ;
    %load/vec4 v000002e7a868d8a0_0;
    %flag_set/vec4 8;
    %jmp/0xz  T_2.3, 8;
    %delay 1, 0;
    %fork t_1, S_000002e7a8691e50;
    %jmp t_0;
    .scope S_000002e7a8691e50;
t_1 ;
    %pushi/vec4 0, 0, 32;
    %store/vec4 v000002e7a868e480_0, 0, 32;
T_2.5 ;
    %load/vec4 v000002e7a868e480_0;
    %cmpi/s 8, 0, 32;
    %jmp/0xz T_2.6, 5;
    %pushi/vec4 0, 0, 8;
    %ix/getv/s 4, v000002e7a868e480_0;
    %store/vec4a v000002e7a8693eb0, 4, 0;
    %load/vec4 v000002e7a868e480_0;
    %addi 1, 0, 32;
    %store/vec4 v000002e7a868e480_0, 0, 32;
    %jmp T_2.5;
T_2.6 ;
    %end;
    .scope S_000002e7a8690a00;
t_0 %join;
T_2.3 ;
    %jmp T_2;
    .thread T_2;
    .scope S_000002e7a8690a00;
T_3 ;
    %wait E_000002e7a8616a30;
    %vpi_call 8 73 "$display", $time, " %d %d %d %d %d %d %d %d %d %d %d %d %d %d %d %d %d", v000002e7a868e020_0, v000002e7a868d3a0_0, v000002e7a868dd00_0, v000002e7a868d300_0, v000002e7a868dbc0_0, v000002e7a868e700_0, v000002e7a868e8e0_0, v000002e7a868e840_0, v000002e7a868d8a0_0, &A<v000002e7a8693eb0, 0>, &A<v000002e7a8693eb0, 1>, &A<v000002e7a8693eb0, 2>, &A<v000002e7a8693eb0, 3>, &A<v000002e7a8693eb0, 4>, &A<v000002e7a8693eb0, 5>, &A<v000002e7a8693eb0, 6>, &A<v000002e7a8693eb0, 7> {0 0 0};
    %jmp T_3;
    .thread T_3, $push;
    .scope S_000002e7a868cb60;
T_4 ;
    %wait E_000002e7a86182f0;
    %load/vec4 v000002e7a868ed40_0;
    %flag_set/vec4 8;
    %jmp/0xz  T_4.0, 8;
    %load/vec4 v000002e7a868a7e0_0;
    %store/vec4 v000002e7a868ea20_0, 0, 8;
    %jmp T_4.1;
T_4.0 ;
    %load/vec4 v000002e7a868a100_0;
    %store/vec4 v000002e7a868ea20_0, 0, 8;
T_4.1 ;
    %jmp T_4;
    .thread T_4, $push;
    .scope S_000002e7a868ccf0;
T_5 ;
    %wait E_000002e7a8617f70;
    %load/vec4 v000002e7a868ec00_0;
    %flag_set/vec4 8;
    %jmp/0xz  T_5.0, 8;
    %load/vec4 v000002e7a868d9e0_0;
    %store/vec4 v000002e7a868e2a0_0, 0, 8;
    %jmp T_5.1;
T_5.0 ;
    %load/vec4 v000002e7a868d1c0_0;
    %store/vec4 v000002e7a868e2a0_0, 0, 8;
T_5.1 ;
    %jmp T_5;
    .thread T_5, $push;
    .scope S_000002e7a868c520;
T_6 ;
    %wait E_000002e7a8619530;
    %load/vec4 v000002e7a868e5c0_0;
    %flag_set/vec4 8;
    %jmp/0xz  T_6.0, 8;
    %fork t_3, S_000002e7a868c840;
    %jmp t_2;
    .scope S_000002e7a868c840;
t_3 ;
    %pushi/vec4 0, 0, 32;
    %store/vec4 v000002e7a868ef20_0, 0, 32;
T_6.2 ;
    %load/vec4 v000002e7a868ef20_0;
    %cmpi/s 8, 0, 32;
    %jmp/0xz T_6.3, 5;
    %load/vec4 v000002e7a868d580_0;
    %pushi/vec4 7, 0, 32;
    %load/vec4 v000002e7a868ef20_0;
    %sub;
    %part/s 1;
    %ix/getv/s 4, v000002e7a868ef20_0;
    %store/vec4 v000002e7a868db20_0, 4, 1;
    ; show_stmt_assign_vector: Get l-value for compressed += operand
    %load/vec4 v000002e7a868ef20_0;
    %pushi/vec4 1, 0, 32;
    %add;
    %store/vec4 v000002e7a868ef20_0, 0, 32;
    %jmp T_6.2;
T_6.3 ;
    %end;
    .scope S_000002e7a868c520;
t_2 %join;
    %jmp T_6.1;
T_6.0 ;
    %load/vec4 v000002e7a868d580_0;
    %store/vec4 v000002e7a868db20_0, 0, 8;
T_6.1 ;
    %jmp T_6;
    .thread T_6, $push;
    .scope S_000002e7a85b6e50;
T_7 ;
    %wait E_000002e7a8618530;
    %delay 1, 0;
    %load/vec4 v000002e7a868b820_0;
    %store/vec4 v000002e7a868bf00_0, 0, 8;
    %fork t_5, S_000002e7a85b6fe0;
    %jmp t_4;
    .scope S_000002e7a85b6fe0;
t_5 ;
    %pushi/vec4 0, 0, 32;
    %store/vec4 v000002e7a868ac40_0, 0, 32;
T_7.0 ;
    %load/vec4 v000002e7a868ac40_0;
    %load/vec4 v000002e7a868a4c0_0;
    %pad/u 32;
    %cmp/u;
    %jmp/0xz T_7.1, 5;
    %load/vec4 v000002e7a868b820_0;
    %parti/s 1, 7, 4;
    %load/vec4 v000002e7a868bf00_0;
    %parti/s 7, 1, 2;
    %concat/vec4; draw_concat_vec4
    %store/vec4 v000002e7a868bf00_0, 0, 8;
    %load/vec4 v000002e7a868ac40_0;
    %addi 1, 0, 32;
    %store/vec4 v000002e7a868ac40_0, 0, 32;
    %jmp T_7.0;
T_7.1 ;
    %end;
    .scope S_000002e7a85b6e50;
t_4 %join;
    %jmp T_7;
    .thread T_7, $push;
    .scope S_000002e7a8582d60;
T_8 ;
    %wait E_000002e7a8618530;
    %delay 1, 0;
    %load/vec4 v000002e7a868a1a0_0;
    %store/vec4 v000002e7a868baa0_0, 0, 8;
    %fork t_7, S_000002e7a8582ef0;
    %jmp t_6;
    .scope S_000002e7a8582ef0;
t_7 ;
    %pushi/vec4 0, 0, 32;
    %store/vec4 v000002e7a868b6e0_0, 0, 32;
T_8.0 ;
    %load/vec4 v000002e7a868b6e0_0;
    %load/vec4 v000002e7a868b780_0;
    %pad/u 32;
    %cmp/u;
    %jmp/0xz T_8.1, 5;
    %load/vec4 v000002e7a868baa0_0;
    %parti/s 7, 0, 2;
    %concati/vec4 0, 0, 1;
    %store/vec4 v000002e7a868baa0_0, 0, 8;
    %load/vec4 v000002e7a868b6e0_0;
    %addi 1, 0, 32;
    %store/vec4 v000002e7a868b6e0_0, 0, 32;
    %jmp T_8.0;
T_8.1 ;
    %end;
    .scope S_000002e7a8582d60;
t_6 %join;
    %jmp T_8;
    .thread T_8, $push;
    .scope S_000002e7a85ecd30;
T_9 ;
    %wait E_000002e7a8618530;
    %delay 1, 0;
    %load/vec4 v000002e7a862aa20_0;
    %store/vec4 v000002e7a868aba0_0, 0, 8;
    %fork t_9, S_000002e7a85ecec0;
    %jmp t_8;
    .scope S_000002e7a85ecec0;
t_9 ;
    %pushi/vec4 0, 0, 32;
    %store/vec4 v000002e7a8628d60_0, 0, 32;
T_9.0 ;
    %load/vec4 v000002e7a8628d60_0;
    %load/vec4 v000002e7a8628ea0_0;
    %pad/u 32;
    %cmp/u;
    %jmp/0xz T_9.1, 5;
    %load/vec4 v000002e7a868aba0_0;
    %parti/s 1, 0, 2;
    %load/vec4 v000002e7a868aba0_0;
    %parti/s 7, 1, 2;
    %concat/vec4; draw_concat_vec4
    %store/vec4 v000002e7a868aba0_0, 0, 8;
    %load/vec4 v000002e7a8628d60_0;
    %addi 1, 0, 32;
    %store/vec4 v000002e7a8628d60_0, 0, 32;
    %jmp T_9.0;
T_9.1 ;
    %end;
    .scope S_000002e7a85ecd30;
t_8 %join;
    %jmp T_9;
    .thread T_9, $push;
    .scope S_000002e7a85c7b90;
T_10 ;
    %wait E_000002e7a8618370;
    %load/vec4 v000002e7a868bb40_0;
    %dup/vec4;
    %pushi/vec4 0, 0, 3;
    %cmp/u;
    %jmp/1 T_10.0, 6;
    %dup/vec4;
    %pushi/vec4 1, 0, 3;
    %cmp/u;
    %jmp/1 T_10.1, 6;
    %dup/vec4;
    %pushi/vec4 2, 0, 3;
    %cmp/u;
    %jmp/1 T_10.2, 6;
    %dup/vec4;
    %pushi/vec4 3, 0, 3;
    %cmp/u;
    %jmp/1 T_10.3, 6;
    %dup/vec4;
    %pushi/vec4 4, 0, 3;
    %cmp/u;
    %jmp/1 T_10.4, 6;
    %dup/vec4;
    %pushi/vec4 5, 0, 3;
    %cmp/u;
    %jmp/1 T_10.5, 6;
    %dup/vec4;
    %pushi/vec4 6, 0, 3;
    %cmp/u;
    %jmp/1 T_10.6, 6;
    %dup/vec4;
    %pushi/vec4 7, 0, 3;
    %cmp/u;
    %jmp/1 T_10.7, 6;
    %pushi/vec4 0, 0, 8;
    %store/vec4 v000002e7a868af60_0, 0, 8;
    %jmp T_10.9;
T_10.0 ;
    %load/vec4 v000002e7a868b960_0;
    %store/vec4 v000002e7a868af60_0, 0, 8;
    %jmp T_10.9;
T_10.1 ;
    %load/vec4 v000002e7a868a240_0;
    %store/vec4 v000002e7a868af60_0, 0, 8;
    %jmp T_10.9;
T_10.2 ;
    %load/vec4 v000002e7a868aa60_0;
    %store/vec4 v000002e7a868af60_0, 0, 8;
    %jmp T_10.9;
T_10.3 ;
    %load/vec4 v000002e7a868b3c0_0;
    %store/vec4 v000002e7a868af60_0, 0, 8;
    %jmp T_10.9;
T_10.4 ;
    %load/vec4 v000002e7a868a060_0;
    %store/vec4 v000002e7a868af60_0, 0, 8;
    %jmp T_10.9;
T_10.5 ;
    %load/vec4 v000002e7a868a6a0_0;
    %store/vec4 v000002e7a868af60_0, 0, 8;
    %jmp T_10.9;
T_10.6 ;
    %load/vec4 v000002e7a868b280_0;
    %store/vec4 v000002e7a868af60_0, 0, 8;
    %jmp T_10.9;
T_10.7 ;
    %load/vec4 v000002e7a868a880_0;
    %store/vec4 v000002e7a868af60_0, 0, 8;
    %jmp T_10.9;
T_10.9 ;
    %pop/vec4 1;
    %jmp T_10;
    .thread T_10, $push;
    .scope S_000002e7a868ce80;
T_11 ;
    %wait E_000002e7a8619030;
    %load/vec4 v000002e7a868e340_0;
    %flag_set/vec4 8;
    %jmp/0xz  T_11.0, 8;
    %fork t_11, S_000002e7a868c070;
    %jmp t_10;
    .scope S_000002e7a868c070;
t_11 ;
    %pushi/vec4 0, 0, 32;
    %store/vec4 v000002e7a868d620_0, 0, 32;
T_11.2 ;
    %load/vec4 v000002e7a868d620_0;
    %cmpi/s 8, 0, 32;
    %jmp/0xz T_11.3, 5;
    %load/vec4 v000002e7a868dc60_0;
    %pushi/vec4 7, 0, 32;
    %load/vec4 v000002e7a868d620_0;
    %sub;
    %part/s 1;
    %ix/getv/s 4, v000002e7a868d620_0;
    %store/vec4 v000002e7a868d940_0, 4, 1;
    ; show_stmt_assign_vector: Get l-value for compressed += operand
    %load/vec4 v000002e7a868d620_0;
    %pushi/vec4 1, 0, 32;
    %add;
    %store/vec4 v000002e7a868d620_0, 0, 32;
    %jmp T_11.2;
T_11.3 ;
    %end;
    .scope S_000002e7a868ce80;
t_10 %join;
    %jmp T_11.1;
T_11.0 ;
    %load/vec4 v000002e7a868dc60_0;
    %store/vec4 v000002e7a868d940_0, 0, 8;
T_11.1 ;
    %jmp T_11;
    .thread T_11, $push;
    .scope S_000002e7a868c390;
T_12 ;
    %wait E_000002e7a86180f0;
    %load/vec4 v000002e7a868d120_0;
    %dup/vec4;
    %pushi/vec4 0, 0, 2;
    %cmp/u;
    %jmp/1 T_12.0, 6;
    %dup/vec4;
    %pushi/vec4 1, 0, 2;
    %cmp/u;
    %jmp/1 T_12.1, 6;
    %dup/vec4;
    %pushi/vec4 2, 0, 2;
    %cmp/u;
    %jmp/1 T_12.2, 6;
    %jmp T_12.3;
T_12.0 ;
    %pushi/vec4 0, 0, 1;
    %store/vec4 v000002e7a868da80_0, 0, 1;
    %jmp T_12.3;
T_12.1 ;
    %load/vec4 v000002e7a868d6c0_0;
    %store/vec4 v000002e7a868da80_0, 0, 1;
    %jmp T_12.3;
T_12.2 ;
    %load/vec4 v000002e7a868d6c0_0;
    %inv;
    %store/vec4 v000002e7a868da80_0, 0, 1;
    %jmp T_12.3;
T_12.3 ;
    %pop/vec4 1;
    %jmp T_12;
    .thread T_12, $push;
    .scope S_000002e7a868c6b0;
T_13 ;
    %wait E_000002e7a8618030;
    %load/vec4 v000002e7a868dda0_0;
    %flag_set/vec4 8;
    %jmp/0xz  T_13.0, 8;
    %load/vec4 v000002e7a868e520_0;
    %store/vec4 v000002e7a868e0c0_0, 0, 32;
    %jmp T_13.1;
T_13.0 ;
    %load/vec4 v000002e7a868d4e0_0;
    %store/vec4 v000002e7a868e0c0_0, 0, 32;
T_13.1 ;
    %jmp T_13;
    .thread T_13, $push;
    .scope S_000002e7a85ec800;
T_14 ;
    %wait E_000002e7a86188f0;
    %delay 2, 0;
    %load/vec4 v000002e7a86934b0_0;
    %addi 3, 0, 32;
    %ix/vec4 4;
    %load/vec4a v000002e7a8692dd0, 4;
    %ix/load 4, 24, 0;
    %flag_set/imm 4, 0;
    %store/vec4 v000002e7a8693e10_0, 4, 8;
    %load/vec4 v000002e7a86934b0_0;
    %addi 2, 0, 32;
    %ix/vec4 4;
    %load/vec4a v000002e7a8692dd0, 4;
    %ix/load 4, 16, 0;
    %flag_set/imm 4, 0;
    %store/vec4 v000002e7a8693e10_0, 4, 8;
    %load/vec4 v000002e7a86934b0_0;
    %addi 1, 0, 32;
    %ix/vec4 4;
    %load/vec4a v000002e7a8692dd0, 4;
    %ix/load 4, 8, 0;
    %flag_set/imm 4, 0;
    %store/vec4 v000002e7a8693e10_0, 4, 8;
    %ix/getv 4, v000002e7a86934b0_0;
    %load/vec4a v000002e7a8692dd0, 4;
    %ix/load 4, 0, 0;
    %flag_set/imm 4, 0;
    %store/vec4 v000002e7a8693e10_0, 4, 8;
    %jmp T_14;
    .thread T_14, $push;
    .scope S_000002e7a85ec800;
T_15 ;
    %vpi_call 2 44 "$readmemb", "instr_mem.mem", v000002e7a8692dd0 {0 0 0};
    %end;
    .thread T_15;
    .scope S_000002e7a85ec800;
T_16 ;
    %vpi_call 2 59 "$dumpfile", "cpu_wavedata.vcd" {0 0 0};
    %vpi_call 2 60 "$dumpvars", 32'sb00000000000000000000000000000011, S_000002e7a85ec800, &A<v000002e7a8693eb0, 0>, &A<v000002e7a8693eb0, 1>, &A<v000002e7a8693eb0, 2>, &A<v000002e7a8693eb0, 3>, &A<v000002e7a8693eb0, 4>, &A<v000002e7a8693eb0, 5>, &A<v000002e7a8693eb0, 6>, &A<v000002e7a8693eb0, 7> {0 0 0};
    %pushi/vec4 0, 0, 1;
    %store/vec4 v000002e7a86939b0_0, 0, 1;
    %pushi/vec4 0, 0, 1;
    %store/vec4 v000002e7a8693550_0, 0, 1;
    %pushi/vec4 1, 0, 1;
    %store/vec4 v000002e7a8693550_0, 0, 1;
    %delay 5, 0;
    %pushi/vec4 0, 0, 1;
    %store/vec4 v000002e7a8693550_0, 0, 1;
    %delay 150, 0;
    %vpi_call 2 72 "$finish" {0 0 0};
    %end;
    .thread T_16;
    .scope S_000002e7a85ec800;
T_17 ;
    %delay 4, 0;
    %load/vec4 v000002e7a86939b0_0;
    %inv;
    %store/vec4 v000002e7a86939b0_0, 0, 1;
    %jmp T_17;
    .thread T_17;
    .scope S_000002e7a85ec800;
T_18 ;
    %vpi_call 2 81 "$monitor", $time, " %d %b", v000002e7a86934b0_0, v000002e7a8693e10_0 {0 0 0};
    %end;
    .thread T_18;
# The file index is used to find the file name in the following table.
:file_names 9;
    "N/A";
    "<interactive>";
    "cpu_tb.v";
    "./cpu.v";
    "./alu.v";
    "./control_unit.v";
    "./modules.v";
    "./pc.v";
    "./reg_file.v";
