#! /c/Source/iverilog-install/bin/vvp
:ivl_version "12.0 (devel)" "(s20150603-1539-g2693dd32b)";
:ivl_delay_selection "TYPICAL";
:vpi_time_precision + 0;
:vpi_module "F:\iverilog\lib\ivl\system.vpi";
:vpi_module "F:\iverilog\lib\ivl\vhdl_sys.vpi";
:vpi_module "F:\iverilog\lib\ivl\vhdl_textio.vpi";
:vpi_module "F:\iverilog\lib\ivl\v2005_math.vpi";
:vpi_module "F:\iverilog\lib\ivl\va_math.vpi";
S_000002a1fba12ce0 .scope module, "reg_file" "reg_file" 2 23;
 .timescale 0 0;
    .port_info 0 /INPUT 8 "IN";
    .port_info 1 /OUTPUT 8 "OUT1";
    .port_info 2 /OUTPUT 8 "OUT2";
    .port_info 3 /INPUT 3 "INADDRESS";
    .port_info 4 /INPUT 3 "OUT1ADDRESS";
    .port_info 5 /INPUT 3 "OUT2ADDRESS";
    .port_info 6 /INPUT 1 "WRITE";
    .port_info 7 /INPUT 1 "CLK";
    .port_info 8 /INPUT 1 "RESET";
L_000002a1fba351c0/d .functor BUFZ 8, L_000002a1fba44550, C4<00000000>, C4<00000000>, C4<00000000>;
L_000002a1fba351c0 .delay 8 (2,2,2) L_000002a1fba351c0/d;
L_000002a1fba13000/d .functor BUFZ 8, L_000002a1fba42bb0, C4<00000000>, C4<00000000>, C4<00000000>;
L_000002a1fba13000 .delay 8 (2,2,2) L_000002a1fba13000/d;
o000002a1fba4afc8 .functor BUFZ 1, C4<z>; HiZ drive
v000002a1fba3a390_0 .net "CLK", 0 0, o000002a1fba4afc8;  0 drivers
o000002a1fba4aff8 .functor BUFZ 8, C4<zzzzzzzz>; HiZ drive
v000002a1fba3a1b0_0 .net "IN", 7 0, o000002a1fba4aff8;  0 drivers
o000002a1fba4b028 .functor BUFZ 3, C4<zzz>; HiZ drive
v000002a1fba39710_0 .net "INADDRESS", 2 0, o000002a1fba4b028;  0 drivers
v000002a1fba397b0_0 .net "OUT1", 7 0, L_000002a1fba351c0;  1 drivers
o000002a1fba4b088 .functor BUFZ 3, C4<zzz>; HiZ drive
v000002a1fba39850_0 .net "OUT1ADDRESS", 2 0, o000002a1fba4b088;  0 drivers
v000002a1fba398f0_0 .net "OUT2", 7 0, L_000002a1fba13000;  1 drivers
o000002a1fba4b0e8 .functor BUFZ 3, C4<zzz>; HiZ drive
v000002a1fba39c10_0 .net "OUT2ADDRESS", 2 0, o000002a1fba4b0e8;  0 drivers
o000002a1fba4b118 .functor BUFZ 1, C4<z>; HiZ drive
v000002a1fba39990_0 .net "RESET", 0 0, o000002a1fba4b118;  0 drivers
o000002a1fba4b148 .functor BUFZ 1, C4<z>; HiZ drive
v000002a1fba3a070_0 .net "WRITE", 0 0, o000002a1fba4b148;  0 drivers
v000002a1fba39a30_0 .net *"_ivl_0", 7 0, L_000002a1fba44550;  1 drivers
v000002a1fba39cb0_0 .net *"_ivl_10", 4 0, L_000002a1fba445f0;  1 drivers
L_000002a1fba9c080 .functor BUFT 1, C4<00>, C4<0>, C4<0>, C4<0>;
v000002a1fba39d50_0 .net *"_ivl_13", 1 0, L_000002a1fba9c080;  1 drivers
v000002a1fba39ad0_0 .net *"_ivl_2", 4 0, L_000002a1fba43b50;  1 drivers
L_000002a1fba9c038 .functor BUFT 1, C4<00>, C4<0>, C4<0>, C4<0>;
v000002a1fba39e90_0 .net *"_ivl_5", 1 0, L_000002a1fba9c038;  1 drivers
v000002a1fba39fd0_0 .net *"_ivl_8", 7 0, L_000002a1fba42bb0;  1 drivers
v000002a1fba433d0 .array "registers", 0 7, 7 0;
v000002a1fba433d0_7 .array/port v000002a1fba433d0, 7;
v000002a1fba433d0_6 .array/port v000002a1fba433d0, 6;
v000002a1fba433d0_5 .array/port v000002a1fba433d0, 5;
v000002a1fba433d0_4 .array/port v000002a1fba433d0, 4;
E_000002a1fb9f9b30/0 .event anyedge, v000002a1fba433d0_7, v000002a1fba433d0_6, v000002a1fba433d0_5, v000002a1fba433d0_4;
v000002a1fba433d0_3 .array/port v000002a1fba433d0, 3;
v000002a1fba433d0_2 .array/port v000002a1fba433d0, 2;
v000002a1fba433d0_1 .array/port v000002a1fba433d0, 1;
v000002a1fba433d0_0 .array/port v000002a1fba433d0, 0;
E_000002a1fb9f9b30/1 .event anyedge, v000002a1fba433d0_3, v000002a1fba433d0_2, v000002a1fba433d0_1, v000002a1fba433d0_0;
E_000002a1fb9f9b30/2 .event anyedge, v000002a1fba39990_0, v000002a1fba3a390_0, v000002a1fba3a070_0, v000002a1fba39c10_0;
E_000002a1fb9f9b30/3 .event anyedge, v000002a1fba39850_0, v000002a1fba39710_0, v000002a1fba398f0_0, v000002a1fba397b0_0;
E_000002a1fb9f9b30/4 .event anyedge, v000002a1fba3a1b0_0;
E_000002a1fb9f9b30 .event/or E_000002a1fb9f9b30/0, E_000002a1fb9f9b30/1, E_000002a1fb9f9b30/2, E_000002a1fb9f9b30/3, E_000002a1fb9f9b30/4;
E_000002a1fb9f8f30 .event posedge, v000002a1fba3a390_0;
L_000002a1fba44550 .array/port v000002a1fba433d0, L_000002a1fba43b50;
L_000002a1fba43b50 .concat [ 3 2 0 0], o000002a1fba4b088, L_000002a1fba9c038;
L_000002a1fba42bb0 .array/port v000002a1fba433d0, L_000002a1fba445f0;
L_000002a1fba445f0 .concat [ 3 2 0 0], o000002a1fba4b0e8, L_000002a1fba9c080;
S_000002a1fba12e70 .scope begin, "$ivl_for_loop0" "$ivl_for_loop0" 2 64, 2 64 0, S_000002a1fba12ce0;
 .timescale 0 0;
v000002a1fba3a2f0_0 .var/i "i", 31 0;
    .scope S_000002a1fba12ce0;
T_0 ;
    %wait E_000002a1fb9f8f30;
    %load/vec4 v000002a1fba3a070_0;
    %flag_set/vec4 9;
    %flag_get/vec4 9;
    %jmp/0 T_0.2, 9;
    %load/vec4 v000002a1fba39990_0;
    %inv;
    %and;
T_0.2;
    %flag_set/vec4 8;
    %jmp/0xz  T_0.0, 8;
    %delay 1, 0;
    %load/vec4 v000002a1fba3a1b0_0;
    %load/vec4 v000002a1fba39710_0;
    %pad/u 5;
    %ix/vec4 4;
    %store/vec4a v000002a1fba433d0, 4, 0;
T_0.0 ;
    %load/vec4 v000002a1fba39990_0;
    %flag_set/vec4 8;
    %jmp/0xz  T_0.3, 8;
    %delay 1, 0;
    %fork t_1, S_000002a1fba12e70;
    %jmp t_0;
    .scope S_000002a1fba12e70;
t_1 ;
    %pushi/vec4 0, 0, 32;
    %store/vec4 v000002a1fba3a2f0_0, 0, 32;
T_0.5 ;
    %load/vec4 v000002a1fba3a2f0_0;
    %cmpi/s 8, 0, 32;
    %jmp/0xz T_0.6, 5;
    %pushi/vec4 0, 0, 8;
    %ix/getv/s 4, v000002a1fba3a2f0_0;
    %store/vec4a v000002a1fba433d0, 4, 0;
    %load/vec4 v000002a1fba3a2f0_0;
    %addi 1, 0, 32;
    %store/vec4 v000002a1fba3a2f0_0, 0, 32;
    %jmp T_0.5;
T_0.6 ;
    %end;
    .scope S_000002a1fba12ce0;
t_0 %join;
T_0.3 ;
    %jmp T_0;
    .thread T_0;
    .scope S_000002a1fba12ce0;
T_1 ;
    %wait E_000002a1fb9f9b30;
    %vpi_call 2 74 "$display", $time, " %b %b %b %b %b %b %b %b %b %b %b %b %b %b %b %b %b", v000002a1fba3a1b0_0, v000002a1fba397b0_0, v000002a1fba398f0_0, v000002a1fba39710_0, v000002a1fba39850_0, v000002a1fba39c10_0, v000002a1fba3a070_0, v000002a1fba3a390_0, v000002a1fba39990_0, &A<v000002a1fba433d0, 0>, &A<v000002a1fba433d0, 1>, &A<v000002a1fba433d0, 2>, &A<v000002a1fba433d0, 3>, &A<v000002a1fba433d0, 4>, &A<v000002a1fba433d0, 5>, &A<v000002a1fba433d0, 6>, &A<v000002a1fba433d0, 7> {0 0 0};
    %jmp T_1;
    .thread T_1, $push;
# The file index is used to find the file name in the following table.
:file_names 3;
    "N/A";
    "<interactive>";
    "reg_file.v";
