#! /c/Source/iverilog-install/bin/vvp
:ivl_version "12.0 (devel)" "(s20150603-1539-g2693dd32b)";
:ivl_delay_selection "TYPICAL";
:vpi_time_precision - 10;
:vpi_module "F:\iverilog\lib\ivl\system.vpi";
:vpi_module "F:\iverilog\lib\ivl\vhdl_sys.vpi";
:vpi_module "F:\iverilog\lib\ivl\vhdl_textio.vpi";
:vpi_module "F:\iverilog\lib\ivl\v2005_math.vpi";
:vpi_module "F:\iverilog\lib\ivl\va_math.vpi";
S_000002edbf902ce0 .scope module, "dcache" "dcache" 2 11;
 .timescale -9 -10;
    .port_info 0 /INPUT 1 "clock";
    .port_info 1 /INPUT 1 "reset";
    .port_info 2 /OUTPUT 1 "busywait";
    .port_info 3 /INPUT 1 "read";
    .port_info 4 /INPUT 1 "write";
    .port_info 5 /INPUT 8 "writedata";
    .port_info 6 /OUTPUT 8 "readdata";
    .port_info 7 /INPUT 8 "address";
    .port_info 8 /INPUT 1 "mem_busywait";
    .port_info 9 /OUTPUT 1 "mem_read";
    .port_info 10 /OUTPUT 1 "mem_write";
    .port_info 11 /OUTPUT 32 "mem_writedata";
    .port_info 12 /INPUT 32 "mem_readdata";
    .port_info 13 /OUTPUT 6 "mem_address";
P_000002edbf8ebc30 .param/l "IDLE" 0 2 136, C4<000>;
P_000002edbf8ebc68 .param/l "MEM_READ" 0 2 136, C4<001>;
P_000002edbf8ebca0 .param/l "MEM_WRITE" 0 2 136, C4<010>;
v000002edbf931000_0 .net *"_ivl_1", 2 0, L_000002edbf9a7b70;  1 drivers
L_000002edbf9f0088 .functor BUFT 1, C4<000>, C4<0>, C4<0>, C4<0>;
v000002edbf931c80_0 .net *"_ivl_11", 2 0, L_000002edbf9f0088;  1 drivers
v000002edbf931140_0 .net *"_ivl_6", 36 0, L_000002edbf9a70d0;  1 drivers
v000002edbf931d20_0 .net *"_ivl_8", 4 0, L_000002edbf9a7170;  1 drivers
o000002edbf94f038 .functor BUFZ 8, C4<zzzzzzzz>; HiZ drive
v000002edbf930e20_0 .net "address", 7 0, o000002edbf94f038;  0 drivers
v000002edbf9311e0_0 .var "busywait", 0 0;
v000002edbf9313c0 .array "cache", 0 7, 36 0;
v000002edbf931280_0 .var "cache_entry", 36 0;
o000002edbf94f0c8 .functor BUFZ 1, C4<z>; HiZ drive
v000002edbf931320_0 .net "clock", 0 0, o000002edbf94f0c8;  0 drivers
v000002edbf9315a0_0 .var "dataword", 7 0;
v000002edbf931460_0 .var "dirty", 0 0;
v000002edbf931500_0 .var "hit", 0 0;
v000002edbf931640_0 .net "index", 1 0, L_000002edbf9a7850;  1 drivers
v000002edbf9316e0_0 .var "mem_address", 5 0;
o000002edbf94f1e8 .functor BUFZ 1, C4<z>; HiZ drive
v000002edbf931960_0 .net "mem_busywait", 0 0, o000002edbf94f1e8;  0 drivers
v000002edbf931820_0 .var "mem_read", 0 0;
o000002edbf94f248 .functor BUFZ 32, C4<zzzzzzzzzzzzzzzzzzzzzzzzzzzzzzzz>; HiZ drive
v000002edbf931a00_0 .net "mem_readdata", 31 0, o000002edbf94f248;  0 drivers
v000002edbf931aa0_0 .var "mem_write", 0 0;
v000002edbf931b40_0 .var "mem_writedata", 31 0;
v000002edbf9a72b0_0 .var "next_state", 2 0;
o000002edbf94f308 .functor BUFZ 1, C4<z>; HiZ drive
v000002edbf9a78f0_0 .net "read", 0 0, o000002edbf94f308;  0 drivers
v000002edbf9a66d0_0 .var "readdata", 7 0;
o000002edbf94f368 .functor BUFZ 1, C4<z>; HiZ drive
v000002edbf9a6ef0_0 .net "reset", 0 0, o000002edbf94f368;  0 drivers
v000002edbf9a6810_0 .var "state", 2 0;
v000002edbf9a6630_0 .var "tag", 2 0;
v000002edbf9a6db0_0 .var "valid", 0 0;
o000002edbf94f428 .functor BUFZ 1, C4<z>; HiZ drive
v000002edbf9a7030_0 .net "write", 0 0, o000002edbf94f428;  0 drivers
o000002edbf94f458 .functor BUFZ 8, C4<zzzzzzzz>; HiZ drive
v000002edbf9a7d50_0 .net "writedata", 7 0, o000002edbf94f458;  0 drivers
E_000002edbf92edc0 .event posedge, v000002edbf9a6ef0_0;
E_000002edbf92ed40/0 .event anyedge, v000002edbf9a6ef0_0;
E_000002edbf92ed40/1 .event posedge, v000002edbf931320_0;
E_000002edbf92ed40 .event/or E_000002edbf92ed40/0, E_000002edbf92ed40/1;
E_000002edbf92ee80/0 .event anyedge, v000002edbf9a6810_0, v000002edbf930e20_0, v000002edbf931640_0, v000002edbf9a6630_0;
E_000002edbf92ee80/1 .event anyedge, v000002edbf931280_0;
E_000002edbf92ee80 .event/or E_000002edbf92ee80/0, E_000002edbf92ee80/1;
E_000002edbf92ef80/0 .event anyedge, v000002edbf9a6810_0, v000002edbf9a78f0_0, v000002edbf9a7030_0, v000002edbf931460_0;
E_000002edbf92ef80/1 .event anyedge, v000002edbf931500_0, v000002edbf931960_0;
E_000002edbf92ef80 .event/or E_000002edbf92ef80/0, E_000002edbf92ef80/1;
E_000002edbf92ecc0 .event posedge, v000002edbf931320_0;
E_000002edbf92e800 .event anyedge, v000002edbf931500_0, v000002edbf9a78f0_0, v000002edbf9315a0_0;
E_000002edbf92e680/0 .event anyedge, v000002edbf9a7030_0, v000002edbf9a78f0_0, v000002edbf931280_0;
E_000002edbf92e680/1 .event negedge, v000002edbf931320_0;
E_000002edbf92e680 .event/or E_000002edbf92e680/0, E_000002edbf92e680/1;
E_000002edbf92ec80 .event anyedge, L_000002edbf9a70d0, v000002edbf930e20_0;
L_000002edbf9a7b70 .part o000002edbf94f038, 2, 3;
L_000002edbf9a7850 .part L_000002edbf9a7b70, 0, 2;
L_000002edbf9a70d0 .array/port v000002edbf9313c0, L_000002edbf9a7170;
L_000002edbf9a7170 .concat [ 2 3 0 0], L_000002edbf9a7850, L_000002edbf9f0088;
S_000002edbf902f60 .scope begin, "$ivl_for_loop0" "$ivl_for_loop0" 2 229, 2 229 0, S_000002edbf902ce0;
 .timescale -9 -10;
v000002edbf930ec0_0 .var/i "i", 31 0;
    .scope S_000002edbf902ce0;
T_0 ;
    %wait E_000002edbf92ec80;
    %delay 10, 0;
    %load/vec4 v000002edbf931640_0;
    %pad/u 5;
    %ix/vec4 4;
    %load/vec4a v000002edbf9313c0, 4;
    %store/vec4 v000002edbf931280_0, 0, 37;
    %jmp T_0;
    .thread T_0, $push;
    .scope S_000002edbf902ce0;
T_1 ;
    %wait E_000002edbf92e680;
    %delay 9, 0;
    %load/vec4 v000002edbf931280_0;
    %parti/s 1, 36, 7;
    %store/vec4 v000002edbf9a6db0_0, 0, 1;
    %load/vec4 v000002edbf931280_0;
    %parti/s 1, 35, 7;
    %store/vec4 v000002edbf931460_0, 0, 1;
    %load/vec4 v000002edbf931280_0;
    %parti/s 3, 32, 7;
    %store/vec4 v000002edbf9a6630_0, 0, 3;
    %load/vec4 v000002edbf9a78f0_0;
    %flag_set/vec4 10;
    %flag_get/vec4 10;
    %jmp/0 T_1.3, 10;
    %load/vec4 v000002edbf9a6db0_0;
    %and;
T_1.3;
    %flag_set/vec4 9;
    %flag_get/vec4 9;
    %jmp/0 T_1.2, 9;
    %load/vec4 v000002edbf9a6630_0;
    %load/vec4 v000002edbf930e20_0;
    %parti/s 3, 5, 4;
    %cmp/e;
    %flag_get/vec4 4;
    %and;
T_1.2;
    %flag_set/vec4 8;
    %jmp/0xz  T_1.0, 8;
    %pushi/vec4 1, 0, 1;
    %store/vec4 v000002edbf931500_0, 0, 1;
    %jmp T_1.1;
T_1.0 ;
    %load/vec4 v000002edbf9a7030_0;
    %flag_set/vec4 11;
    %flag_get/vec4 11;
    %jmp/0 T_1.8, 11;
    %load/vec4 v000002edbf9a6db0_0;
    %and;
T_1.8;
    %flag_set/vec4 10;
    %flag_get/vec4 10;
    %jmp/0 T_1.7, 10;
    %load/vec4 v000002edbf931460_0;
    %nor/r;
    %and;
T_1.7;
    %flag_set/vec4 9;
    %flag_get/vec4 9;
    %jmp/0 T_1.6, 9;
    %load/vec4 v000002edbf9a6630_0;
    %load/vec4 v000002edbf930e20_0;
    %parti/s 3, 5, 4;
    %cmp/e;
    %flag_get/vec4 4;
    %and;
T_1.6;
    %flag_set/vec4 8;
    %jmp/0xz  T_1.4, 8;
    %pushi/vec4 1, 0, 1;
    %store/vec4 v000002edbf931500_0, 0, 1;
    %jmp T_1.5;
T_1.4 ;
    %pushi/vec4 0, 0, 1;
    %store/vec4 v000002edbf931500_0, 0, 1;
T_1.5 ;
T_1.1 ;
    %jmp T_1;
    .thread T_1;
    .scope S_000002edbf902ce0;
T_2 ;
    %wait E_000002edbf92e680;
    %delay 10, 0;
    %load/vec4 v000002edbf930e20_0;
    %parti/s 2, 0, 2;
    %dup/vec4;
    %pushi/vec4 0, 0, 2;
    %cmp/u;
    %jmp/1 T_2.0, 6;
    %dup/vec4;
    %pushi/vec4 1, 0, 2;
    %cmp/u;
    %jmp/1 T_2.1, 6;
    %dup/vec4;
    %pushi/vec4 2, 0, 2;
    %cmp/u;
    %jmp/1 T_2.2, 6;
    %dup/vec4;
    %pushi/vec4 3, 0, 2;
    %cmp/u;
    %jmp/1 T_2.3, 6;
    %jmp T_2.4;
T_2.0 ;
    %load/vec4 v000002edbf931280_0;
    %parti/s 8, 0, 2;
    %store/vec4 v000002edbf9315a0_0, 0, 8;
    %jmp T_2.4;
T_2.1 ;
    %load/vec4 v000002edbf931280_0;
    %parti/s 8, 8, 5;
    %store/vec4 v000002edbf9315a0_0, 0, 8;
    %jmp T_2.4;
T_2.2 ;
    %load/vec4 v000002edbf931280_0;
    %parti/s 8, 16, 6;
    %store/vec4 v000002edbf9315a0_0, 0, 8;
    %jmp T_2.4;
T_2.3 ;
    %load/vec4 v000002edbf931280_0;
    %parti/s 8, 24, 6;
    %store/vec4 v000002edbf9315a0_0, 0, 8;
    %jmp T_2.4;
T_2.4 ;
    %pop/vec4 1;
    %jmp T_2;
    .thread T_2;
    .scope S_000002edbf902ce0;
T_3 ;
    %wait E_000002edbf92e800;
    %load/vec4 v000002edbf931500_0;
    %flag_set/vec4 9;
    %flag_get/vec4 9;
    %jmp/0 T_3.2, 9;
    %load/vec4 v000002edbf9a78f0_0;
    %and;
T_3.2;
    %flag_set/vec4 8;
    %jmp/0xz  T_3.0, 8;
    %load/vec4 v000002edbf9315a0_0;
    %store/vec4 v000002edbf9a66d0_0, 0, 8;
T_3.0 ;
    %jmp T_3;
    .thread T_3, $push;
    .scope S_000002edbf902ce0;
T_4 ;
    %wait E_000002edbf92ecc0;
    %load/vec4 v000002edbf931500_0;
    %flag_set/vec4 9;
    %flag_get/vec4 9;
    %jmp/0 T_4.2, 9;
    %load/vec4 v000002edbf9a7030_0;
    %and;
T_4.2;
    %flag_set/vec4 8;
    %jmp/0xz  T_4.0, 8;
    %delay 10, 0;
    %load/vec4 v000002edbf930e20_0;
    %parti/s 2, 0, 2;
    %dup/vec4;
    %pushi/vec4 0, 0, 2;
    %cmp/u;
    %jmp/1 T_4.3, 6;
    %dup/vec4;
    %pushi/vec4 1, 0, 2;
    %cmp/u;
    %jmp/1 T_4.4, 6;
    %dup/vec4;
    %pushi/vec4 2, 0, 2;
    %cmp/u;
    %jmp/1 T_4.5, 6;
    %dup/vec4;
    %pushi/vec4 3, 0, 2;
    %cmp/u;
    %jmp/1 T_4.6, 6;
    %jmp T_4.7;
T_4.3 ;
    %pushi/vec4 1, 0, 1;
    %concati/vec4 1, 0, 1;
    %load/vec4 v000002edbf930e20_0;
    %parti/s 3, 5, 4;
    %concat/vec4; draw_concat_vec4
    %load/vec4 v000002edbf931640_0;
    %pad/u 5;
    %ix/vec4 4;
    %load/vec4a v000002edbf9313c0, 4;
    %parti/s 24, 8, 5;
    %concat/vec4; draw_concat_vec4
    %load/vec4 v000002edbf9a7d50_0;
    %concat/vec4; draw_concat_vec4
    %load/vec4 v000002edbf931640_0;
    %pad/u 5;
    %ix/vec4 4;
    %store/vec4a v000002edbf9313c0, 4, 0;
    %jmp T_4.7;
T_4.4 ;
    %pushi/vec4 1, 0, 1;
    %concati/vec4 1, 0, 1;
    %load/vec4 v000002edbf930e20_0;
    %parti/s 3, 5, 4;
    %concat/vec4; draw_concat_vec4
    %load/vec4 v000002edbf931640_0;
    %pad/u 5;
    %ix/vec4 4;
    %load/vec4a v000002edbf9313c0, 4;
    %parti/s 16, 16, 6;
    %concat/vec4; draw_concat_vec4
    %load/vec4 v000002edbf9a7d50_0;
    %concat/vec4; draw_concat_vec4
    %load/vec4 v000002edbf930e20_0;
    %parti/s 3, 2, 3;
    %pad/u 5;
    %ix/vec4 4;
    %load/vec4a v000002edbf9313c0, 4;
    %parti/s 8, 0, 2;
    %concat/vec4; draw_concat_vec4
    %load/vec4 v000002edbf931640_0;
    %pad/u 5;
    %ix/vec4 4;
    %store/vec4a v000002edbf9313c0, 4, 0;
    %jmp T_4.7;
T_4.5 ;
    %pushi/vec4 1, 0, 1;
    %concati/vec4 1, 0, 1;
    %load/vec4 v000002edbf930e20_0;
    %parti/s 3, 5, 4;
    %concat/vec4; draw_concat_vec4
    %load/vec4 v000002edbf931640_0;
    %pad/u 5;
    %ix/vec4 4;
    %load/vec4a v000002edbf9313c0, 4;
    %parti/s 8, 24, 6;
    %concat/vec4; draw_concat_vec4
    %load/vec4 v000002edbf9a7d50_0;
    %concat/vec4; draw_concat_vec4
    %load/vec4 v000002edbf930e20_0;
    %parti/s 3, 2, 3;
    %pad/u 5;
    %ix/vec4 4;
    %load/vec4a v000002edbf9313c0, 4;
    %parti/s 16, 0, 2;
    %concat/vec4; draw_concat_vec4
    %load/vec4 v000002edbf931640_0;
    %pad/u 5;
    %ix/vec4 4;
    %store/vec4a v000002edbf9313c0, 4, 0;
    %jmp T_4.7;
T_4.6 ;
    %pushi/vec4 1, 0, 1;
    %concati/vec4 1, 0, 1;
    %load/vec4 v000002edbf930e20_0;
    %parti/s 3, 5, 4;
    %concat/vec4; draw_concat_vec4
    %load/vec4 v000002edbf9a7d50_0;
    %concat/vec4; draw_concat_vec4
    %load/vec4 v000002edbf931640_0;
    %pad/u 5;
    %ix/vec4 4;
    %load/vec4a v000002edbf9313c0, 4;
    %parti/s 24, 0, 2;
    %concat/vec4; draw_concat_vec4
    %load/vec4 v000002edbf931640_0;
    %pad/u 5;
    %ix/vec4 4;
    %store/vec4a v000002edbf9313c0, 4, 0;
    %jmp T_4.7;
T_4.7 ;
    %pop/vec4 1;
    %jmp T_4.1;
T_4.0 ;
    %load/vec4 v000002edbf931960_0;
    %nor/r;
    %flag_set/vec4 11;
    %flag_get/vec4 11;
    %jmp/0 T_4.12, 11;
    %load/vec4 v000002edbf931500_0;
    %nor/r;
    %and;
T_4.12;
    %flag_set/vec4 10;
    %flag_get/vec4 10;
    %jmp/0 T_4.11, 10;
    %load/vec4 v000002edbf9a78f0_0;
    %flag_set/vec4 10;
    %flag_get/vec4 10;
    %jmp/1 T_4.13, 10;
    %load/vec4 v000002edbf9a7030_0;
    %or;
T_4.13;
    %and;
T_4.11;
    %flag_set/vec4 9;
    %flag_get/vec4 9;
    %jmp/0 T_4.10, 9;
    %load/vec4 v000002edbf931820_0;
    %and;
T_4.10;
    %flag_set/vec4 8;
    %jmp/0xz  T_4.8, 8;
    %delay 10, 0;
    %pushi/vec4 1, 0, 1;
    %concati/vec4 0, 0, 1;
    %load/vec4 v000002edbf930e20_0;
    %parti/s 3, 5, 4;
    %concat/vec4; draw_concat_vec4
    %load/vec4 v000002edbf931a00_0;
    %concat/vec4; draw_concat_vec4
    %load/vec4 v000002edbf931640_0;
    %pad/u 5;
    %ix/vec4 4;
    %store/vec4a v000002edbf9313c0, 4, 0;
    %jmp T_4.9;
T_4.8 ;
    %load/vec4 v000002edbf931960_0;
    %nor/r;
    %flag_set/vec4 11;
    %flag_get/vec4 11;
    %jmp/0 T_4.18, 11;
    %load/vec4 v000002edbf931500_0;
    %nor/r;
    %and;
T_4.18;
    %flag_set/vec4 10;
    %flag_get/vec4 10;
    %jmp/0 T_4.17, 10;
    %load/vec4 v000002edbf9a78f0_0;
    %flag_set/vec4 10;
    %flag_get/vec4 10;
    %jmp/1 T_4.19, 10;
    %load/vec4 v000002edbf9a7030_0;
    %or;
T_4.19;
    %and;
T_4.17;
    %flag_set/vec4 9;
    %flag_get/vec4 9;
    %jmp/0 T_4.16, 9;
    %load/vec4 v000002edbf931aa0_0;
    %and;
T_4.16;
    %flag_set/vec4 8;
    %jmp/0xz  T_4.14, 8;
    %pushi/vec4 0, 0, 1;
    %load/vec4 v000002edbf931640_0;
    %pad/u 5;
    %ix/vec4 4;
    %flag_mov 8, 4;
    %ix/load 5, 35, 0;
    %flag_set/imm 4, 0;
    %flag_or 4, 8;
    %store/vec4a v000002edbf9313c0, 4, 5;
T_4.14 ;
T_4.9 ;
T_4.1 ;
    %jmp T_4;
    .thread T_4;
    .scope S_000002edbf902ce0;
T_5 ;
    %wait E_000002edbf92ef80;
    %load/vec4 v000002edbf9a6810_0;
    %dup/vec4;
    %pushi/vec4 0, 0, 3;
    %cmp/u;
    %jmp/1 T_5.0, 6;
    %dup/vec4;
    %pushi/vec4 1, 0, 3;
    %cmp/u;
    %jmp/1 T_5.1, 6;
    %dup/vec4;
    %pushi/vec4 2, 0, 3;
    %cmp/u;
    %jmp/1 T_5.2, 6;
    %jmp T_5.3;
T_5.0 ;
    %load/vec4 v000002edbf9a78f0_0;
    %flag_set/vec4 10;
    %jmp/1 T_5.8, 10;
    %load/vec4 v000002edbf9a7030_0;
    %flag_set/vec4 11;
    %flag_or 10, 11;
T_5.8;
    %flag_get/vec4 10;
    %jmp/0 T_5.7, 10;
    %load/vec4 v000002edbf931460_0;
    %nor/r;
    %and;
T_5.7;
    %flag_set/vec4 9;
    %flag_get/vec4 9;
    %jmp/0 T_5.6, 9;
    %load/vec4 v000002edbf931500_0;
    %nor/r;
    %and;
T_5.6;
    %flag_set/vec4 8;
    %jmp/0xz  T_5.4, 8;
    %pushi/vec4 1, 0, 3;
    %store/vec4 v000002edbf9a72b0_0, 0, 3;
    %jmp T_5.5;
T_5.4 ;
    %load/vec4 v000002edbf9a78f0_0;
    %flag_set/vec4 10;
    %jmp/1 T_5.13, 10;
    %load/vec4 v000002edbf9a7030_0;
    %flag_set/vec4 11;
    %flag_or 10, 11;
T_5.13;
    %flag_get/vec4 10;
    %jmp/0 T_5.12, 10;
    %load/vec4 v000002edbf931460_0;
    %and;
T_5.12;
    %flag_set/vec4 9;
    %flag_get/vec4 9;
    %jmp/0 T_5.11, 9;
    %load/vec4 v000002edbf931500_0;
    %nor/r;
    %and;
T_5.11;
    %flag_set/vec4 8;
    %jmp/0xz  T_5.9, 8;
    %pushi/vec4 2, 0, 3;
    %store/vec4 v000002edbf9a72b0_0, 0, 3;
    %jmp T_5.10;
T_5.9 ;
    %pushi/vec4 0, 0, 3;
    %store/vec4 v000002edbf9a72b0_0, 0, 3;
T_5.10 ;
T_5.5 ;
    %jmp T_5.3;
T_5.1 ;
    %load/vec4 v000002edbf931960_0;
    %nor/r;
    %flag_set/vec4 8;
    %jmp/0xz  T_5.14, 8;
    %pushi/vec4 0, 0, 3;
    %store/vec4 v000002edbf9a72b0_0, 0, 3;
    %jmp T_5.15;
T_5.14 ;
    %pushi/vec4 1, 0, 3;
    %store/vec4 v000002edbf9a72b0_0, 0, 3;
T_5.15 ;
    %jmp T_5.3;
T_5.2 ;
    %load/vec4 v000002edbf931960_0;
    %nor/r;
    %flag_set/vec4 8;
    %jmp/0xz  T_5.16, 8;
    %pushi/vec4 0, 0, 3;
    %store/vec4 v000002edbf9a72b0_0, 0, 3;
    %pushi/vec4 0, 0, 1;
    %store/vec4 v000002edbf9311e0_0, 0, 1;
    %jmp T_5.17;
T_5.16 ;
    %pushi/vec4 2, 0, 3;
    %store/vec4 v000002edbf9a72b0_0, 0, 3;
    %pushi/vec4 1, 0, 1;
    %store/vec4 v000002edbf9311e0_0, 0, 1;
T_5.17 ;
    %jmp T_5.3;
T_5.3 ;
    %pop/vec4 1;
    %jmp T_5;
    .thread T_5, $push;
    .scope S_000002edbf902ce0;
T_6 ;
    %wait E_000002edbf92ee80;
    %load/vec4 v000002edbf9a6810_0;
    %dup/vec4;
    %pushi/vec4 0, 0, 3;
    %cmp/u;
    %jmp/1 T_6.0, 6;
    %dup/vec4;
    %pushi/vec4 1, 0, 3;
    %cmp/u;
    %jmp/1 T_6.1, 6;
    %dup/vec4;
    %pushi/vec4 2, 0, 3;
    %cmp/u;
    %jmp/1 T_6.2, 6;
    %jmp T_6.3;
T_6.0 ;
    %pushi/vec4 0, 0, 1;
    %store/vec4 v000002edbf931820_0, 0, 1;
    %pushi/vec4 0, 0, 1;
    %store/vec4 v000002edbf931aa0_0, 0, 1;
    %pushi/vec4 31, 31, 6;
    %store/vec4 v000002edbf9316e0_0, 0, 6;
    %pushi/vec4 4294967295, 4294967295, 32;
    %store/vec4 v000002edbf931b40_0, 0, 32;
    %pushi/vec4 0, 0, 1;
    %store/vec4 v000002edbf9311e0_0, 0, 1;
    %jmp T_6.3;
T_6.1 ;
    %pushi/vec4 1, 0, 1;
    %store/vec4 v000002edbf931820_0, 0, 1;
    %pushi/vec4 0, 0, 1;
    %store/vec4 v000002edbf931aa0_0, 0, 1;
    %load/vec4 v000002edbf930e20_0;
    %parti/s 3, 5, 4;
    %load/vec4 v000002edbf931640_0;
    %concat/vec4; draw_concat_vec4
    %pad/u 6;
    %store/vec4 v000002edbf9316e0_0, 0, 6;
    %pushi/vec4 4294967295, 4294967295, 32;
    %store/vec4 v000002edbf931b40_0, 0, 32;
    %pushi/vec4 1, 0, 1;
    %store/vec4 v000002edbf9311e0_0, 0, 1;
    %jmp T_6.3;
T_6.2 ;
    %pushi/vec4 0, 0, 1;
    %store/vec4 v000002edbf931820_0, 0, 1;
    %pushi/vec4 1, 0, 1;
    %store/vec4 v000002edbf931aa0_0, 0, 1;
    %load/vec4 v000002edbf9a6630_0;
    %load/vec4 v000002edbf931640_0;
    %concat/vec4; draw_concat_vec4
    %pad/u 6;
    %store/vec4 v000002edbf9316e0_0, 0, 6;
    %load/vec4 v000002edbf931280_0;
    %pad/u 32;
    %store/vec4 v000002edbf931b40_0, 0, 32;
    %pushi/vec4 1, 0, 1;
    %store/vec4 v000002edbf9311e0_0, 0, 1;
    %jmp T_6.3;
T_6.3 ;
    %pop/vec4 1;
    %jmp T_6;
    .thread T_6, $push;
    .scope S_000002edbf902ce0;
T_7 ;
    %wait E_000002edbf92ed40;
    %load/vec4 v000002edbf9a6ef0_0;
    %flag_set/vec4 8;
    %jmp/0xz  T_7.0, 8;
    %pushi/vec4 0, 0, 3;
    %store/vec4 v000002edbf9a6810_0, 0, 3;
    %jmp T_7.1;
T_7.0 ;
    %load/vec4 v000002edbf9a72b0_0;
    %store/vec4 v000002edbf9a6810_0, 0, 3;
T_7.1 ;
    %jmp T_7;
    .thread T_7;
    .scope S_000002edbf902ce0;
T_8 ;
    %wait E_000002edbf92edc0;
    %load/vec4 v000002edbf9a6ef0_0;
    %flag_set/vec4 8;
    %jmp/0xz  T_8.0, 8;
    %fork t_1, S_000002edbf902f60;
    %jmp t_0;
    .scope S_000002edbf902f60;
t_1 ;
    %pushi/vec4 0, 0, 32;
    %store/vec4 v000002edbf930ec0_0, 0, 32;
T_8.2 ;
    %load/vec4 v000002edbf930ec0_0;
    %cmpi/s 8, 0, 32;
    %jmp/0xz T_8.3, 5;
    %pushi/vec4 0, 0, 37;
    %ix/getv/s 4, v000002edbf930ec0_0;
    %store/vec4a v000002edbf9313c0, 4, 0;
    %load/vec4 v000002edbf930ec0_0;
    %addi 1, 0, 32;
    %store/vec4 v000002edbf930ec0_0, 0, 32;
    %jmp T_8.2;
T_8.3 ;
    %end;
    .scope S_000002edbf902ce0;
t_0 %join;
    %pushi/vec4 0, 0, 1;
    %store/vec4 v000002edbf9311e0_0, 0, 1;
T_8.0 ;
    %jmp T_8;
    .thread T_8;
# The file index is used to find the file name in the following table.
:file_names 3;
    "N/A";
    "<interactive>";
    "dcache.v";
