#! /c/Source/iverilog-install/bin/vvp
:ivl_version "12.0 (devel)" "(s20150603-1539-g2693dd32b)";
:ivl_delay_selection "TYPICAL";
:vpi_time_precision + 0;
:vpi_module "F:\iverilog\lib\ivl\system.vpi";
:vpi_module "F:\iverilog\lib\ivl\vhdl_sys.vpi";
:vpi_module "F:\iverilog\lib\ivl\vhdl_textio.vpi";
:vpi_module "F:\iverilog\lib\ivl\v2005_math.vpi";
:vpi_module "F:\iverilog\lib\ivl\va_math.vpi";
S_00000244885f2df0 .scope module, "reg_file" "reg_file" 2 1;
 .timescale 0 0;
    .port_info 0 /INPUT 8 "IN";
    .port_info 1 /OUTPUT 8 "OUT1";
    .port_info 2 /OUTPUT 8 "OUT2";
    .port_info 3 /INPUT 3 "INADDRESS";
    .port_info 4 /INPUT 3 "OUT1ADDRESS";
    .port_info 5 /INPUT 3 "OUT2ADDRESS";
    .port_info 6 /INPUT 1 "WRITE";
    .port_info 7 /INPUT 1 "CLK";
    .port_info 8 /INPUT 1 "RESET";
o000002448862efa8 .functor BUFZ 1, C4<z>; HiZ drive
v0000024488618720_0 .net "CLK", 0 0, o000002448862efa8;  0 drivers
o000002448862efd8 .functor BUFZ 8, C4<zzzzzzzz>; HiZ drive
v00000244886182c0_0 .net "IN", 7 0, o000002448862efd8;  0 drivers
o000002448862f008 .functor BUFZ 3, C4<zzz>; HiZ drive
v0000024488617960_0 .net "INADDRESS", 2 0, o000002448862f008;  0 drivers
v0000024488618400_0 .var "OUT1", 7 0;
o000002448862f068 .functor BUFZ 3, C4<zzz>; HiZ drive
v0000024488617820_0 .net "OUT1ADDRESS", 2 0, o000002448862f068;  0 drivers
v0000024488617a00_0 .var "OUT2", 7 0;
o000002448862f0c8 .functor BUFZ 3, C4<zzz>; HiZ drive
v00000244886180e0_0 .net "OUT2ADDRESS", 2 0, o000002448862f0c8;  0 drivers
o000002448862f0f8 .functor BUFZ 1, C4<z>; HiZ drive
v00000244886184a0_0 .net "RESET", 0 0, o000002448862f0f8;  0 drivers
o000002448862f128 .functor BUFZ 1, C4<z>; HiZ drive
v00000244886178c0_0 .net "WRITE", 0 0, o000002448862f128;  0 drivers
v0000024488618540_0 .var "register0", 7 0;
v0000024488617d20_0 .var "register1", 7 0;
v0000024488617f00_0 .var "register2", 7 0;
v0000024488617fa0_0 .var "register3", 7 0;
v0000024488618680_0 .var "register4", 7 0;
v0000024488618180_0 .var "register5", 7 0;
v0000024488617aa0_0 .var "register6", 7 0;
v0000024488618040_0 .var "register7", 7 0;
E_00000244886f9750 .event posedge, v0000024488618720_0;
E_00000244886f8e10/0 .event anyedge, v0000024488618040_0, v0000024488617aa0_0, v0000024488618180_0, v0000024488618680_0;
E_00000244886f8e10/1 .event anyedge, v0000024488617fa0_0, v0000024488617f00_0, v0000024488617d20_0, v0000024488618540_0;
E_00000244886f8e10/2 .event anyedge, v00000244886180e0_0;
E_00000244886f8e10 .event/or E_00000244886f8e10/0, E_00000244886f8e10/1, E_00000244886f8e10/2;
E_00000244886f9790/0 .event anyedge, v0000024488618040_0, v0000024488617aa0_0, v0000024488618180_0, v0000024488618680_0;
E_00000244886f9790/1 .event anyedge, v0000024488617fa0_0, v0000024488617f00_0, v0000024488617d20_0, v0000024488618540_0;
E_00000244886f9790/2 .event anyedge, v0000024488617820_0;
E_00000244886f9790 .event/or E_00000244886f9790/0, E_00000244886f9790/1, E_00000244886f9790/2;
    .scope S_00000244885f2df0;
T_0 ;
    %wait E_00000244886f9790;
    %load/vec4 v0000024488617820_0;
    %dup/vec4;
    %pushi/vec4 0, 0, 3;
    %cmp/u;
    %jmp/1 T_0.0, 6;
    %dup/vec4;
    %pushi/vec4 1, 0, 3;
    %cmp/u;
    %jmp/1 T_0.1, 6;
    %dup/vec4;
    %pushi/vec4 2, 0, 3;
    %cmp/u;
    %jmp/1 T_0.2, 6;
    %dup/vec4;
    %pushi/vec4 3, 0, 3;
    %cmp/u;
    %jmp/1 T_0.3, 6;
    %dup/vec4;
    %pushi/vec4 4, 0, 3;
    %cmp/u;
    %jmp/1 T_0.4, 6;
    %dup/vec4;
    %pushi/vec4 5, 0, 3;
    %cmp/u;
    %jmp/1 T_0.5, 6;
    %dup/vec4;
    %pushi/vec4 6, 0, 3;
    %cmp/u;
    %jmp/1 T_0.6, 6;
    %dup/vec4;
    %pushi/vec4 7, 0, 3;
    %cmp/u;
    %jmp/1 T_0.7, 6;
    %delay 2, 0;
    %pushi/vec4 0, 0, 8;
    %store/vec4 v0000024488618400_0, 0, 8;
    %jmp T_0.9;
T_0.0 ;
    %delay 2, 0;
    %load/vec4 v0000024488618540_0;
    %store/vec4 v0000024488618400_0, 0, 8;
    %jmp T_0.9;
T_0.1 ;
    %delay 2, 0;
    %load/vec4 v0000024488617d20_0;
    %store/vec4 v0000024488618400_0, 0, 8;
    %jmp T_0.9;
T_0.2 ;
    %delay 2, 0;
    %load/vec4 v0000024488617f00_0;
    %store/vec4 v0000024488618400_0, 0, 8;
    %jmp T_0.9;
T_0.3 ;
    %delay 2, 0;
    %load/vec4 v0000024488617fa0_0;
    %store/vec4 v0000024488618400_0, 0, 8;
    %jmp T_0.9;
T_0.4 ;
    %delay 2, 0;
    %load/vec4 v0000024488618680_0;
    %store/vec4 v0000024488618400_0, 0, 8;
    %jmp T_0.9;
T_0.5 ;
    %delay 2, 0;
    %load/vec4 v0000024488618180_0;
    %store/vec4 v0000024488618400_0, 0, 8;
    %jmp T_0.9;
T_0.6 ;
    %delay 2, 0;
    %load/vec4 v0000024488617aa0_0;
    %store/vec4 v0000024488618400_0, 0, 8;
    %jmp T_0.9;
T_0.7 ;
    %delay 2, 0;
    %load/vec4 v0000024488618040_0;
    %store/vec4 v0000024488618400_0, 0, 8;
    %jmp T_0.9;
T_0.9 ;
    %pop/vec4 1;
    %jmp T_0;
    .thread T_0, $push;
    .scope S_00000244885f2df0;
T_1 ;
    %wait E_00000244886f8e10;
    %load/vec4 v00000244886180e0_0;
    %dup/vec4;
    %pushi/vec4 0, 0, 3;
    %cmp/u;
    %jmp/1 T_1.0, 6;
    %dup/vec4;
    %pushi/vec4 1, 0, 3;
    %cmp/u;
    %jmp/1 T_1.1, 6;
    %dup/vec4;
    %pushi/vec4 2, 0, 3;
    %cmp/u;
    %jmp/1 T_1.2, 6;
    %dup/vec4;
    %pushi/vec4 3, 0, 3;
    %cmp/u;
    %jmp/1 T_1.3, 6;
    %dup/vec4;
    %pushi/vec4 4, 0, 3;
    %cmp/u;
    %jmp/1 T_1.4, 6;
    %dup/vec4;
    %pushi/vec4 5, 0, 3;
    %cmp/u;
    %jmp/1 T_1.5, 6;
    %dup/vec4;
    %pushi/vec4 6, 0, 3;
    %cmp/u;
    %jmp/1 T_1.6, 6;
    %dup/vec4;
    %pushi/vec4 7, 0, 3;
    %cmp/u;
    %jmp/1 T_1.7, 6;
    %delay 2, 0;
    %pushi/vec4 0, 0, 8;
    %store/vec4 v0000024488617a00_0, 0, 8;
    %jmp T_1.9;
T_1.0 ;
    %delay 2, 0;
    %load/vec4 v0000024488618540_0;
    %store/vec4 v0000024488617a00_0, 0, 8;
    %jmp T_1.9;
T_1.1 ;
    %delay 2, 0;
    %load/vec4 v0000024488617d20_0;
    %store/vec4 v0000024488617a00_0, 0, 8;
    %jmp T_1.9;
T_1.2 ;
    %delay 2, 0;
    %load/vec4 v0000024488617f00_0;
    %store/vec4 v0000024488617a00_0, 0, 8;
    %jmp T_1.9;
T_1.3 ;
    %delay 2, 0;
    %load/vec4 v0000024488617fa0_0;
    %store/vec4 v0000024488617a00_0, 0, 8;
    %jmp T_1.9;
T_1.4 ;
    %delay 2, 0;
    %load/vec4 v0000024488618680_0;
    %store/vec4 v0000024488617a00_0, 0, 8;
    %jmp T_1.9;
T_1.5 ;
    %delay 2, 0;
    %load/vec4 v0000024488618180_0;
    %store/vec4 v0000024488617a00_0, 0, 8;
    %jmp T_1.9;
T_1.6 ;
    %delay 2, 0;
    %load/vec4 v0000024488617aa0_0;
    %store/vec4 v0000024488617a00_0, 0, 8;
    %jmp T_1.9;
T_1.7 ;
    %delay 2, 0;
    %load/vec4 v0000024488618040_0;
    %store/vec4 v0000024488617a00_0, 0, 8;
    %jmp T_1.9;
T_1.9 ;
    %pop/vec4 1;
    %jmp T_1;
    .thread T_1, $push;
    .scope S_00000244885f2df0;
T_2 ;
    %wait E_00000244886f9750;
    %load/vec4 v00000244886178c0_0;
    %flag_set/vec4 9;
    %flag_get/vec4 9;
    %jmp/0 T_2.2, 9;
    %load/vec4 v00000244886184a0_0;
    %inv;
    %and;
T_2.2;
    %flag_set/vec4 8;
    %jmp/0xz  T_2.0, 8;
    %load/vec4 v0000024488617960_0;
    %dup/vec4;
    %pushi/vec4 0, 0, 3;
    %cmp/u;
    %jmp/1 T_2.3, 6;
    %dup/vec4;
    %pushi/vec4 1, 0, 3;
    %cmp/u;
    %jmp/1 T_2.4, 6;
    %dup/vec4;
    %pushi/vec4 2, 0, 3;
    %cmp/u;
    %jmp/1 T_2.5, 6;
    %dup/vec4;
    %pushi/vec4 3, 0, 3;
    %cmp/u;
    %jmp/1 T_2.6, 6;
    %dup/vec4;
    %pushi/vec4 4, 0, 3;
    %cmp/u;
    %jmp/1 T_2.7, 6;
    %dup/vec4;
    %pushi/vec4 5, 0, 3;
    %cmp/u;
    %jmp/1 T_2.8, 6;
    %dup/vec4;
    %pushi/vec4 6, 0, 3;
    %cmp/u;
    %jmp/1 T_2.9, 6;
    %dup/vec4;
    %pushi/vec4 7, 0, 3;
    %cmp/u;
    %jmp/1 T_2.10, 6;
    %delay 1, 0;
    %pushi/vec4 0, 0, 8;
    %store/vec4 v0000024488618540_0, 0, 8;
    %jmp T_2.12;
T_2.3 ;
    %delay 1, 0;
    %load/vec4 v00000244886182c0_0;
    %store/vec4 v0000024488618540_0, 0, 8;
    %jmp T_2.12;
T_2.4 ;
    %delay 1, 0;
    %load/vec4 v00000244886182c0_0;
    %store/vec4 v0000024488617d20_0, 0, 8;
    %jmp T_2.12;
T_2.5 ;
    %delay 1, 0;
    %load/vec4 v00000244886182c0_0;
    %store/vec4 v0000024488617f00_0, 0, 8;
    %jmp T_2.12;
T_2.6 ;
    %delay 1, 0;
    %load/vec4 v00000244886182c0_0;
    %store/vec4 v0000024488617fa0_0, 0, 8;
    %jmp T_2.12;
T_2.7 ;
    %delay 1, 0;
    %load/vec4 v00000244886182c0_0;
    %store/vec4 v0000024488618680_0, 0, 8;
    %jmp T_2.12;
T_2.8 ;
    %delay 1, 0;
    %load/vec4 v00000244886182c0_0;
    %store/vec4 v0000024488618180_0, 0, 8;
    %jmp T_2.12;
T_2.9 ;
    %delay 1, 0;
    %load/vec4 v00000244886182c0_0;
    %store/vec4 v0000024488617aa0_0, 0, 8;
    %jmp T_2.12;
T_2.10 ;
    %delay 1, 0;
    %load/vec4 v00000244886182c0_0;
    %store/vec4 v0000024488618040_0, 0, 8;
    %jmp T_2.12;
T_2.12 ;
    %pop/vec4 1;
T_2.0 ;
    %load/vec4 v00000244886184a0_0;
    %flag_set/vec4 8;
    %jmp/0xz  T_2.13, 8;
    %pushi/vec4 0, 0, 8;
    %store/vec4 v0000024488618540_0, 0, 8;
    %pushi/vec4 0, 0, 8;
    %store/vec4 v0000024488617d20_0, 0, 8;
    %pushi/vec4 0, 0, 8;
    %store/vec4 v0000024488617f00_0, 0, 8;
    %pushi/vec4 0, 0, 8;
    %store/vec4 v0000024488617fa0_0, 0, 8;
    %pushi/vec4 0, 0, 8;
    %store/vec4 v0000024488618680_0, 0, 8;
    %pushi/vec4 0, 0, 8;
    %store/vec4 v0000024488618180_0, 0, 8;
    %pushi/vec4 0, 0, 8;
    %store/vec4 v0000024488617aa0_0, 0, 8;
    %pushi/vec4 0, 0, 8;
    %store/vec4 v0000024488618040_0, 0, 8;
T_2.13 ;
    %jmp T_2;
    .thread T_2;
# The file index is used to find the file name in the following table.
:file_names 3;
    "N/A";
    "<interactive>";
    "reg_file.v";
