#! /c/Source/iverilog-install/bin/vvp
:ivl_version "12.0 (devel)" "(s20150603-1539-g2693dd32b)";
:ivl_delay_selection "TYPICAL";
:vpi_time_precision + 0;
:vpi_module "F:\iverilog\lib\ivl\system.vpi";
:vpi_module "F:\iverilog\lib\ivl\vhdl_sys.vpi";
:vpi_module "F:\iverilog\lib\ivl\vhdl_textio.vpi";
:vpi_module "F:\iverilog\lib\ivl\v2005_math.vpi";
:vpi_module "F:\iverilog\lib\ivl\va_math.vpi";
S_000001c198022ce0 .scope module, "data_memory" "data_memory" 2 12;
 .timescale 0 0;
    .port_info 0 /INPUT 1 "clock";
    .port_info 1 /INPUT 1 "reset";
    .port_info 2 /INPUT 1 "read";
    .port_info 3 /INPUT 1 "write";
    .port_info 4 /INPUT 8 "address";
    .port_info 5 /INPUT 8 "writedata";
    .port_info 6 /OUTPUT 8 "readdata";
    .port_info 7 /OUTPUT 1 "busywait";
v000001c198049f30_0 .var *"_ivl_2", 7 0; Local signal
v000001c198047d60_0 .var *"_ivl_3", 7 0; Local signal
o000001c19805aff8 .functor BUFZ 8, C4<zzzzzzzz>; HiZ drive
v000001c198022e70_0 .net "address", 7 0, o000001c19805aff8;  0 drivers
v000001c198022f10_0 .var "busywait", 0 0;
o000001c19805b058 .functor BUFZ 1, C4<z>; HiZ drive
v000001c1980529e0_0 .net "clock", 0 0, o000001c19805b058;  0 drivers
v000001c198052260_0 .var/i "i", 31 0;
v000001c198051cc0 .array "memory_array", 0 255, 7 0;
o000001c19805e0b8 .functor BUFZ 1, C4<z>; HiZ drive
v000001c198051c20_0 .net "read", 0 0, o000001c19805e0b8;  0 drivers
v000001c198052a80_0 .var "readaccess", 0 0;
v000001c198052300_0 .var "readdata", 7 0;
o000001c19805e148 .functor BUFZ 1, C4<z>; HiZ drive
v000001c198052940_0 .net "reset", 0 0, o000001c19805e148;  0 drivers
o000001c19805e178 .functor BUFZ 1, C4<z>; HiZ drive
v000001c198051d60_0 .net "write", 0 0, o000001c19805e178;  0 drivers
v000001c198052080_0 .var "writeaccess", 0 0;
o000001c19805e1d8 .functor BUFZ 8, C4<zzzzzzzz>; HiZ drive
v000001c1980523a0_0 .net "writedata", 7 0, o000001c19805e1d8;  0 drivers
v000001c198051cc0_2 .array/port v000001c198051cc0, 2;
v000001c198051cc0_1 .array/port v000001c198051cc0, 1;
v000001c198051cc0_0 .array/port v000001c198051cc0, 0;
E_000001c198009bf0/0 .event anyedge, v000001c198051cc0_2, v000001c198051cc0_1, v000001c198051cc0_0, v000001c198022f10_0;
E_000001c198009bf0/1 .event anyedge, v000001c198052300_0, v000001c1980523a0_0, v000001c198022e70_0, v000001c198051d60_0;
E_000001c198009bf0/2 .event anyedge, v000001c198051c20_0, v000001c198052940_0;
E_000001c198009bf0 .event/or E_000001c198009bf0/0, E_000001c198009bf0/1, E_000001c198009bf0/2;
E_000001c19800a1f0 .event posedge, v000001c198052940_0;
E_000001c19800a8b0 .event posedge, v000001c1980529e0_0;
E_000001c19800a6f0 .event negedge, v000001c1980529e0_0;
    .scope S_000001c198022ce0;
T_0 ;
    %wait E_000001c19800a6f0;
    %load/vec4 v000001c198051c20_0;
    %flag_set/vec4 8;
    %jmp/1 T_0.2, 8;
    %load/vec4 v000001c198051d60_0;
    %flag_set/vec4 9;
    %flag_or 8, 9;
T_0.2;
    %jmp/0 T_0.0, 8;
    %pushi/vec4 1, 0, 2;
    %jmp/1 T_0.1, 8;
T_0.0 ; End of true expr.
    %pushi/vec4 0, 0, 2;
    %jmp/0 T_0.1, 8;
 ; End of false expr.
    %blend;
T_0.1;
    %pad/s 1;
    %store/vec4 v000001c198022f10_0, 0, 1;
    %load/vec4 v000001c198051c20_0;
    %flag_set/vec4 9;
    %flag_get/vec4 9;
    %jmp/0 T_0.5, 9;
    %load/vec4 v000001c198051d60_0;
    %nor/r;
    %and;
T_0.5;
    %flag_set/vec4 8;
    %jmp/0 T_0.3, 8;
    %pushi/vec4 1, 0, 2;
    %jmp/1 T_0.4, 8;
T_0.3 ; End of true expr.
    %pushi/vec4 0, 0, 2;
    %jmp/0 T_0.4, 8;
 ; End of false expr.
    %blend;
T_0.4;
    %pad/s 1;
    %store/vec4 v000001c198052a80_0, 0, 1;
    %load/vec4 v000001c198051c20_0;
    %nor/r;
    %flag_set/vec4 9;
    %flag_get/vec4 9;
    %jmp/0 T_0.8, 9;
    %load/vec4 v000001c198051d60_0;
    %and;
T_0.8;
    %flag_set/vec4 8;
    %jmp/0 T_0.6, 8;
    %pushi/vec4 1, 0, 2;
    %jmp/1 T_0.7, 8;
T_0.6 ; End of true expr.
    %pushi/vec4 0, 0, 2;
    %jmp/0 T_0.7, 8;
 ; End of false expr.
    %blend;
T_0.7;
    %pad/s 1;
    %store/vec4 v000001c198052080_0, 0, 1;
    %jmp T_0;
    .thread T_0;
    .scope S_000001c198022ce0;
T_1 ;
    %wait E_000001c19800a8b0;
    %load/vec4 v000001c198052a80_0;
    %flag_set/vec4 8;
    %jmp/0xz  T_1.0, 8;
    %load/vec4 v000001c198022e70_0;
    %pad/u 10;
    %ix/vec4 4;
    %load/vec4a v000001c198051cc0, 4;
    %store/vec4 v000001c198049f30_0, 0, 8;
    %pushi/vec4 40, 0, 64;
    %ix/vec4 4;
    %delayx 4;
    %load/vec4 v000001c198049f30_0;
    %store/vec4 v000001c198052300_0, 0, 8;
    %pushi/vec4 0, 0, 1;
    %store/vec4 v000001c198022f10_0, 0, 1;
    %pushi/vec4 0, 0, 1;
    %store/vec4 v000001c198052a80_0, 0, 1;
T_1.0 ;
    %load/vec4 v000001c198052080_0;
    %flag_set/vec4 8;
    %jmp/0xz  T_1.2, 8;
    %load/vec4 v000001c1980523a0_0;
    %store/vec4 v000001c198047d60_0, 0, 8;
    %pushi/vec4 40, 0, 64;
    %ix/vec4 4;
    %delayx 4;
    %load/vec4 v000001c198047d60_0;
    %load/vec4 v000001c198022e70_0;
    %pad/u 10;
    %ix/vec4 4;
    %store/vec4a v000001c198051cc0, 4, 0;
    %pushi/vec4 0, 0, 1;
    %store/vec4 v000001c198022f10_0, 0, 1;
    %pushi/vec4 0, 0, 1;
    %store/vec4 v000001c198052080_0, 0, 1;
T_1.2 ;
    %jmp T_1;
    .thread T_1;
    .scope S_000001c198022ce0;
T_2 ;
    %wait E_000001c19800a1f0;
    %load/vec4 v000001c198052940_0;
    %flag_set/vec4 8;
    %jmp/0xz  T_2.0, 8;
    %pushi/vec4 0, 0, 32;
    %store/vec4 v000001c198052260_0, 0, 32;
T_2.2 ;
    %load/vec4 v000001c198052260_0;
    %cmpi/s 256, 0, 32;
    %jmp/0xz T_2.3, 5;
    %pushi/vec4 0, 0, 8;
    %ix/getv/s 4, v000001c198052260_0;
    %store/vec4a v000001c198051cc0, 4, 0;
    %load/vec4 v000001c198052260_0;
    %addi 1, 0, 32;
    %store/vec4 v000001c198052260_0, 0, 32;
    %jmp T_2.2;
T_2.3 ;
    %pushi/vec4 0, 0, 1;
    %store/vec4 v000001c198022f10_0, 0, 1;
    %pushi/vec4 0, 0, 1;
    %store/vec4 v000001c198052a80_0, 0, 1;
    %pushi/vec4 0, 0, 1;
    %store/vec4 v000001c198052080_0, 0, 1;
T_2.0 ;
    %jmp T_2;
    .thread T_2;
    .scope S_000001c198022ce0;
T_3 ;
    %wait E_000001c198009bf0;
    %vpi_call 2 78 "$display", $time, " | %d %d %d || %d %d %d || %d | %d %d %d", v000001c198052940_0, v000001c198051c20_0, v000001c198051d60_0, v000001c198022e70_0, v000001c1980523a0_0, v000001c198052300_0, v000001c198022f10_0, &A<v000001c198051cc0, 0>, &A<v000001c198051cc0, 1>, &A<v000001c198051cc0, 2> {0 0 0};
    %jmp T_3;
    .thread T_3, $push;
# The file index is used to find the file name in the following table.
:file_names 3;
    "N/A";
    "<interactive>";
    "dmem.v";
