#! /c/Source/iverilog-install/bin/vvp
:ivl_version "12.0 (devel)" "(s20150603-1539-g2693dd32b)";
:ivl_delay_selection "TYPICAL";
:vpi_time_precision + 0;
:vpi_module "F:\iverilog\lib\ivl\system.vpi";
:vpi_module "F:\iverilog\lib\ivl\vhdl_sys.vpi";
:vpi_module "F:\iverilog\lib\ivl\vhdl_textio.vpi";
:vpi_module "F:\iverilog\lib\ivl\v2005_math.vpi";
:vpi_module "F:\iverilog\lib\ivl\va_math.vpi";
S_00000203067ad4a0 .scope module, "testbench" "testbench" 2 3;
 .timescale 0 0;
v00000203067a27b0_0 .var "DATA1", 7 0;
v00000203067a2850_0 .var "DATA2", 7 0;
v00000203067a1f90_0 .net "RESULT", 7 0, v00000203067a1c70_0;  1 drivers
v00000203067a28f0_0 .var "SELECT", 2 0;
S_00000203067ad630 .scope module, "ALU" "alu" 2 9, 3 5 0, S_00000203067ad4a0;
 .timescale 0 0;
    .port_info 0 /INPUT 8 "DATA1";
    .port_info 1 /INPUT 8 "DATA2";
    .port_info 2 /OUTPUT 8 "RESULT";
    .port_info 3 /INPUT 3 "SELECT";
v00000203067a2990_0 .net "DATA1", 7 0, v00000203067a27b0_0;  1 drivers
v00000203067a2a30_0 .net "DATA2", 7 0, v00000203067a2850_0;  1 drivers
v00000203067a2490_0 .net "RESULT", 7 0, v00000203067a1c70_0;  alias, 1 drivers
v00000203067a1d10_0 .net "SELECT", 0 2, v00000203067a28f0_0;  1 drivers
v00000203067a2670_0 .net "add_result", 7 0, L_00000203067a20d0;  1 drivers
v00000203067a2710_0 .net "and_result", 7 0, L_000002030679b140;  1 drivers
v00000203067a1e50_0 .net "forward_result", 7 0, L_000002030679b220;  1 drivers
v00000203067a1ef0_0 .net "or_result", 7 0, L_000002030679b0d0;  1 drivers
S_0000020306772d20 .scope module, "alu_add" "ALU_ADD" 3 14, 3 35 0, S_00000203067ad630;
 .timescale 0 0;
    .port_info 0 /INPUT 8 "DATA1";
    .port_info 1 /INPUT 8 "DATA2";
    .port_info 2 /OUTPUT 8 "RESULT";
v000002030679cf30_0 .net "DATA1", 7 0, v00000203067a27b0_0;  alias, 1 drivers
v00000203067ad7c0_0 .net "DATA2", 7 0, v00000203067a2850_0;  alias, 1 drivers
v00000203067ad860_0 .net "RESULT", 7 0, L_00000203067a20d0;  alias, 1 drivers
L_00000203067a20d0 .delay 8 (2,2,2) L_00000203067a20d0/d;
L_00000203067a20d0/d .arith/sum 8, v00000203067a27b0_0, v00000203067a2850_0;
S_0000020306772eb0 .scope module, "alu_and" "ALU_AND" 3 15, 3 46 0, S_00000203067ad630;
 .timescale 0 0;
    .port_info 0 /INPUT 8 "DATA1";
    .port_info 1 /INPUT 8 "DATA2";
    .port_info 2 /OUTPUT 8 "RESULT";
L_000002030679b140/d .functor AND 8, v00000203067a27b0_0, v00000203067a2850_0, C4<11111111>, C4<11111111>;
L_000002030679b140 .delay 8 (1,1,1) L_000002030679b140/d;
v0000020306773040_0 .net "DATA1", 7 0, v00000203067a27b0_0;  alias, 1 drivers
v00000203067730e0_0 .net "DATA2", 7 0, v00000203067a2850_0;  alias, 1 drivers
v00000203067a8fd0_0 .net "RESULT", 7 0, L_000002030679b140;  alias, 1 drivers
S_00000203067a9070 .scope module, "alu_forward" "ALU_FORWARD" 3 13, 3 24 0, S_00000203067ad630;
 .timescale 0 0;
    .port_info 0 /INPUT 8 "DATA2";
    .port_info 1 /OUTPUT 8 "RESULT";
L_000002030679b220/d .functor BUFZ 8, v00000203067a2850_0, C4<00000000>, C4<00000000>, C4<00000000>;
L_000002030679b220 .delay 8 (1,1,1) L_000002030679b220/d;
v00000203067a9200_0 .net "DATA2", 7 0, v00000203067a2850_0;  alias, 1 drivers
v00000203067a92a0_0 .net "RESULT", 7 0, L_000002030679b220;  alias, 1 drivers
S_000002030687cdd0 .scope module, "alu_or" "ALU_OR" 3 16, 3 57 0, S_00000203067ad630;
 .timescale 0 0;
    .port_info 0 /INPUT 8 "DATA1";
    .port_info 1 /INPUT 8 "DATA2";
    .port_info 2 /OUTPUT 8 "RESULT";
L_000002030679b0d0/d .functor OR 8, v00000203067a27b0_0, v00000203067a2850_0, C4<00000000>, C4<00000000>;
L_000002030679b0d0 .delay 8 (1,1,1) L_000002030679b0d0/d;
v00000203067a9340_0 .net "DATA1", 7 0, v00000203067a27b0_0;  alias, 1 drivers
v000002030687cf60_0 .net "DATA2", 7 0, v00000203067a2850_0;  alias, 1 drivers
v00000203067a2030_0 .net "RESULT", 7 0, L_000002030679b0d0;  alias, 1 drivers
S_000002030687d000 .scope module, "mux" "MUX" 3 18, 3 68 0, S_00000203067ad630;
 .timescale 0 0;
    .port_info 0 /INPUT 8 "forward_result";
    .port_info 1 /INPUT 8 "add_result";
    .port_info 2 /INPUT 8 "and_result";
    .port_info 3 /INPUT 8 "or_result";
    .port_info 4 /OUTPUT 8 "RESULT";
    .port_info 5 /INPUT 3 "SELECT";
v00000203067a1c70_0 .var "RESULT", 7 0;
v00000203067a22b0_0 .net "SELECT", 2 0, v00000203067a28f0_0;  alias, 1 drivers
v00000203067a2350_0 .net "add_result", 7 0, L_00000203067a20d0;  alias, 1 drivers
v00000203067a2530_0 .net "and_result", 7 0, L_000002030679b140;  alias, 1 drivers
v00000203067a25d0_0 .net "forward_result", 7 0, L_000002030679b220;  alias, 1 drivers
v00000203067a23f0_0 .net "or_result", 7 0, L_000002030679b0d0;  alias, 1 drivers
E_000002030679a1d0/0 .event anyedge, v00000203067a22b0_0, v00000203067a2030_0, v00000203067a8fd0_0, v00000203067ad860_0;
E_000002030679a1d0/1 .event anyedge, v00000203067a92a0_0;
E_000002030679a1d0 .event/or E_000002030679a1d0/0, E_000002030679a1d0/1;
    .scope S_000002030687d000;
T_0 ;
    %wait E_000002030679a1d0;
    %load/vec4 v00000203067a22b0_0;
    %dup/vec4;
    %pushi/vec4 0, 0, 3;
    %cmp/u;
    %jmp/1 T_0.0, 6;
    %dup/vec4;
    %pushi/vec4 1, 0, 3;
    %cmp/u;
    %jmp/1 T_0.1, 6;
    %dup/vec4;
    %pushi/vec4 2, 0, 3;
    %cmp/u;
    %jmp/1 T_0.2, 6;
    %dup/vec4;
    %pushi/vec4 3, 0, 3;
    %cmp/u;
    %jmp/1 T_0.3, 6;
    %pushi/vec4 0, 0, 8;
    %store/vec4 v00000203067a1c70_0, 0, 8;
    %jmp T_0.5;
T_0.0 ;
    %load/vec4 v00000203067a25d0_0;
    %store/vec4 v00000203067a1c70_0, 0, 8;
    %jmp T_0.5;
T_0.1 ;
    %load/vec4 v00000203067a2350_0;
    %store/vec4 v00000203067a1c70_0, 0, 8;
    %jmp T_0.5;
T_0.2 ;
    %load/vec4 v00000203067a2530_0;
    %store/vec4 v00000203067a1c70_0, 0, 8;
    %jmp T_0.5;
T_0.3 ;
    %load/vec4 v00000203067a23f0_0;
    %store/vec4 v00000203067a1c70_0, 0, 8;
    %jmp T_0.5;
T_0.5 ;
    %pop/vec4 1;
    %jmp T_0;
    .thread T_0, $push;
    .scope S_00000203067ad4a0;
T_1 ;
    %pushi/vec4 0, 0, 8;
    %store/vec4 v00000203067a27b0_0, 0, 8;
    %pushi/vec4 0, 0, 8;
    %store/vec4 v00000203067a2850_0, 0, 8;
    %pushi/vec4 0, 0, 3;
    %store/vec4 v00000203067a28f0_0, 0, 3;
    %delay 5, 0;
    %pushi/vec4 5, 0, 8;
    %store/vec4 v00000203067a27b0_0, 0, 8;
    %pushi/vec4 5, 0, 8;
    %store/vec4 v00000203067a2850_0, 0, 8;
    %delay 5, 0;
    %pushi/vec4 0, 0, 8;
    %store/vec4 v00000203067a2850_0, 0, 8;
    %delay 5, 0;
    %pushi/vec4 1, 0, 8;
    %store/vec4 v00000203067a2850_0, 0, 8;
    %pushi/vec4 1, 0, 3;
    %store/vec4 v00000203067a28f0_0, 0, 3;
    %delay 5, 0;
    %pushi/vec4 5, 0, 8;
    %store/vec4 v00000203067a27b0_0, 0, 8;
    %pushi/vec4 5, 0, 8;
    %store/vec4 v00000203067a2850_0, 0, 8;
    %delay 5, 0;
    %pushi/vec4 4, 0, 8;
    %store/vec4 v00000203067a2850_0, 0, 8;
    %delay 5, 0;
    %pushi/vec4 8, 0, 8;
    %store/vec4 v00000203067a27b0_0, 0, 8;
    %end;
    .thread T_1;
    .scope S_00000203067ad4a0;
T_2 ;
    %vpi_call 2 29 "$monitor", $time, " %d - %d  %d = %d", v00000203067a28f0_0, v00000203067a27b0_0, v00000203067a2850_0, v00000203067a1f90_0 {0 0 0};
    %end;
    .thread T_2;
# The file index is used to find the file name in the following table.
:file_names 4;
    "N/A";
    "<interactive>";
    "alu_tb.v";
    "./alu.v";
