#! /c/Source/iverilog-install/bin/vvp
:ivl_version "12.0 (devel)" "(s20150603-1539-g2693dd32b)";
:ivl_delay_selection "TYPICAL";
:vpi_time_precision - 10;
:vpi_module "F:\iverilog\lib\ivl\system.vpi";
:vpi_module "F:\iverilog\lib\ivl\vhdl_sys.vpi";
:vpi_module "F:\iverilog\lib\ivl\vhdl_textio.vpi";
:vpi_module "F:\iverilog\lib\ivl\v2005_math.vpi";
:vpi_module "F:\iverilog\lib\ivl\va_math.vpi";
S_0000013cf7f42df0 .scope module, "dcache" "dcache" 2 12;
 .timescale -9 -10;
    .port_info 0 /INPUT 1 "clock";
    .port_info 1 /INPUT 1 "reset";
    .port_info 2 /OUTPUT 1 "busywait";
    .port_info 3 /INPUT 1 "read";
    .port_info 4 /INPUT 1 "write";
    .port_info 5 /INPUT 8 "writedata";
    .port_info 6 /OUTPUT 8 "readdata";
    .port_info 7 /INPUT 8 "address";
    .port_info 8 /INPUT 1 "mem_busywait";
    .port_info 9 /OUTPUT 1 "mem_read";
    .port_info 10 /OUTPUT 1 "mem_write";
    .port_info 11 /OUTPUT 32 "mem_writedata";
    .port_info 12 /INPUT 32 "mem_readdata";
    .port_info 13 /OUTPUT 6 "mem_address";
P_0000013cf7f42f80 .param/l "IDLE" 0 2 128, C4<000>;
P_0000013cf7f42fb8 .param/l "MEM_READ" 0 2 128, C4<001>;
P_0000013cf7f42ff0 .param/l "MEM_WRITE" 0 2 128, C4<010>;
v0000013cf7f74710_0 .net *"_ivl_4", 36 0, L_0000013cf7fe7040;  1 drivers
v0000013cf7f747b0_0 .net *"_ivl_6", 4 0, L_0000013cf7fe6960;  1 drivers
L_0000013cf8090088 .functor BUFT 1, C4<000>, C4<0>, C4<0>, C4<0>;
v0000013cf7fe5db0_0 .net *"_ivl_9", 2 0, L_0000013cf8090088;  1 drivers
o0000013cf7f8f068 .functor BUFZ 8, C4<zzzzzzzz>; HiZ drive
v0000013cf7fe5770_0 .net "address", 7 0, o0000013cf7f8f068;  0 drivers
v0000013cf7fe5e50_0 .var "busywait", 0 0;
v0000013cf7fe5090 .array "cache", 0 7, 36 0;
v0000013cf7fe53b0_0 .var "cache_entry", 36 0;
o0000013cf7f8f0f8 .functor BUFZ 1, C4<z>; HiZ drive
v0000013cf7fe5c70_0 .net "clock", 0 0, o0000013cf7f8f0f8;  0 drivers
v0000013cf7fe5ef0_0 .var "dataword", 7 0;
v0000013cf7fe56d0_0 .var "dirty", 0 0;
v0000013cf7fe5810_0 .var "hit", 0 0;
v0000013cf7fe5310_0 .var "index", 1 0;
v0000013cf7fe5590_0 .var "mem_address", 5 0;
o0000013cf7f8f218 .functor BUFZ 1, C4<z>; HiZ drive
v0000013cf7fe5f90_0 .net "mem_busywait", 0 0, o0000013cf7f8f218;  0 drivers
v0000013cf7fe51d0_0 .var "mem_read", 0 0;
o0000013cf7f8f278 .functor BUFZ 32, C4<zzzzzzzzzzzzzzzzzzzzzzzzzzzzzzzz>; HiZ drive
v0000013cf7fe5130_0 .net "mem_readdata", 31 0, o0000013cf7f8f278;  0 drivers
v0000013cf7fe5630_0 .var "mem_write", 0 0;
v0000013cf7fe58b0_0 .var "mem_writedata", 31 0;
v0000013cf7fe5d10_0 .var "next_state", 2 0;
o0000013cf7f8f338 .functor BUFZ 1, C4<z>; HiZ drive
v0000013cf7fe5950_0 .net "read", 0 0, o0000013cf7f8f338;  0 drivers
v0000013cf7fe5270_0 .var "readdata", 7 0;
o0000013cf7f8f398 .functor BUFZ 1, C4<z>; HiZ drive
v0000013cf7fe5450_0 .net "reset", 0 0, o0000013cf7f8f398;  0 drivers
v0000013cf7fe54f0_0 .var "state", 2 0;
v0000013cf7fe59f0_0 .var "tag", 2 0;
v0000013cf7fe5a90_0 .var "valid", 0 0;
o0000013cf7f8f458 .functor BUFZ 1, C4<z>; HiZ drive
v0000013cf7fe5b30_0 .net "write", 0 0, o0000013cf7f8f458;  0 drivers
o0000013cf7f8f488 .functor BUFZ 8, C4<zzzzzzzz>; HiZ drive
v0000013cf7fe5bd0_0 .net "writedata", 7 0, o0000013cf7f8f488;  0 drivers
E_0000013cf7f6f7f0 .event posedge, v0000013cf7fe5450_0;
E_0000013cf7f6f8f0/0 .event anyedge, v0000013cf7fe5450_0;
E_0000013cf7f6f8f0/1 .event posedge, v0000013cf7fe5c70_0;
E_0000013cf7f6f8f0 .event/or E_0000013cf7f6f8f0/0, E_0000013cf7f6f8f0/1;
E_0000013cf7f6f770 .event anyedge, v0000013cf7fe54f0_0, v0000013cf7fe59f0_0, v0000013cf7fe5310_0, v0000013cf7fe53b0_0;
E_0000013cf7f6f970/0 .event anyedge, v0000013cf7fe54f0_0, v0000013cf7fe5950_0, v0000013cf7fe5b30_0, v0000013cf7fe56d0_0;
E_0000013cf7f6f970/1 .event anyedge, v0000013cf7fe5810_0, v0000013cf7fe5f90_0;
E_0000013cf7f6f970 .event/or E_0000013cf7f6f970/0, E_0000013cf7f6f970/1;
E_0000013cf7f6f6f0 .event posedge, v0000013cf7fe5c70_0;
E_0000013cf7f70270 .event anyedge, v0000013cf7fe5810_0, v0000013cf7fe5950_0, v0000013cf7fe5ef0_0;
E_0000013cf7f6fef0 .event anyedge, v0000013cf7fe53b0_0;
E_0000013cf7f6fbf0 .event anyedge, L_0000013cf7fe7040, v0000013cf7fe5770_0;
E_0000013cf7f6ff30 .event anyedge, v0000013cf7fe5770_0;
L_0000013cf7fe7040 .array/port v0000013cf7fe5090, L_0000013cf7fe6960;
L_0000013cf7fe6960 .concat [ 2 3 0 0], v0000013cf7fe5310_0, L_0000013cf8090088;
S_0000013cf7f71950 .scope begin, "$ivl_for_loop0" "$ivl_for_loop0" 2 221, 2 221 0, S_0000013cf7f42df0;
 .timescale -9 -10;
v0000013cf7f66980_0 .var/i "i", 31 0;
    .scope S_0000013cf7f42df0;
T_0 ;
    %wait E_0000013cf7f6ff30;
    %load/vec4 v0000013cf7fe5770_0;
    %parti/s 3, 2, 3;
    %pad/u 2;
    %store/vec4 v0000013cf7fe5310_0, 0, 2;
    %jmp T_0;
    .thread T_0, $push;
    .scope S_0000013cf7f42df0;
T_1 ;
    %wait E_0000013cf7f6fbf0;
    %delay 10, 0;
    %load/vec4 v0000013cf7fe5310_0;
    %pad/u 5;
    %ix/vec4 4;
    %load/vec4a v0000013cf7fe5090, 4;
    %store/vec4 v0000013cf7fe53b0_0, 0, 37;
    %jmp T_1;
    .thread T_1, $push;
    .scope S_0000013cf7f42df0;
T_2 ;
    %wait E_0000013cf7f6fef0;
    %delay 9, 0;
    %load/vec4 v0000013cf7fe53b0_0;
    %parti/s 1, 36, 7;
    %store/vec4 v0000013cf7fe5a90_0, 0, 1;
    %load/vec4 v0000013cf7fe53b0_0;
    %parti/s 1, 35, 7;
    %store/vec4 v0000013cf7fe56d0_0, 0, 1;
    %load/vec4 v0000013cf7fe53b0_0;
    %parti/s 3, 32, 7;
    %store/vec4 v0000013cf7fe59f0_0, 0, 3;
    %load/vec4 v0000013cf7fe5950_0;
    %flag_set/vec4 10;
    %flag_get/vec4 10;
    %jmp/0 T_2.3, 10;
    %load/vec4 v0000013cf7fe5a90_0;
    %and;
T_2.3;
    %flag_set/vec4 9;
    %flag_get/vec4 9;
    %jmp/0 T_2.2, 9;
    %load/vec4 v0000013cf7fe59f0_0;
    %load/vec4 v0000013cf7fe5770_0;
    %parti/s 3, 5, 4;
    %cmp/e;
    %flag_get/vec4 4;
    %and;
T_2.2;
    %flag_set/vec4 8;
    %jmp/0xz  T_2.0, 8;
    %pushi/vec4 1, 0, 1;
    %store/vec4 v0000013cf7fe5810_0, 0, 1;
    %jmp T_2.1;
T_2.0 ;
    %load/vec4 v0000013cf7fe5b30_0;
    %flag_set/vec4 11;
    %flag_get/vec4 11;
    %jmp/0 T_2.8, 11;
    %load/vec4 v0000013cf7fe5a90_0;
    %and;
T_2.8;
    %flag_set/vec4 10;
    %flag_get/vec4 10;
    %jmp/0 T_2.7, 10;
    %load/vec4 v0000013cf7fe56d0_0;
    %nor/r;
    %and;
T_2.7;
    %flag_set/vec4 9;
    %flag_get/vec4 9;
    %jmp/0 T_2.6, 9;
    %load/vec4 v0000013cf7fe59f0_0;
    %load/vec4 v0000013cf7fe5770_0;
    %parti/s 3, 5, 4;
    %cmp/e;
    %flag_get/vec4 4;
    %and;
T_2.6;
    %flag_set/vec4 8;
    %jmp/0xz  T_2.4, 8;
    %pushi/vec4 1, 0, 1;
    %store/vec4 v0000013cf7fe5810_0, 0, 1;
    %jmp T_2.5;
T_2.4 ;
    %pushi/vec4 0, 0, 1;
    %store/vec4 v0000013cf7fe5810_0, 0, 1;
T_2.5 ;
T_2.1 ;
    %jmp T_2;
    .thread T_2, $push;
    .scope S_0000013cf7f42df0;
T_3 ;
    %wait E_0000013cf7f6fef0;
    %delay 10, 0;
    %load/vec4 v0000013cf7fe5770_0;
    %parti/s 2, 0, 2;
    %dup/vec4;
    %pushi/vec4 0, 0, 2;
    %cmp/u;
    %jmp/1 T_3.0, 6;
    %dup/vec4;
    %pushi/vec4 1, 0, 2;
    %cmp/u;
    %jmp/1 T_3.1, 6;
    %dup/vec4;
    %pushi/vec4 2, 0, 2;
    %cmp/u;
    %jmp/1 T_3.2, 6;
    %dup/vec4;
    %pushi/vec4 3, 0, 2;
    %cmp/u;
    %jmp/1 T_3.3, 6;
    %jmp T_3.4;
T_3.0 ;
    %load/vec4 v0000013cf7fe53b0_0;
    %parti/s 8, 0, 2;
    %store/vec4 v0000013cf7fe5ef0_0, 0, 8;
    %jmp T_3.4;
T_3.1 ;
    %load/vec4 v0000013cf7fe53b0_0;
    %parti/s 8, 8, 5;
    %store/vec4 v0000013cf7fe5ef0_0, 0, 8;
    %jmp T_3.4;
T_3.2 ;
    %load/vec4 v0000013cf7fe53b0_0;
    %parti/s 8, 16, 6;
    %store/vec4 v0000013cf7fe5ef0_0, 0, 8;
    %jmp T_3.4;
T_3.3 ;
    %load/vec4 v0000013cf7fe53b0_0;
    %parti/s 8, 24, 6;
    %store/vec4 v0000013cf7fe5ef0_0, 0, 8;
    %jmp T_3.4;
T_3.4 ;
    %pop/vec4 1;
    %jmp T_3;
    .thread T_3, $push;
    .scope S_0000013cf7f42df0;
T_4 ;
    %wait E_0000013cf7f70270;
    %load/vec4 v0000013cf7fe5810_0;
    %flag_set/vec4 9;
    %flag_get/vec4 9;
    %jmp/0 T_4.2, 9;
    %load/vec4 v0000013cf7fe5950_0;
    %and;
T_4.2;
    %flag_set/vec4 8;
    %jmp/0xz  T_4.0, 8;
    %load/vec4 v0000013cf7fe5ef0_0;
    %store/vec4 v0000013cf7fe5270_0, 0, 8;
T_4.0 ;
    %jmp T_4;
    .thread T_4, $push;
    .scope S_0000013cf7f42df0;
T_5 ;
    %wait E_0000013cf7f6f6f0;
    %load/vec4 v0000013cf7fe5810_0;
    %flag_set/vec4 9;
    %flag_get/vec4 9;
    %jmp/0 T_5.2, 9;
    %load/vec4 v0000013cf7fe5b30_0;
    %and;
T_5.2;
    %flag_set/vec4 8;
    %jmp/0xz  T_5.0, 8;
    %delay 10, 0;
    %load/vec4 v0000013cf7fe5770_0;
    %parti/s 2, 0, 2;
    %dup/vec4;
    %pushi/vec4 0, 0, 2;
    %cmp/u;
    %jmp/1 T_5.3, 6;
    %dup/vec4;
    %pushi/vec4 1, 0, 2;
    %cmp/u;
    %jmp/1 T_5.4, 6;
    %dup/vec4;
    %pushi/vec4 2, 0, 2;
    %cmp/u;
    %jmp/1 T_5.5, 6;
    %dup/vec4;
    %pushi/vec4 3, 0, 2;
    %cmp/u;
    %jmp/1 T_5.6, 6;
    %jmp T_5.7;
T_5.3 ;
    %pushi/vec4 1, 0, 1;
    %concati/vec4 1, 0, 1;
    %load/vec4 v0000013cf7fe5770_0;
    %parti/s 3, 5, 4;
    %concat/vec4; draw_concat_vec4
    %load/vec4 v0000013cf7fe5310_0;
    %pad/u 5;
    %ix/vec4 4;
    %load/vec4a v0000013cf7fe5090, 4;
    %parti/s 24, 8, 5;
    %concat/vec4; draw_concat_vec4
    %load/vec4 v0000013cf7fe5bd0_0;
    %concat/vec4; draw_concat_vec4
    %load/vec4 v0000013cf7fe5310_0;
    %pad/u 5;
    %ix/vec4 4;
    %store/vec4a v0000013cf7fe5090, 4, 0;
    %jmp T_5.7;
T_5.4 ;
    %pushi/vec4 1, 0, 1;
    %concati/vec4 1, 0, 1;
    %load/vec4 v0000013cf7fe5770_0;
    %parti/s 3, 5, 4;
    %concat/vec4; draw_concat_vec4
    %load/vec4 v0000013cf7fe5310_0;
    %pad/u 5;
    %ix/vec4 4;
    %load/vec4a v0000013cf7fe5090, 4;
    %parti/s 16, 16, 6;
    %concat/vec4; draw_concat_vec4
    %load/vec4 v0000013cf7fe5bd0_0;
    %concat/vec4; draw_concat_vec4
    %load/vec4 v0000013cf7fe5770_0;
    %parti/s 3, 2, 3;
    %pad/u 5;
    %ix/vec4 4;
    %load/vec4a v0000013cf7fe5090, 4;
    %parti/s 8, 0, 2;
    %concat/vec4; draw_concat_vec4
    %load/vec4 v0000013cf7fe5310_0;
    %pad/u 5;
    %ix/vec4 4;
    %store/vec4a v0000013cf7fe5090, 4, 0;
    %jmp T_5.7;
T_5.5 ;
    %pushi/vec4 1, 0, 1;
    %concati/vec4 1, 0, 1;
    %load/vec4 v0000013cf7fe5770_0;
    %parti/s 3, 5, 4;
    %concat/vec4; draw_concat_vec4
    %load/vec4 v0000013cf7fe5310_0;
    %pad/u 5;
    %ix/vec4 4;
    %load/vec4a v0000013cf7fe5090, 4;
    %parti/s 8, 24, 6;
    %concat/vec4; draw_concat_vec4
    %load/vec4 v0000013cf7fe5bd0_0;
    %concat/vec4; draw_concat_vec4
    %load/vec4 v0000013cf7fe5770_0;
    %parti/s 3, 2, 3;
    %pad/u 5;
    %ix/vec4 4;
    %load/vec4a v0000013cf7fe5090, 4;
    %parti/s 16, 0, 2;
    %concat/vec4; draw_concat_vec4
    %load/vec4 v0000013cf7fe5310_0;
    %pad/u 5;
    %ix/vec4 4;
    %store/vec4a v0000013cf7fe5090, 4, 0;
    %jmp T_5.7;
T_5.6 ;
    %pushi/vec4 1, 0, 1;
    %concati/vec4 1, 0, 1;
    %load/vec4 v0000013cf7fe5770_0;
    %parti/s 3, 5, 4;
    %concat/vec4; draw_concat_vec4
    %load/vec4 v0000013cf7fe5bd0_0;
    %concat/vec4; draw_concat_vec4
    %load/vec4 v0000013cf7fe5310_0;
    %pad/u 5;
    %ix/vec4 4;
    %load/vec4a v0000013cf7fe5090, 4;
    %parti/s 24, 0, 2;
    %concat/vec4; draw_concat_vec4
    %load/vec4 v0000013cf7fe5310_0;
    %pad/u 5;
    %ix/vec4 4;
    %store/vec4a v0000013cf7fe5090, 4, 0;
    %jmp T_5.7;
T_5.7 ;
    %pop/vec4 1;
    %jmp T_5.1;
T_5.0 ;
    %load/vec4 v0000013cf7fe5f90_0;
    %nor/r;
    %flag_set/vec4 11;
    %flag_get/vec4 11;
    %jmp/0 T_5.12, 11;
    %load/vec4 v0000013cf7fe5810_0;
    %nor/r;
    %and;
T_5.12;
    %flag_set/vec4 10;
    %flag_get/vec4 10;
    %jmp/0 T_5.11, 10;
    %load/vec4 v0000013cf7fe5950_0;
    %flag_set/vec4 10;
    %flag_get/vec4 10;
    %jmp/1 T_5.13, 10;
    %load/vec4 v0000013cf7fe5b30_0;
    %or;
T_5.13;
    %and;
T_5.11;
    %flag_set/vec4 9;
    %flag_get/vec4 9;
    %jmp/0 T_5.10, 9;
    %load/vec4 v0000013cf7fe51d0_0;
    %and;
T_5.10;
    %flag_set/vec4 8;
    %jmp/0xz  T_5.8, 8;
    %delay 10, 0;
    %pushi/vec4 1, 0, 1;
    %concati/vec4 0, 0, 1;
    %load/vec4 v0000013cf7fe5770_0;
    %parti/s 3, 5, 4;
    %concat/vec4; draw_concat_vec4
    %load/vec4 v0000013cf7fe5130_0;
    %concat/vec4; draw_concat_vec4
    %load/vec4 v0000013cf7fe5310_0;
    %pad/u 5;
    %ix/vec4 4;
    %store/vec4a v0000013cf7fe5090, 4, 0;
    %jmp T_5.9;
T_5.8 ;
    %load/vec4 v0000013cf7fe5f90_0;
    %nor/r;
    %flag_set/vec4 11;
    %flag_get/vec4 11;
    %jmp/0 T_5.18, 11;
    %load/vec4 v0000013cf7fe5810_0;
    %nor/r;
    %and;
T_5.18;
    %flag_set/vec4 10;
    %flag_get/vec4 10;
    %jmp/0 T_5.17, 10;
    %load/vec4 v0000013cf7fe5950_0;
    %flag_set/vec4 10;
    %flag_get/vec4 10;
    %jmp/1 T_5.19, 10;
    %load/vec4 v0000013cf7fe5b30_0;
    %or;
T_5.19;
    %and;
T_5.17;
    %flag_set/vec4 9;
    %flag_get/vec4 9;
    %jmp/0 T_5.16, 9;
    %load/vec4 v0000013cf7fe5630_0;
    %and;
T_5.16;
    %flag_set/vec4 8;
    %jmp/0xz  T_5.14, 8;
    %pushi/vec4 0, 0, 1;
    %load/vec4 v0000013cf7fe5310_0;
    %pad/u 5;
    %ix/vec4 4;
    %flag_mov 8, 4;
    %ix/load 5, 35, 0;
    %flag_set/imm 4, 0;
    %flag_or 4, 8;
    %store/vec4a v0000013cf7fe5090, 4, 5;
T_5.14 ;
T_5.9 ;
T_5.1 ;
    %jmp T_5;
    .thread T_5;
    .scope S_0000013cf7f42df0;
T_6 ;
    %wait E_0000013cf7f6f970;
    %load/vec4 v0000013cf7fe54f0_0;
    %dup/vec4;
    %pushi/vec4 0, 0, 3;
    %cmp/u;
    %jmp/1 T_6.0, 6;
    %dup/vec4;
    %pushi/vec4 1, 0, 3;
    %cmp/u;
    %jmp/1 T_6.1, 6;
    %dup/vec4;
    %pushi/vec4 2, 0, 3;
    %cmp/u;
    %jmp/1 T_6.2, 6;
    %jmp T_6.3;
T_6.0 ;
    %load/vec4 v0000013cf7fe5950_0;
    %flag_set/vec4 10;
    %jmp/1 T_6.8, 10;
    %load/vec4 v0000013cf7fe5b30_0;
    %flag_set/vec4 11;
    %flag_or 10, 11;
T_6.8;
    %flag_get/vec4 10;
    %jmp/0 T_6.7, 10;
    %load/vec4 v0000013cf7fe56d0_0;
    %nor/r;
    %and;
T_6.7;
    %flag_set/vec4 9;
    %flag_get/vec4 9;
    %jmp/0 T_6.6, 9;
    %load/vec4 v0000013cf7fe5810_0;
    %nor/r;
    %and;
T_6.6;
    %flag_set/vec4 8;
    %jmp/0xz  T_6.4, 8;
    %pushi/vec4 1, 0, 3;
    %store/vec4 v0000013cf7fe5d10_0, 0, 3;
    %pushi/vec4 1, 0, 1;
    %store/vec4 v0000013cf7fe5e50_0, 0, 1;
    %jmp T_6.5;
T_6.4 ;
    %load/vec4 v0000013cf7fe5950_0;
    %flag_set/vec4 10;
    %jmp/1 T_6.13, 10;
    %load/vec4 v0000013cf7fe5b30_0;
    %flag_set/vec4 11;
    %flag_or 10, 11;
T_6.13;
    %flag_get/vec4 10;
    %jmp/0 T_6.12, 10;
    %load/vec4 v0000013cf7fe56d0_0;
    %and;
T_6.12;
    %flag_set/vec4 9;
    %flag_get/vec4 9;
    %jmp/0 T_6.11, 9;
    %load/vec4 v0000013cf7fe5810_0;
    %nor/r;
    %and;
T_6.11;
    %flag_set/vec4 8;
    %jmp/0xz  T_6.9, 8;
    %pushi/vec4 2, 0, 3;
    %store/vec4 v0000013cf7fe5d10_0, 0, 3;
    %pushi/vec4 1, 0, 1;
    %store/vec4 v0000013cf7fe5e50_0, 0, 1;
    %jmp T_6.10;
T_6.9 ;
    %pushi/vec4 0, 0, 3;
    %store/vec4 v0000013cf7fe5d10_0, 0, 3;
    %pushi/vec4 0, 0, 1;
    %store/vec4 v0000013cf7fe5e50_0, 0, 1;
T_6.10 ;
T_6.5 ;
    %jmp T_6.3;
T_6.1 ;
    %load/vec4 v0000013cf7fe5f90_0;
    %nor/r;
    %flag_set/vec4 8;
    %jmp/0xz  T_6.14, 8;
    %pushi/vec4 0, 0, 3;
    %store/vec4 v0000013cf7fe5d10_0, 0, 3;
    %pushi/vec4 0, 0, 1;
    %store/vec4 v0000013cf7fe5e50_0, 0, 1;
    %jmp T_6.15;
T_6.14 ;
    %pushi/vec4 1, 0, 3;
    %store/vec4 v0000013cf7fe5d10_0, 0, 3;
    %pushi/vec4 1, 0, 1;
    %store/vec4 v0000013cf7fe5e50_0, 0, 1;
T_6.15 ;
    %jmp T_6.3;
T_6.2 ;
    %load/vec4 v0000013cf7fe5f90_0;
    %nor/r;
    %flag_set/vec4 8;
    %jmp/0xz  T_6.16, 8;
    %pushi/vec4 0, 0, 3;
    %store/vec4 v0000013cf7fe5d10_0, 0, 3;
    %pushi/vec4 0, 0, 1;
    %store/vec4 v0000013cf7fe5e50_0, 0, 1;
    %jmp T_6.17;
T_6.16 ;
    %pushi/vec4 2, 0, 3;
    %store/vec4 v0000013cf7fe5d10_0, 0, 3;
    %pushi/vec4 1, 0, 1;
    %store/vec4 v0000013cf7fe5e50_0, 0, 1;
T_6.17 ;
    %jmp T_6.3;
T_6.3 ;
    %pop/vec4 1;
    %jmp T_6;
    .thread T_6, $push;
    .scope S_0000013cf7f42df0;
T_7 ;
    %wait E_0000013cf7f6f770;
    %load/vec4 v0000013cf7fe54f0_0;
    %dup/vec4;
    %pushi/vec4 0, 0, 3;
    %cmp/u;
    %jmp/1 T_7.0, 6;
    %dup/vec4;
    %pushi/vec4 1, 0, 3;
    %cmp/u;
    %jmp/1 T_7.1, 6;
    %dup/vec4;
    %pushi/vec4 2, 0, 3;
    %cmp/u;
    %jmp/1 T_7.2, 6;
    %jmp T_7.3;
T_7.0 ;
    %pushi/vec4 0, 0, 1;
    %store/vec4 v0000013cf7fe51d0_0, 0, 1;
    %pushi/vec4 0, 0, 1;
    %store/vec4 v0000013cf7fe5630_0, 0, 1;
    %pushi/vec4 31, 31, 6;
    %store/vec4 v0000013cf7fe5590_0, 0, 6;
    %pushi/vec4 4294967295, 4294967295, 32;
    %store/vec4 v0000013cf7fe58b0_0, 0, 32;
    %jmp T_7.3;
T_7.1 ;
    %pushi/vec4 1, 0, 1;
    %store/vec4 v0000013cf7fe51d0_0, 0, 1;
    %pushi/vec4 0, 0, 1;
    %store/vec4 v0000013cf7fe5630_0, 0, 1;
    %load/vec4 v0000013cf7fe59f0_0;
    %load/vec4 v0000013cf7fe5310_0;
    %concat/vec4; draw_concat_vec4
    %pad/u 6;
    %store/vec4 v0000013cf7fe5590_0, 0, 6;
    %pushi/vec4 4294967295, 4294967295, 32;
    %store/vec4 v0000013cf7fe58b0_0, 0, 32;
    %pushi/vec4 1, 0, 1;
    %store/vec4 v0000013cf7fe5e50_0, 0, 1;
    %jmp T_7.3;
T_7.2 ;
    %pushi/vec4 0, 0, 1;
    %store/vec4 v0000013cf7fe51d0_0, 0, 1;
    %pushi/vec4 1, 0, 1;
    %store/vec4 v0000013cf7fe5630_0, 0, 1;
    %load/vec4 v0000013cf7fe59f0_0;
    %load/vec4 v0000013cf7fe5310_0;
    %concat/vec4; draw_concat_vec4
    %pad/u 6;
    %store/vec4 v0000013cf7fe5590_0, 0, 6;
    %load/vec4 v0000013cf7fe53b0_0;
    %pad/u 32;
    %store/vec4 v0000013cf7fe58b0_0, 0, 32;
    %pushi/vec4 1, 0, 1;
    %store/vec4 v0000013cf7fe5e50_0, 0, 1;
    %jmp T_7.3;
T_7.3 ;
    %pop/vec4 1;
    %jmp T_7;
    .thread T_7, $push;
    .scope S_0000013cf7f42df0;
T_8 ;
    %wait E_0000013cf7f6f8f0;
    %load/vec4 v0000013cf7fe5450_0;
    %flag_set/vec4 8;
    %jmp/0xz  T_8.0, 8;
    %pushi/vec4 0, 0, 3;
    %store/vec4 v0000013cf7fe54f0_0, 0, 3;
    %jmp T_8.1;
T_8.0 ;
    %load/vec4 v0000013cf7fe5d10_0;
    %store/vec4 v0000013cf7fe54f0_0, 0, 3;
T_8.1 ;
    %jmp T_8;
    .thread T_8;
    .scope S_0000013cf7f42df0;
T_9 ;
    %wait E_0000013cf7f6f7f0;
    %load/vec4 v0000013cf7fe5450_0;
    %flag_set/vec4 8;
    %jmp/0xz  T_9.0, 8;
    %fork t_1, S_0000013cf7f71950;
    %jmp t_0;
    .scope S_0000013cf7f71950;
t_1 ;
    %pushi/vec4 0, 0, 32;
    %store/vec4 v0000013cf7f66980_0, 0, 32;
T_9.2 ;
    %load/vec4 v0000013cf7f66980_0;
    %cmpi/s 8, 0, 32;
    %jmp/0xz T_9.3, 5;
    %pushi/vec4 0, 0, 37;
    %ix/getv/s 4, v0000013cf7f66980_0;
    %store/vec4a v0000013cf7fe5090, 4, 0;
    %load/vec4 v0000013cf7f66980_0;
    %addi 1, 0, 32;
    %store/vec4 v0000013cf7f66980_0, 0, 32;
    %jmp T_9.2;
T_9.3 ;
    %end;
    .scope S_0000013cf7f42df0;
t_0 %join;
    %pushi/vec4 0, 0, 1;
    %store/vec4 v0000013cf7fe5e50_0, 0, 1;
T_9.0 ;
    %jmp T_9;
    .thread T_9;
# The file index is used to find the file name in the following table.
:file_names 3;
    "N/A";
    "<interactive>";
    "dcache.v";
