#! /c/Source/iverilog-install/bin/vvp
:ivl_version "12.0 (devel)" "(s20150603-1539-g2693dd32b)";
:ivl_delay_selection "TYPICAL";
:vpi_time_precision - 10;
:vpi_module "F:\iverilog\lib\ivl\system.vpi";
:vpi_module "F:\iverilog\lib\ivl\vhdl_sys.vpi";
:vpi_module "F:\iverilog\lib\ivl\vhdl_textio.vpi";
:vpi_module "F:\iverilog\lib\ivl\v2005_math.vpi";
:vpi_module "F:\iverilog\lib\ivl\va_math.vpi";
S_0000021a25112df0 .scope module, "data_memory" "data_memory" 2 13;
 .timescale -9 -10;
    .port_info 0 /INPUT 1 "clock";
    .port_info 1 /INPUT 1 "reset";
    .port_info 2 /INPUT 1 "read";
    .port_info 3 /INPUT 1 "write";
    .port_info 4 /INPUT 6 "address";
    .port_info 5 /INPUT 32 "writedata";
    .port_info 6 /OUTPUT 32 "readdata";
    .port_info 7 /OUTPUT 1 "busywait";
v0000021a251446a0_0 .var *"_ivl_10", 7 0; Local signal
v0000021a25144740_0 .var *"_ivl_3", 7 0; Local signal
v0000021a251447e0_0 .var *"_ivl_4", 7 0; Local signal
v0000021a25144880_0 .var *"_ivl_5", 7 0; Local signal
v0000021a25144920_0 .var *"_ivl_6", 7 0; Local signal
v0000021a251449c0_0 .var *"_ivl_7", 7 0; Local signal
v0000021a25144a60_0 .var *"_ivl_8", 7 0; Local signal
v0000021a25144b00_0 .var *"_ivl_9", 7 0; Local signal
o0000021a2514d188 .functor BUFZ 6, C4<zzzzzz>; HiZ drive
v0000021a25144ba0_0 .net "address", 5 0, o0000021a2514d188;  0 drivers
v0000021a25144c40_0 .var "busywait", 0 0;
o0000021a2514d1e8 .functor BUFZ 1, C4<z>; HiZ drive
v0000021a25144ce0_0 .net "clock", 0 0, o0000021a2514d1e8;  0 drivers
v0000021a25144d80 .array "memory_array", 0 255, 7 0;
o0000021a2514d218 .functor BUFZ 1, C4<z>; HiZ drive
v0000021a2519aaf0_0 .net "read", 0 0, o0000021a2514d218;  0 drivers
v0000021a2519a050_0 .var "readaccess", 0 0;
v0000021a2519a5f0_0 .var "readdata", 31 0;
o0000021a2514d2a8 .functor BUFZ 1, C4<z>; HiZ drive
v0000021a2519a370_0 .net "reset", 0 0, o0000021a2514d2a8;  0 drivers
o0000021a2514d2d8 .functor BUFZ 1, C4<z>; HiZ drive
v0000021a25199fb0_0 .net "write", 0 0, o0000021a2514d2d8;  0 drivers
v0000021a2519ab90_0 .var "writeaccess", 0 0;
o0000021a2514d338 .functor BUFZ 32, C4<zzzzzzzzzzzzzzzzzzzzzzzzzzzzzzzz>; HiZ drive
v0000021a2519a870_0 .net "writedata", 31 0, o0000021a2514d338;  0 drivers
E_0000021a25138d90 .event posedge, v0000021a2519a370_0;
E_0000021a25138d10 .event posedge, v0000021a25144ce0_0;
E_0000021a25139790 .event anyedge, v0000021a25199fb0_0, v0000021a2519aaf0_0;
S_0000021a25112f80 .scope begin, "$ivl_for_loop0" "$ivl_for_loop0" 2 72, 2 72 0, S_0000021a25112df0;
 .timescale -9 -10;
v0000021a25139d70_0 .var/i "i", 31 0;
    .scope S_0000021a25112df0;
T_0 ;
    %wait E_0000021a25139790;
    %load/vec4 v0000021a2519aaf0_0;
    %flag_set/vec4 8;
    %jmp/1 T_0.2, 8;
    %load/vec4 v0000021a25199fb0_0;
    %flag_set/vec4 9;
    %flag_or 8, 9;
T_0.2;
    %jmp/0 T_0.0, 8;
    %pushi/vec4 1, 0, 2;
    %jmp/1 T_0.1, 8;
T_0.0 ; End of true expr.
    %pushi/vec4 0, 0, 2;
    %jmp/0 T_0.1, 8;
 ; End of false expr.
    %blend;
T_0.1;
    %pad/s 1;
    %store/vec4 v0000021a25144c40_0, 0, 1;
    %load/vec4 v0000021a2519aaf0_0;
    %flag_set/vec4 9;
    %flag_get/vec4 9;
    %jmp/0 T_0.5, 9;
    %load/vec4 v0000021a25199fb0_0;
    %nor/r;
    %and;
T_0.5;
    %flag_set/vec4 8;
    %jmp/0 T_0.3, 8;
    %pushi/vec4 1, 0, 2;
    %jmp/1 T_0.4, 8;
T_0.3 ; End of true expr.
    %pushi/vec4 0, 0, 2;
    %jmp/0 T_0.4, 8;
 ; End of false expr.
    %blend;
T_0.4;
    %pad/s 1;
    %store/vec4 v0000021a2519a050_0, 0, 1;
    %load/vec4 v0000021a2519aaf0_0;
    %nor/r;
    %flag_set/vec4 9;
    %flag_get/vec4 9;
    %jmp/0 T_0.8, 9;
    %load/vec4 v0000021a25199fb0_0;
    %and;
T_0.8;
    %flag_set/vec4 8;
    %jmp/0 T_0.6, 8;
    %pushi/vec4 1, 0, 2;
    %jmp/1 T_0.7, 8;
T_0.6 ; End of true expr.
    %pushi/vec4 0, 0, 2;
    %jmp/0 T_0.7, 8;
 ; End of false expr.
    %blend;
T_0.7;
    %pad/s 1;
    %store/vec4 v0000021a2519ab90_0, 0, 1;
    %jmp T_0;
    .thread T_0, $push;
    .scope S_0000021a25112df0;
T_1 ;
    %wait E_0000021a25138d10;
    %load/vec4 v0000021a2519a050_0;
    %flag_set/vec4 8;
    %jmp/0xz  T_1.0, 8;
    %load/vec4 v0000021a25144ba0_0;
    %concati/vec4 0, 0, 2;
    %pad/u 10;
    %ix/vec4 4;
    %load/vec4a v0000021a25144d80, 4;
    %store/vec4 v0000021a25144740_0, 0, 8;
    %pushi/vec4 400, 0, 64;
    %ix/vec4 4;
    %delayx 4;
    %load/vec4 v0000021a25144740_0;
    %ix/load 4, 0, 0;
    %flag_set/imm 4, 0;
    %store/vec4 v0000021a2519a5f0_0, 4, 8;
    %load/vec4 v0000021a25144ba0_0;
    %concati/vec4 1, 0, 2;
    %pad/u 10;
    %ix/vec4 4;
    %load/vec4a v0000021a25144d80, 4;
    %store/vec4 v0000021a251447e0_0, 0, 8;
    %pushi/vec4 400, 0, 64;
    %ix/vec4 4;
    %delayx 4;
    %load/vec4 v0000021a251447e0_0;
    %ix/load 4, 8, 0;
    %flag_set/imm 4, 0;
    %store/vec4 v0000021a2519a5f0_0, 4, 8;
    %load/vec4 v0000021a25144ba0_0;
    %concati/vec4 2, 0, 2;
    %pad/u 10;
    %ix/vec4 4;
    %load/vec4a v0000021a25144d80, 4;
    %store/vec4 v0000021a25144880_0, 0, 8;
    %pushi/vec4 400, 0, 64;
    %ix/vec4 4;
    %delayx 4;
    %load/vec4 v0000021a25144880_0;
    %ix/load 4, 16, 0;
    %flag_set/imm 4, 0;
    %store/vec4 v0000021a2519a5f0_0, 4, 8;
    %load/vec4 v0000021a25144ba0_0;
    %concati/vec4 3, 0, 2;
    %pad/u 10;
    %ix/vec4 4;
    %load/vec4a v0000021a25144d80, 4;
    %store/vec4 v0000021a25144920_0, 0, 8;
    %pushi/vec4 400, 0, 64;
    %ix/vec4 4;
    %delayx 4;
    %load/vec4 v0000021a25144920_0;
    %ix/load 4, 24, 0;
    %flag_set/imm 4, 0;
    %store/vec4 v0000021a2519a5f0_0, 4, 8;
    %pushi/vec4 0, 0, 1;
    %store/vec4 v0000021a25144c40_0, 0, 1;
    %pushi/vec4 0, 0, 1;
    %store/vec4 v0000021a2519a050_0, 0, 1;
T_1.0 ;
    %load/vec4 v0000021a2519ab90_0;
    %flag_set/vec4 8;
    %jmp/0xz  T_1.2, 8;
    %load/vec4 v0000021a2519a870_0;
    %parti/s 8, 0, 2;
    %store/vec4 v0000021a251449c0_0, 0, 8;
    %pushi/vec4 400, 0, 64;
    %ix/vec4 4;
    %delayx 4;
    %load/vec4 v0000021a251449c0_0;
    %load/vec4 v0000021a25144ba0_0;
    %concati/vec4 0, 0, 2;
    %pad/u 10;
    %ix/vec4 4;
    %store/vec4a v0000021a25144d80, 4, 0;
    %load/vec4 v0000021a2519a870_0;
    %parti/s 8, 8, 5;
    %store/vec4 v0000021a25144a60_0, 0, 8;
    %pushi/vec4 400, 0, 64;
    %ix/vec4 4;
    %delayx 4;
    %load/vec4 v0000021a25144a60_0;
    %load/vec4 v0000021a25144ba0_0;
    %concati/vec4 1, 0, 2;
    %pad/u 10;
    %ix/vec4 4;
    %store/vec4a v0000021a25144d80, 4, 0;
    %load/vec4 v0000021a2519a870_0;
    %parti/s 8, 16, 6;
    %store/vec4 v0000021a25144b00_0, 0, 8;
    %pushi/vec4 400, 0, 64;
    %ix/vec4 4;
    %delayx 4;
    %load/vec4 v0000021a25144b00_0;
    %load/vec4 v0000021a25144ba0_0;
    %concati/vec4 2, 0, 2;
    %pad/u 10;
    %ix/vec4 4;
    %store/vec4a v0000021a25144d80, 4, 0;
    %load/vec4 v0000021a2519a870_0;
    %parti/s 8, 24, 6;
    %store/vec4 v0000021a251446a0_0, 0, 8;
    %pushi/vec4 400, 0, 64;
    %ix/vec4 4;
    %delayx 4;
    %load/vec4 v0000021a251446a0_0;
    %load/vec4 v0000021a25144ba0_0;
    %concati/vec4 3, 0, 2;
    %pad/u 10;
    %ix/vec4 4;
    %store/vec4a v0000021a25144d80, 4, 0;
    %pushi/vec4 0, 0, 1;
    %store/vec4 v0000021a25144c40_0, 0, 1;
    %pushi/vec4 0, 0, 1;
    %store/vec4 v0000021a2519ab90_0, 0, 1;
T_1.2 ;
    %jmp T_1;
    .thread T_1;
    .scope S_0000021a25112df0;
T_2 ;
    %wait E_0000021a25138d90;
    %load/vec4 v0000021a2519a370_0;
    %flag_set/vec4 8;
    %jmp/0xz  T_2.0, 8;
    %fork t_1, S_0000021a25112f80;
    %jmp t_0;
    .scope S_0000021a25112f80;
t_1 ;
    %pushi/vec4 0, 0, 32;
    %store/vec4 v0000021a25139d70_0, 0, 32;
T_2.2 ;
    %load/vec4 v0000021a25139d70_0;
    %cmpi/s 256, 0, 32;
    %jmp/0xz T_2.3, 5;
    %pushi/vec4 0, 0, 8;
    %ix/getv/s 4, v0000021a25139d70_0;
    %store/vec4a v0000021a25144d80, 4, 0;
    %load/vec4 v0000021a25139d70_0;
    %addi 1, 0, 32;
    %store/vec4 v0000021a25139d70_0, 0, 32;
    %jmp T_2.2;
T_2.3 ;
    %end;
    .scope S_0000021a25112df0;
t_0 %join;
    %pushi/vec4 0, 0, 1;
    %store/vec4 v0000021a25144c40_0, 0, 1;
    %pushi/vec4 0, 0, 1;
    %store/vec4 v0000021a2519a050_0, 0, 1;
    %pushi/vec4 0, 0, 1;
    %store/vec4 v0000021a2519ab90_0, 0, 1;
T_2.0 ;
    %jmp T_2;
    .thread T_2;
# The file index is used to find the file name in the following table.
:file_names 3;
    "N/A";
    "<interactive>";
    "dmem.v";
