#! /c/Source/iverilog-install/bin/vvp
:ivl_version "12.0 (devel)" "(s20150603-1539-g2693dd32b)";
:ivl_delay_selection "TYPICAL";
:vpi_time_precision - 10;
:vpi_module "F:\iverilog\lib\ivl\system.vpi";
:vpi_module "F:\iverilog\lib\ivl\vhdl_sys.vpi";
:vpi_module "F:\iverilog\lib\ivl\vhdl_textio.vpi";
:vpi_module "F:\iverilog\lib\ivl\v2005_math.vpi";
:vpi_module "F:\iverilog\lib\ivl\va_math.vpi";
S_000001c53957ce20 .scope module, "pc" "pc" 2 6;
 .timescale -9 -10;
    .port_info 0 /INPUT 32 "PC_TO";
    .port_info 1 /INPUT 1 "RESET";
    .port_info 2 /INPUT 1 "CLK";
    .port_info 3 /OUTPUT 32 "PC";
    .port_info 4 /OUTPUT 32 "PC_NEXT";
    .port_info 5 /INPUT 1 "HOLD";
o000001c5395c7088 .functor BUFZ 1, C4<z>; HiZ drive
v000001c53957d1e0_0 .net "CLK", 0 0, o000001c5395c7088;  0 drivers
o000001c5395c70b8 .functor BUFZ 1, C4<z>; HiZ drive
v000001c53957ba30_0 .net "HOLD", 0 0, o000001c5395c70b8;  0 drivers
v000001c53957bad0_0 .var "PC", 31 0;
v000001c53957bb70_0 .net "PC_NEXT", 31 0, L_000001c53957bd50;  1 drivers
o000001c5395c70e8 .functor BUFZ 32, C4<zzzzzzzzzzzzzzzzzzzzzzzzzzzzzzzz>; HiZ drive
v000001c53957bc10_0 .net "PC_TO", 31 0, o000001c5395c70e8;  0 drivers
o000001c5395c7118 .functor BUFZ 1, C4<z>; HiZ drive
v000001c53957bcb0_0 .net "RESET", 0 0, o000001c5395c7118;  0 drivers
E_000001c53957c1a0 .event posedge, v000001c53957d1e0_0;
S_000001c53957cfb0 .scope module, "pc_adder" "pc_add" 2 17, 2 37 0, S_000001c53957ce20;
 .timescale -9 -10;
    .port_info 0 /INPUT 32 "PC";
    .port_info 1 /OUTPUT 32 "adder_out";
v000001c539579450_0 .net "PC", 31 0, v000001c53957bad0_0;  1 drivers
L_000001c539608018 .functor BUFT 1, C4<00000000000000000000000000000100>, C4<0>, C4<0>, C4<0>;
v000001c5395930e0_0 .net/2u *"_ivl_0", 31 0, L_000001c539608018;  1 drivers
v000001c53957d140_0 .net "adder_out", 31 0, L_000001c53957bd50;  alias, 1 drivers
L_000001c53957bd50 .delay 32 (10,10,10) L_000001c53957bd50/d;
L_000001c53957bd50/d .arith/sum 32, v000001c53957bad0_0, L_000001c539608018;
    .scope S_000001c53957ce20;
T_0 ;
    %wait E_000001c53957c1a0;
    %load/vec4 v000001c53957bcb0_0;
    %flag_set/vec4 8;
    %jmp/0xz  T_0.0, 8;
    %delay 10, 0;
    %pushi/vec4 0, 0, 32;
    %store/vec4 v000001c53957bad0_0, 0, 32;
    %jmp T_0.1;
T_0.0 ;
    %load/vec4 v000001c53957ba30_0;
    %cmpi/ne 1, 0, 1;
    %jmp/0xz  T_0.2, 4;
    %delay 10, 0;
    %load/vec4 v000001c53957bc10_0;
    %store/vec4 v000001c53957bad0_0, 0, 32;
T_0.2 ;
T_0.1 ;
    %vpi_call 2 30 "$display", $time, " %d", v000001c53957ba30_0 {0 0 0};
    %jmp T_0;
    .thread T_0;
# The file index is used to find the file name in the following table.
:file_names 3;
    "N/A";
    "<interactive>";
    "pc.v";
