#! /c/Source/iverilog-install/bin/vvp
:ivl_version "12.0 (devel)" "(s20150603-1539-g2693dd32b)";
:ivl_delay_selection "TYPICAL";
:vpi_time_precision + 0;
:vpi_module "F:\iverilog\lib\ivl\system.vpi";
:vpi_module "F:\iverilog\lib\ivl\vhdl_sys.vpi";
:vpi_module "F:\iverilog\lib\ivl\vhdl_textio.vpi";
:vpi_module "F:\iverilog\lib\ivl\v2005_math.vpi";
:vpi_module "F:\iverilog\lib\ivl\va_math.vpi";
S_000001b350927270 .scope module, "reg_file" "reg_file" 2 20;
 .timescale 0 0;
    .port_info 0 /INPUT 8 "IN";
    .port_info 1 /OUTPUT 8 "OUT1";
    .port_info 2 /OUTPUT 8 "OUT2";
    .port_info 3 /INPUT 3 "INADDRESS";
    .port_info 4 /INPUT 3 "OUT1ADDRESS";
    .port_info 5 /INPUT 3 "OUT2ADDRESS";
    .port_info 6 /INPUT 1 "WRITE";
    .port_info 7 /INPUT 1 "CLK";
    .port_info 8 /INPUT 1 "RESET";
L_000001b3509030f0/d .functor BUFZ 8, L_000001b350931f00, C4<00000000>, C4<00000000>, C4<00000000>;
L_000001b3509030f0 .delay 8 (2,2,2) L_000001b3509030f0/d;
L_000001b350927150/d .functor BUFZ 8, L_000001b350931dc0, C4<00000000>, C4<00000000>, C4<00000000>;
L_000001b350927150 .delay 8 (2,2,2) L_000001b350927150/d;
o000001b350939008 .functor BUFZ 1, C4<z>; HiZ drive
v000001b350902fb0_0 .net "CLK", 0 0, o000001b350939008;  0 drivers
o000001b350939038 .functor BUFZ 8, C4<zzzzzzzz>; HiZ drive
v000001b350903050_0 .net "IN", 7 0, o000001b350939038;  0 drivers
o000001b350939068 .functor BUFZ 3, C4<zzz>; HiZ drive
v000001b350981c40_0 .net "INADDRESS", 2 0, o000001b350939068;  0 drivers
v000001b350981ce0_0 .net "OUT1", 7 0, L_000001b3509030f0;  1 drivers
o000001b3509390c8 .functor BUFZ 3, C4<zzz>; HiZ drive
v000001b350981d80_0 .net "OUT1ADDRESS", 2 0, o000001b3509390c8;  0 drivers
v000001b350981e20_0 .net "OUT2", 7 0, L_000001b350927150;  1 drivers
o000001b350939128 .functor BUFZ 3, C4<zzz>; HiZ drive
v000001b350981ec0_0 .net "OUT2ADDRESS", 2 0, o000001b350939128;  0 drivers
o000001b350939158 .functor BUFZ 1, C4<z>; HiZ drive
v000001b350931c30_0 .net "RESET", 0 0, o000001b350939158;  0 drivers
o000001b350939188 .functor BUFZ 1, C4<z>; HiZ drive
v000001b350931cd0_0 .net "WRITE", 0 0, o000001b350939188;  0 drivers
v000001b350932ae0_0 .net *"_ivl_0", 7 0, L_000001b350931f00;  1 drivers
v000001b350932b80_0 .net *"_ivl_10", 4 0, L_000001b3509325e0;  1 drivers
L_000001b350981fb0 .functor BUFT 1, C4<00>, C4<0>, C4<0>, C4<0>;
v000001b350932cc0_0 .net *"_ivl_13", 1 0, L_000001b350981fb0;  1 drivers
v000001b350932a40_0 .net *"_ivl_2", 4 0, L_000001b3509324a0;  1 drivers
L_000001b350981f68 .functor BUFT 1, C4<00>, C4<0>, C4<0>, C4<0>;
v000001b3509322c0_0 .net *"_ivl_5", 1 0, L_000001b350981f68;  1 drivers
v000001b350932400_0 .net *"_ivl_8", 7 0, L_000001b350931dc0;  1 drivers
v000001b350932360 .array "registers", 0 7, 7 0;
E_000001b350a291d0 .event posedge, v000001b350902fb0_0;
L_000001b350931f00 .array/port v000001b350932360, L_000001b3509324a0;
L_000001b3509324a0 .concat [ 3 2 0 0], o000001b3509390c8, L_000001b350981f68;
L_000001b350931dc0 .array/port v000001b350932360, L_000001b3509325e0;
L_000001b3509325e0 .concat [ 3 2 0 0], o000001b350939128, L_000001b350981fb0;
S_000001b350902d80 .scope begin, "$ivl_for_loop0" "$ivl_for_loop0" 2 61, 2 61 0, S_000001b350927270;
 .timescale 0 0;
v000001b350902f10_0 .var/i "i", 31 0;
    .scope S_000001b350927270;
T_0 ;
    %wait E_000001b350a291d0;
    %load/vec4 v000001b350931cd0_0;
    %flag_set/vec4 9;
    %flag_get/vec4 9;
    %jmp/0 T_0.2, 9;
    %load/vec4 v000001b350931c30_0;
    %inv;
    %and;
T_0.2;
    %flag_set/vec4 8;
    %jmp/0xz  T_0.0, 8;
    %delay 1, 0;
    %load/vec4 v000001b350903050_0;
    %load/vec4 v000001b350981c40_0;
    %pad/u 5;
    %ix/vec4 4;
    %store/vec4a v000001b350932360, 4, 0;
T_0.0 ;
    %load/vec4 v000001b350931c30_0;
    %flag_set/vec4 8;
    %jmp/0xz  T_0.3, 8;
    %delay 1, 0;
    %fork t_1, S_000001b350902d80;
    %jmp t_0;
    .scope S_000001b350902d80;
t_1 ;
    %pushi/vec4 0, 0, 32;
    %store/vec4 v000001b350902f10_0, 0, 32;
T_0.5 ;
    %load/vec4 v000001b350902f10_0;
    %cmpi/s 8, 0, 32;
    %jmp/0xz T_0.6, 5;
    %pushi/vec4 0, 0, 8;
    %ix/getv/s 4, v000001b350902f10_0;
    %store/vec4a v000001b350932360, 4, 0;
    %load/vec4 v000001b350902f10_0;
    %addi 1, 0, 32;
    %store/vec4 v000001b350902f10_0, 0, 32;
    %jmp T_0.5;
T_0.6 ;
    %end;
    .scope S_000001b350927270;
t_0 %join;
T_0.3 ;
    %jmp T_0;
    .thread T_0;
    .scope S_000001b350927270;
T_1 ;
    %vpi_call 2 70 "$monitor", $time, " %d %d %d %d %d %d %d %d", &A<v000001b350932360, 0>, &A<v000001b350932360, 1>, &A<v000001b350932360, 2>, &A<v000001b350932360, 3>, &A<v000001b350932360, 4>, &A<v000001b350932360, 5>, &A<v000001b350932360, 6>, &A<v000001b350932360, 7> {0 0 0};
    %end;
    .thread T_1;
# The file index is used to find the file name in the following table.
:file_names 3;
    "N/A";
    "<interactive>";
    "reg_file.v";
