#! /c/Source/iverilog-install/bin/vvp
:ivl_version "12.0 (devel)" "(s20150603-1539-g2693dd32b)";
:ivl_delay_selection "TYPICAL";
:vpi_time_precision + 0;
:vpi_module "F:\iverilog\lib\ivl\system.vpi";
:vpi_module "F:\iverilog\lib\ivl\vhdl_sys.vpi";
:vpi_module "F:\iverilog\lib\ivl\vhdl_textio.vpi";
:vpi_module "F:\iverilog\lib\ivl\v2005_math.vpi";
:vpi_module "F:\iverilog\lib\ivl\va_math.vpi";
S_0000022b19f52ce0 .scope module, "reg_file" "reg_file" 2 20;
 .timescale 0 0;
    .port_info 0 /INPUT 8 "IN";
    .port_info 1 /OUTPUT 8 "OUT1";
    .port_info 2 /OUTPUT 8 "OUT2";
    .port_info 3 /INPUT 3 "INADDRESS";
    .port_info 4 /INPUT 3 "OUT1ADDRESS";
    .port_info 5 /INPUT 3 "OUT2ADDRESS";
    .port_info 6 /INPUT 1 "WRITE";
    .port_info 7 /INPUT 1 "CLK";
    .port_info 8 /INPUT 1 "RESET";
L_0000022b19f530f0/d .functor BUFZ 8, L_0000022b19fcc300, C4<00000000>, C4<00000000>, C4<00000000>;
L_0000022b19f530f0 .delay 8 (2,2,2) L_0000022b19f530f0/d;
L_0000022b19f84b50/d .functor BUFZ 8, L_0000022b19fcc080, C4<00000000>, C4<00000000>, C4<00000000>;
L_0000022b19f84b50 .delay 8 (2,2,2) L_0000022b19f84b50/d;
o0000022b19f86fa8 .functor BUFZ 1, C4<z>; HiZ drive
v0000022b19f52f10_0 .net "CLK", 0 0, o0000022b19f86fa8;  0 drivers
o0000022b19f86fd8 .functor BUFZ 8, C4<zzzzzzzz>; HiZ drive
v0000022b19f52fb0_0 .net "IN", 7 0, o0000022b19f86fd8;  0 drivers
o0000022b19f87008 .functor BUFZ 3, C4<zzz>; HiZ drive
v0000022b19f53050_0 .net "INADDRESS", 2 0, o0000022b19f87008;  0 drivers
v0000022b19f3bb90_0 .net "OUT1", 7 0, L_0000022b19f530f0;  1 drivers
o0000022b19f87068 .functor BUFZ 3, C4<zzz>; HiZ drive
v0000022b19f3bc30_0 .net "OUT1ADDRESS", 2 0, o0000022b19f87068;  0 drivers
v0000022b19f3bcd0_0 .net "OUT2", 7 0, L_0000022b19f84b50;  1 drivers
o0000022b19f870c8 .functor BUFZ 3, C4<zzz>; HiZ drive
v0000022b19f848d0_0 .net "OUT2ADDRESS", 2 0, o0000022b19f870c8;  0 drivers
o0000022b19f870f8 .functor BUFZ 1, C4<z>; HiZ drive
v0000022b19f84970_0 .net "RESET", 0 0, o0000022b19f870f8;  0 drivers
o0000022b19f87128 .functor BUFZ 1, C4<z>; HiZ drive
v0000022b19f84a10_0 .net "WRITE", 0 0, o0000022b19f87128;  0 drivers
v0000022b19f84ab0_0 .net *"_ivl_0", 7 0, L_0000022b19fcc300;  1 drivers
v0000022b19fcc4e0_0 .net *"_ivl_10", 4 0, L_0000022b19fcc8a0;  1 drivers
L_0000022b19fcd090 .functor BUFT 1, C4<00>, C4<0>, C4<0>, C4<0>;
v0000022b19fcce40_0 .net *"_ivl_13", 1 0, L_0000022b19fcd090;  1 drivers
v0000022b19fcc580_0 .net *"_ivl_2", 4 0, L_0000022b19fcc3a0;  1 drivers
L_0000022b19fcd048 .functor BUFT 1, C4<00>, C4<0>, C4<0>, C4<0>;
v0000022b19fccf80_0 .net *"_ivl_5", 1 0, L_0000022b19fcd048;  1 drivers
v0000022b19fccbc0_0 .net *"_ivl_8", 7 0, L_0000022b19fcc080;  1 drivers
v0000022b19fccee0 .array "registers", 0 7, 7 0;
E_0000022b19f76ac0 .event posedge, v0000022b19f52f10_0;
L_0000022b19fcc300 .array/port v0000022b19fccee0, L_0000022b19fcc3a0;
L_0000022b19fcc3a0 .concat [ 3 2 0 0], o0000022b19f87068, L_0000022b19fcd048;
L_0000022b19fcc080 .array/port v0000022b19fccee0, L_0000022b19fcc8a0;
L_0000022b19fcc8a0 .concat [ 3 2 0 0], o0000022b19f870c8, L_0000022b19fcd090;
    .scope S_0000022b19f52ce0;
T_0 ;
    %wait E_0000022b19f76ac0;
    %load/vec4 v0000022b19f84a10_0;
    %flag_set/vec4 9;
    %flag_get/vec4 9;
    %jmp/0 T_0.2, 9;
    %load/vec4 v0000022b19f84970_0;
    %inv;
    %and;
T_0.2;
    %flag_set/vec4 8;
    %jmp/0xz  T_0.0, 8;
    %delay 1, 0;
    %load/vec4 v0000022b19f52fb0_0;
    %load/vec4 v0000022b19f53050_0;
    %pad/u 5;
    %ix/vec4 4;
    %store/vec4a v0000022b19fccee0, 4, 0;
T_0.0 ;
    %load/vec4 v0000022b19f84970_0;
    %flag_set/vec4 8;
    %jmp/0xz  T_0.3, 8;
    %pushi/vec4 0, 0, 8;
    %ix/load 4, 0, 0;
    %flag_set/imm 4, 0;
    %store/vec4a v0000022b19fccee0, 4, 0;
    %pushi/vec4 0, 0, 8;
    %ix/load 4, 1, 0;
    %flag_set/imm 4, 0;
    %store/vec4a v0000022b19fccee0, 4, 0;
    %pushi/vec4 0, 0, 8;
    %ix/load 4, 2, 0;
    %flag_set/imm 4, 0;
    %store/vec4a v0000022b19fccee0, 4, 0;
    %pushi/vec4 0, 0, 8;
    %ix/load 4, 3, 0;
    %flag_set/imm 4, 0;
    %store/vec4a v0000022b19fccee0, 4, 0;
    %pushi/vec4 0, 0, 8;
    %ix/load 4, 4, 0;
    %flag_set/imm 4, 0;
    %store/vec4a v0000022b19fccee0, 4, 0;
    %pushi/vec4 0, 0, 8;
    %ix/load 4, 5, 0;
    %flag_set/imm 4, 0;
    %store/vec4a v0000022b19fccee0, 4, 0;
    %pushi/vec4 0, 0, 8;
    %ix/load 4, 6, 0;
    %flag_set/imm 4, 0;
    %store/vec4a v0000022b19fccee0, 4, 0;
    %pushi/vec4 0, 0, 8;
    %ix/load 4, 7, 0;
    %flag_set/imm 4, 0;
    %store/vec4a v0000022b19fccee0, 4, 0;
T_0.3 ;
    %jmp T_0;
    .thread T_0;
# The file index is used to find the file name in the following table.
:file_names 3;
    "N/A";
    "<interactive>";
    "reg_file.v";
