#! /c/Source/iverilog-install/bin/vvp
:ivl_version "12.0 (devel)" "(s20150603-1539-g2693dd32b)";
:ivl_delay_selection "TYPICAL";
:vpi_time_precision - 10;
:vpi_module "F:\iverilog\lib\ivl\system.vpi";
:vpi_module "F:\iverilog\lib\ivl\vhdl_sys.vpi";
:vpi_module "F:\iverilog\lib\ivl\vhdl_textio.vpi";
:vpi_module "F:\iverilog\lib\ivl\v2005_math.vpi";
:vpi_module "F:\iverilog\lib\ivl\va_math.vpi";
S_000001c866a6d330 .scope module, "dcache" "dcache" 2 11;
 .timescale -9 -10;
    .port_info 0 /INPUT 1 "clock";
    .port_info 1 /INPUT 1 "reset";
    .port_info 2 /OUTPUT 1 "busywait";
    .port_info 3 /OUTPUT 32 "readdata";
    .port_info 4 /INPUT 10 "address";
    .port_info 5 /INPUT 1 "mem_busywait";
    .port_info 6 /OUTPUT 1 "mem_read";
    .port_info 7 /INPUT 128 "mem_readdata";
    .port_info 8 /OUTPUT 6 "mem_address";
P_000001c866a6d4c0 .param/l "IDLE" 0 2 109, C4<000>;
P_000001c866a6d4f8 .param/l "MEM_READ" 0 2 109, C4<001>;
v000001c866a6dc20_0 .net *"_ivl_1", 2 0, L_000001c866ad68c0;  1 drivers
L_000001c866ad8428 .functor BUFT 1, C4<000>, C4<0>, C4<0>, C4<0>;
v000001c866a6d7c0_0 .net *"_ivl_11", 2 0, L_000001c866ad8428;  1 drivers
v000001c866a6e580_0 .net *"_ivl_6", 131 0, L_000001c866ad8260;  1 drivers
v000001c866a6e3a0_0 .net *"_ivl_8", 4 0, L_000001c866ad6640;  1 drivers
o000001c866a85078 .functor BUFZ 10, C4<zzzzzzzzzz>; HiZ drive
v000001c866a6e620_0 .net "address", 9 0, o000001c866a85078;  0 drivers
v000001c866a6e6c0_0 .var "busywait", 0 0;
v000001c866a6d860 .array "cache", 0 7, 131 0;
v000001c866a6df40_0 .var "cache_entry", 131 0;
o000001c866a85108 .functor BUFZ 1, C4<z>; HiZ drive
v000001c866a6d900_0 .net "clock", 0 0, o000001c866a85108;  0 drivers
v000001c866a6e1c0_0 .var "dataword", 31 0;
v000001c866a6dcc0_0 .var "hit", 0 0;
v000001c866a6d9a0_0 .net "index", 1 0, L_000001c866ad7540;  1 drivers
v000001c866a6dfe0_0 .var "mem_address", 5 0;
o000001c866a851f8 .functor BUFZ 1, C4<z>; HiZ drive
v000001c866a6da40_0 .net "mem_busywait", 0 0, o000001c866a851f8;  0 drivers
v000001c866a6dae0_0 .var "mem_read", 0 0;
o000001c866a85258 .functor BUFZ 128, C4<zzzzzzzzzzzzzzzzzzzzzzzzzzzzzzzzzzzzzzzzzzzzzzzzzzzzzzzzzzzzzzzzzzzzzzzzzzzzzzzzzzzzzzzzzzzzzzzzzzzzzzzzzzzzzzzzzzzzzzzzzzzzzzzz>; HiZ drive
v000001c866a6db80_0 .net "mem_readdata", 127 0, o000001c866a85258;  0 drivers
v000001c866a6de00_0 .var "next_state", 2 0;
v000001c866a6dd60_0 .var "readdata", 31 0;
o000001c866a852e8 .functor BUFZ 1, C4<z>; HiZ drive
v000001c866a6e080_0 .net "reset", 0 0, o000001c866a852e8;  0 drivers
v000001c866a6e120_0 .var "state", 2 0;
v000001c866a6e260_0 .var "tag", 2 0;
v000001c866a6e300_0 .var "valid", 0 0;
E_000001c866a6d170 .event posedge, v000001c866a6e080_0;
E_000001c866a6c230/0 .event anyedge, v000001c866a6e080_0;
E_000001c866a6c230/1 .event posedge, v000001c866a6d900_0;
E_000001c866a6c230 .event/or E_000001c866a6c230/0, E_000001c866a6c230/1;
E_000001c866a6c770 .event anyedge, v000001c866a6e120_0, v000001c866a6e620_0, v000001c866a6d9a0_0;
E_000001c866a6c7b0 .event anyedge, v000001c866a6e120_0, v000001c866a6dcc0_0, v000001c866a6da40_0;
E_000001c866a6c4f0 .event posedge, v000001c866a6d900_0;
E_000001c866a6cff0 .event anyedge, v000001c866a6dcc0_0, v000001c866a6e1c0_0;
E_000001c866a6c5b0/0 .event anyedge, v000001c866a6df40_0;
E_000001c866a6c5b0/1 .event posedge, v000001c866a6d900_0;
E_000001c866a6c5b0 .event/or E_000001c866a6c5b0/0, E_000001c866a6c5b0/1;
E_000001c866a6c630 .event anyedge, L_000001c866ad8260, v000001c866a6e620_0;
L_000001c866ad68c0 .part o000001c866a85078, 4, 3;
L_000001c866ad7540 .part L_000001c866ad68c0, 0, 2;
L_000001c866ad8260 .array/port v000001c866a6d860, L_000001c866ad6640;
L_000001c866ad6640 .concat [ 2 3 0 0], L_000001c866ad7540, L_000001c866ad8428;
S_000001c866a42ce0 .scope begin, "$ivl_for_loop0" "$ivl_for_loop0" 2 174, 2 174 0, S_000001c866a6d330;
 .timescale -9 -10;
v000001c866a6dea0_0 .var/i "i", 31 0;
    .scope S_000001c866a6d330;
T_0 ;
    %wait E_000001c866a6c630;
    %delay 10, 0;
    %load/vec4 v000001c866a6d9a0_0;
    %pad/u 5;
    %ix/vec4 4;
    %load/vec4a v000001c866a6d860, 4;
    %store/vec4 v000001c866a6df40_0, 0, 132;
    %jmp T_0;
    .thread T_0, $push;
    .scope S_000001c866a6d330;
T_1 ;
    %wait E_000001c866a6c5b0;
    %delay 9, 0;
    %load/vec4 v000001c866a6df40_0;
    %parti/s 1, 131, 9;
    %store/vec4 v000001c866a6e300_0, 0, 1;
    %load/vec4 v000001c866a6df40_0;
    %parti/s 3, 128, 9;
    %store/vec4 v000001c866a6e260_0, 0, 3;
    %load/vec4 v000001c866a6e300_0;
    %flag_set/vec4 9;
    %flag_get/vec4 9;
    %jmp/0 T_1.2, 9;
    %load/vec4 v000001c866a6e260_0;
    %load/vec4 v000001c866a6e620_0;
    %parti/s 3, 7, 4;
    %cmp/e;
    %flag_get/vec4 4;
    %and;
T_1.2;
    %flag_set/vec4 8;
    %jmp/0xz  T_1.0, 8;
    %pushi/vec4 1, 0, 1;
    %store/vec4 v000001c866a6dcc0_0, 0, 1;
    %jmp T_1.1;
T_1.0 ;
    %pushi/vec4 0, 0, 1;
    %store/vec4 v000001c866a6dcc0_0, 0, 1;
T_1.1 ;
    %jmp T_1;
    .thread T_1;
    .scope S_000001c866a6d330;
T_2 ;
    %wait E_000001c866a6c5b0;
    %delay 10, 0;
    %load/vec4 v000001c866a6e620_0;
    %parti/s 2, 2, 3;
    %dup/vec4;
    %pushi/vec4 0, 0, 2;
    %cmp/u;
    %jmp/1 T_2.0, 6;
    %dup/vec4;
    %pushi/vec4 1, 0, 2;
    %cmp/u;
    %jmp/1 T_2.1, 6;
    %dup/vec4;
    %pushi/vec4 2, 0, 2;
    %cmp/u;
    %jmp/1 T_2.2, 6;
    %dup/vec4;
    %pushi/vec4 3, 0, 2;
    %cmp/u;
    %jmp/1 T_2.3, 6;
    %jmp T_2.4;
T_2.0 ;
    %load/vec4 v000001c866a6df40_0;
    %parti/s 32, 0, 2;
    %store/vec4 v000001c866a6e1c0_0, 0, 32;
    %jmp T_2.4;
T_2.1 ;
    %load/vec4 v000001c866a6df40_0;
    %parti/s 32, 32, 7;
    %store/vec4 v000001c866a6e1c0_0, 0, 32;
    %jmp T_2.4;
T_2.2 ;
    %load/vec4 v000001c866a6df40_0;
    %parti/s 32, 64, 8;
    %store/vec4 v000001c866a6e1c0_0, 0, 32;
    %jmp T_2.4;
T_2.3 ;
    %load/vec4 v000001c866a6df40_0;
    %parti/s 32, 96, 8;
    %store/vec4 v000001c866a6e1c0_0, 0, 32;
    %jmp T_2.4;
T_2.4 ;
    %pop/vec4 1;
    %jmp T_2;
    .thread T_2;
    .scope S_000001c866a6d330;
T_3 ;
    %wait E_000001c866a6cff0;
    %load/vec4 v000001c866a6dcc0_0;
    %flag_set/vec4 8;
    %jmp/0xz  T_3.0, 8;
    %load/vec4 v000001c866a6e1c0_0;
    %store/vec4 v000001c866a6dd60_0, 0, 32;
T_3.0 ;
    %jmp T_3;
    .thread T_3, $push;
    .scope S_000001c866a6d330;
T_4 ;
    %wait E_000001c866a6c4f0;
    %load/vec4 v000001c866a6da40_0;
    %nor/r;
    %flag_set/vec4 10;
    %flag_get/vec4 10;
    %jmp/0 T_4.3, 10;
    %load/vec4 v000001c866a6dcc0_0;
    %nor/r;
    %and;
T_4.3;
    %flag_set/vec4 9;
    %flag_get/vec4 9;
    %jmp/0 T_4.2, 9;
    %load/vec4 v000001c866a6dae0_0;
    %and;
T_4.2;
    %flag_set/vec4 8;
    %jmp/0xz  T_4.0, 8;
    %delay 10, 0;
    %pushi/vec4 1, 0, 1;
    %load/vec4 v000001c866a6e620_0;
    %parti/s 3, 7, 4;
    %concat/vec4; draw_concat_vec4
    %load/vec4 v000001c866a6db80_0;
    %concat/vec4; draw_concat_vec4
    %load/vec4 v000001c866a6d9a0_0;
    %pad/u 5;
    %ix/vec4 4;
    %store/vec4a v000001c866a6d860, 4, 0;
T_4.0 ;
    %jmp T_4;
    .thread T_4;
    .scope S_000001c866a6d330;
T_5 ;
    %wait E_000001c866a6c7b0;
    %load/vec4 v000001c866a6e120_0;
    %dup/vec4;
    %pushi/vec4 0, 0, 3;
    %cmp/u;
    %jmp/1 T_5.0, 6;
    %dup/vec4;
    %pushi/vec4 1, 0, 3;
    %cmp/u;
    %jmp/1 T_5.1, 6;
    %jmp T_5.2;
T_5.0 ;
    %load/vec4 v000001c866a6dcc0_0;
    %nor/r;
    %flag_set/vec4 8;
    %jmp/0xz  T_5.3, 8;
    %pushi/vec4 1, 0, 3;
    %store/vec4 v000001c866a6de00_0, 0, 3;
    %pushi/vec4 1, 0, 1;
    %store/vec4 v000001c866a6e6c0_0, 0, 1;
    %jmp T_5.4;
T_5.3 ;
    %pushi/vec4 0, 0, 3;
    %store/vec4 v000001c866a6de00_0, 0, 3;
    %pushi/vec4 0, 0, 1;
    %store/vec4 v000001c866a6e6c0_0, 0, 1;
T_5.4 ;
    %jmp T_5.2;
T_5.1 ;
    %load/vec4 v000001c866a6da40_0;
    %nor/r;
    %flag_set/vec4 8;
    %jmp/0xz  T_5.5, 8;
    %pushi/vec4 0, 0, 3;
    %store/vec4 v000001c866a6de00_0, 0, 3;
    %pushi/vec4 0, 0, 1;
    %store/vec4 v000001c866a6e6c0_0, 0, 1;
    %jmp T_5.6;
T_5.5 ;
    %pushi/vec4 1, 0, 3;
    %store/vec4 v000001c866a6de00_0, 0, 3;
    %pushi/vec4 1, 0, 1;
    %store/vec4 v000001c866a6e6c0_0, 0, 1;
T_5.6 ;
    %jmp T_5.2;
T_5.2 ;
    %pop/vec4 1;
    %jmp T_5;
    .thread T_5, $push;
    .scope S_000001c866a6d330;
T_6 ;
    %wait E_000001c866a6c770;
    %load/vec4 v000001c866a6e120_0;
    %dup/vec4;
    %pushi/vec4 0, 0, 3;
    %cmp/u;
    %jmp/1 T_6.0, 6;
    %dup/vec4;
    %pushi/vec4 1, 0, 3;
    %cmp/u;
    %jmp/1 T_6.1, 6;
    %jmp T_6.2;
T_6.0 ;
    %pushi/vec4 0, 0, 1;
    %store/vec4 v000001c866a6dae0_0, 0, 1;
    %pushi/vec4 31, 31, 6;
    %store/vec4 v000001c866a6dfe0_0, 0, 6;
    %jmp T_6.2;
T_6.1 ;
    %pushi/vec4 1, 0, 1;
    %store/vec4 v000001c866a6dae0_0, 0, 1;
    %load/vec4 v000001c866a6e620_0;
    %parti/s 3, 7, 4;
    %load/vec4 v000001c866a6d9a0_0;
    %concat/vec4; draw_concat_vec4
    %pad/u 6;
    %store/vec4 v000001c866a6dfe0_0, 0, 6;
    %pushi/vec4 1, 0, 1;
    %store/vec4 v000001c866a6e6c0_0, 0, 1;
    %jmp T_6.2;
T_6.2 ;
    %pop/vec4 1;
    %jmp T_6;
    .thread T_6, $push;
    .scope S_000001c866a6d330;
T_7 ;
    %wait E_000001c866a6c230;
    %load/vec4 v000001c866a6e080_0;
    %flag_set/vec4 8;
    %jmp/0xz  T_7.0, 8;
    %pushi/vec4 0, 0, 3;
    %store/vec4 v000001c866a6e120_0, 0, 3;
    %jmp T_7.1;
T_7.0 ;
    %load/vec4 v000001c866a6de00_0;
    %store/vec4 v000001c866a6e120_0, 0, 3;
T_7.1 ;
    %jmp T_7;
    .thread T_7;
    .scope S_000001c866a6d330;
T_8 ;
    %wait E_000001c866a6d170;
    %load/vec4 v000001c866a6e080_0;
    %flag_set/vec4 8;
    %jmp/0xz  T_8.0, 8;
    %fork t_1, S_000001c866a42ce0;
    %jmp t_0;
    .scope S_000001c866a42ce0;
t_1 ;
    %pushi/vec4 0, 0, 32;
    %store/vec4 v000001c866a6dea0_0, 0, 32;
T_8.2 ;
    %load/vec4 v000001c866a6dea0_0;
    %cmpi/s 8, 0, 32;
    %jmp/0xz T_8.3, 5;
    %pushi/vec4 0, 0, 132;
    %ix/getv/s 4, v000001c866a6dea0_0;
    %store/vec4a v000001c866a6d860, 4, 0;
    %load/vec4 v000001c866a6dea0_0;
    %addi 1, 0, 32;
    %store/vec4 v000001c866a6dea0_0, 0, 32;
    %jmp T_8.2;
T_8.3 ;
    %end;
    .scope S_000001c866a6d330;
t_0 %join;
    %pushi/vec4 0, 0, 1;
    %store/vec4 v000001c866a6e6c0_0, 0, 1;
T_8.0 ;
    %jmp T_8;
    .thread T_8;
# The file index is used to find the file name in the following table.
:file_names 3;
    "N/A";
    "<interactive>";
    "icache.v";
